Log file open, 11/06/16 15:23:13
LogInit:Display: Running engine for game: OnlineProject
LogPlatformFile: Not using cached read wrapper
LogInit:Display: RandInit(-1407340171) SRandInit(-1407340170).
LogTaskGraph: Started task graph with 4 named threads and 5 total threads with 1 sets of task threads.
LogStats: Stats thread started at 0.123270
LogInit: Version: 4.12.5-3039270+++UE4+Release-4.12
LogInit: API Version: 2992821
LogInit: Net Version: 3039270
LogDevObjectVersion: Number of dev versions registered: 13
LogDevObjectVersion:   Dev-Blueprints (B0D832E4-1F89-4F0D-ACCF-7EB736FD4AA2): 3
LogDevObjectVersion:   Dev-Build (E1C64328-A22C-4D53-A36C-8E866417BD8C): 0
LogDevObjectVersion:   Dev-Core (375EC13C-06E4-48FB-B500-84F0262A717E): 1
LogDevObjectVersion:   Dev-Editor (E4B068ED-F494-42E9-A231-DA0B2E46BB41): 2
LogDevObjectVersion:   Dev-Framework (CFFC743F-43B0-4480-9391-14DF171D2073): 6
LogDevObjectVersion:   Dev-Mobile (B02B49B5-BB20-44E9-A304-32B752E40360): 0
LogDevObjectVersion:   Dev-Networking (A4E4105C-59A1-49B5-A7C5-40C4547EDFEE): 0
LogDevObjectVersion:   Dev-Online (39C831C9-5AE6-47DC-9A44-9C173E1C8E7C): 0
LogDevObjectVersion:   Dev-Physics (78F01B33-EBEA-4F98-B9B4-84EACCB95AA2): 0
LogDevObjectVersion:   Dev-Platform (6631380F-2D4D-43E0-8009-CF276956A95A): 0
LogDevObjectVersion:   Dev-Rendering (12F88B9F-8875-4AFC-A67C-D90C383ABD29): 2
LogDevObjectVersion:   Dev-Sequencer (7B5AE74C-D270-4C10-A958-57980B212A5A): 0
LogDevObjectVersion:   Dev-VR (D7296918-1DD6-4BDD-9DE2-64A83CC13884): 0
LogInit: Compiled (64-bit): Jul  6 2016 09:09:46
LogInit: Compiled with Visual C++: 19.00.23026.00
LogInit: Build Configuration: Development
LogInit: Branch Name: ++UE4+Release-4.12
LogInit: Command line:  /Temp/Autosaves/Game/Maps/UEDPCMainMenu -game -PIEVIACONSOLE -WinX=0 -WinY=0 -ResX=1280 -ResY=720  -Multiprocess -windowed -messaging -SessionName="Play in Standalone Game" 
LogInit: Base directory: C:/Program Files (x86)/Epic Games/4.12/Engine/Binaries/Win64/
LogInit: Installed Engine Build: 1
LogInit: Using libcurl 7.41.0
LogInit:  - built for x86_64-pc-win32
LogInit:  - supports SSL with WinSSL
LogInit:  - other features:
LogInit:      CURL_VERSION_SSL
LogInit:      CURL_VERSION_IPV6
LogInit:      CURL_VERSION_ASYNCHDNS
LogInit:      CURL_VERSION_LARGEFILE
LogInit:      CURL_VERSION_IDN
LogInit:  CurlRequestOptions (configurable via config and command line):
LogInit:  - bVerifyPeer = true  - Libcurl will verify peer certificate
LogInit:  - bUseHttpProxy = false  - Libcurl will NOT use HTTP proxy
LogInit:  - bDontReuseConnections = false  - Libcurl will reuse connections
LogInit:  - CertBundlePath = nullptr  - Libcurl will use whatever was configured at build time.
LogInit: WinSock: version 1.1 (2.2), MaxSocks=32767, MaxUdp=65467
LogVoice:Warning: Failed to initialize voice interface
LogInit: Presizing for max 8388607 objects, including 0 objects not considered by GC, pre-allocating 0 bytes for permanent pool.
LogInit: Object subsystem initialized
[2016.11.06-21.23.14:178][  0]LogInit: Selected Device Profile: [Windows]
[2016.11.06-21.23.14:178][  0]LogInit: Applying CVar settings loaded from the selected device profile: [Windows]
[2016.11.06-21.23.14:213][  0]LogInit: Computer: METAL_REAR
[2016.11.06-21.23.14:213][  0]LogInit: User: Kevin
[2016.11.06-21.23.14:213][  0]LogInit: CPU Page size=65536, Cores=2
[2016.11.06-21.23.14:213][  0]LogInit: High frequency timer resolution =2.143473 MHz
[2016.11.06-21.23.14:214][  0]LogMemory: Memory total: Physical=7.9GB (8GB approx)
[2016.11.06-21.23.14:214][  0]LogMemory: Platform Memory Stats for Windows
[2016.11.06-21.23.14:214][  0]LogMemory: Process Physical Memory: 190.83 MB used, 190.83 MB peak
[2016.11.06-21.23.14:214][  0]LogMemory: Process Virtual Memory: 195.21 MB used, 195.21 MB peak
[2016.11.06-21.23.14:214][  0]LogMemory: Physical Memory: 5140.83 MB used, 8105.84 MB total
[2016.11.06-21.23.14:214][  0]LogMemory: Virtual Memory: 554.43 MB used, 134217728.00 MB total
[2016.11.06-21.23.15:404][  0]LogD3D11RHI: D3D11 adapters:
[2016.11.06-21.23.15:437][  0]LogD3D11RHI:    0. 'Intel(R) HD Graphics 5500' (Feature Level 11_0)
[2016.11.06-21.23.15:437][  0]LogD3D11RHI:       128/0/4052 MB DedicatedVideo/DedicatedSystem/SharedSystem, Outputs:1, VendorId:0x8086
[2016.11.06-21.23.15:455][  0]LogD3D11RHI:    1. 'AMD Radeon R9 M275' (Feature Level 11_0)
[2016.11.06-21.23.15:455][  0]LogD3D11RHI:       2026/0/4052 MB DedicatedVideo/DedicatedSystem/SharedSystem, Outputs:0, VendorId:0x1002
[2016.11.06-21.23.15:457][  0]LogD3D11RHI:    2. 'Microsoft Basic Render Driver' (Feature Level 11_0)
[2016.11.06-21.23.15:457][  0]LogD3D11RHI:       0/0/4052 MB DedicatedVideo/DedicatedSystem/SharedSystem, Outputs:0, VendorId:0x1414
[2016.11.06-21.23.15:457][  0]LogD3D11RHI: Chosen D3D11 Adapter: 1
[2016.11.06-21.23.15:465][  0]LogD3D11RHI: Creating new Direct3DDevice
[2016.11.06-21.23.15:466][  0]LogD3D11RHI:     GPU DeviceId: 0x6820 (for the marketing name, search the web for "GPU Device Id")
[2016.11.06-21.23.15:466][  0]LogWindows: EnumDisplayDevices:
[2016.11.06-21.23.15:466][  0]LogWindows:    0. 'Intel(R) HD Graphics 5500' (P:1 D:1)
[2016.11.06-21.23.15:466][  0]LogWindows:    1. 'Intel(R) HD Graphics 5500' (P:0 D:0)
[2016.11.06-21.23.15:467][  0]LogWindows:    2. 'Intel(R) HD Graphics 5500' (P:0 D:0)
[2016.11.06-21.23.15:467][  0]LogWindows: DebugString: PrimaryIsNotTheChoosenAdapter PrimaryIsNotTheChoosenAdapter PrimaryIsNotTheChoosenAdapter FoundDriverCount:0 
[2016.11.06-21.23.15:467][  0]LogD3D11RHI:     Adapter Name: AMD Radeon R9 M275
[2016.11.06-21.23.15:467][  0]LogD3D11RHI:   Driver Version: Unknown (internal:Unknown, unified:Unknown)
[2016.11.06-21.23.15:467][  0]LogD3D11RHI:      Driver Date: Unknown
[2016.11.06-21.23.15:467][  0]LogRHI: Texture pool is 1361 MB (70% of 1945 MB)
[2016.11.06-21.23.15:479][  0]LogD3D11RHI: Async texture creation disabled: no driver support
[2016.11.06-21.23.15:497][  0]LogD3D11RHI: GPU Timing Frequency: 27.000000 (Debug: 2 1)
[2016.11.06-21.23.15:498][  0]LogShaderCompilers: Guid format shader working directory is -22 characters bigger than the processId version (../../../../../../Users/Kevin/Desktop/Online_V3/OnlineProject_Kevin/Intermediate/Shaders/WorkingDirectory/17672/).
[2016.11.06-21.23.15:498][  0]LogShaderCompilers: Cleaned the shader compiler working directory 'C:/Users/Kevin/AppData/Local/Temp/UnrealShaderWorkingDir/A521E50541510E8A053B56A184C2C108/'.
[2016.11.06-21.23.15:498][  0]LogShaderCompilers:Display: Using Local Shader Compiler.
[2016.11.06-21.23.19:955][  0]LogTemp:Display: Loaded TP WindowsClientTargetPlatform
[2016.11.06-21.23.19:982][  0]LogTemp:Display: Loaded TP WindowsNoEditorTargetPlatform
[2016.11.06-21.23.20:007][  0]LogTemp:Display: Loaded TP WindowsServerTargetPlatform
[2016.11.06-21.23.20:032][  0]LogTemp:Display: Loaded TP WindowsTargetPlatform
[2016.11.06-21.23.20:032][  0]LogTargetPlatformManager:Display: Building Assets For Windows
[2016.11.06-21.23.20:319][  0]LogDerivedDataCache:Display: Max Cache Size: 512 MB
[2016.11.06-21.23.21:117][  0]LogDerivedDataCache: Loaded boot cache 0.80s 48MB C:/Users/Kevin/AppData/Local/UnrealEngine/4.12/DerivedDataCache/Boot.ddc.
[2016.11.06-21.23.21:118][  0]LogDerivedDataCache:Display: Loaded Boot cache: C:/Users/Kevin/AppData/Local/UnrealEngine/4.12/DerivedDataCache/Boot.ddc
[2016.11.06-21.23.21:118][  0]LogDerivedDataCache: FDerivedDataBackendGraph:  Pak pak cache file ../../../../../../Users/Kevin/Desktop/Online_V3/OnlineProject_Kevin/DerivedDataCache/DDC.ddp not found, will not use a pak cache.
[2016.11.06-21.23.21:118][  0]LogDerivedDataCache: Unable to find inner node Pak for hierarchical cache Hierarchy.
[2016.11.06-21.23.21:118][  0]LogDerivedDataCache: FDerivedDataBackendGraph:  CompressedPak pak cache file ../../../../../../Users/Kevin/Desktop/Online_V3/OnlineProject_Kevin/DerivedDataCache/Compressed.ddp not found, will not use a pak cache.
[2016.11.06-21.23.21:118][  0]LogDerivedDataCache: Unable to find inner node CompressedPak for hierarchical cache Hierarchy.
[2016.11.06-21.23.21:159][  0]LogDerivedDataCache:Display: Pak cache opened for reading ../../../Engine/DerivedDataCache/Compressed.ddp.
[2016.11.06-21.23.21:176][  0]LogDerivedDataCache: Using Local data cache path C:/Users/Kevin/AppData/Local/UnrealEngine/Common/DerivedDataCache: Writable
[2016.11.06-21.23.25:975][  0]LogAssetRegistry: FAssetRegistry took 0.0001 seconds to start up
[2016.11.06-21.23.25:982][  0]LogPackageLocalizationCache: Processed 3 localized package path(s) for 1 prioritized culture(s) in 0.006952 seconds
[2016.11.06-21.23.25:994][  0]LogInit: Selected Device Profile: [Windows]
[2016.11.06-21.23.25:995][  0]LogContentStreaming: Texture pool size is 1000.00 MB
[2016.11.06-21.23.26:383][  0]LogMeshUtilities: No automatic mesh reduction module available
[2016.11.06-21.23.26:383][  0]LogMeshUtilities: No automatic mesh merging module available
[2016.11.06-21.23.26:383][  0]LogMeshUtilities: No distributed automatic mesh merging module available
[2016.11.06-21.23.27:733][  0]LogSlate: SlateFontCache - WITH_FREETYPE: 1, WITH_HARFBUZZ: 1
[2016.11.06-21.23.27:733][  0]LogSlate: SlateFontCache - WITH_FREETYPE: 1, WITH_HARFBUZZ: 1
[2016.11.06-21.23.28:682][  0]LogMoviePlayer: Initializing movie player
[2016.11.06-21.23.28:990][  0]LogWindowsMoviePlayer: Unable to load movie: ../../../../../../Users/Kevin/Desktop/Online_V3/OnlineProject_Kevin/Content/Movies/Default_Startup.mp4
[2016.11.06-21.23.29:133][  0]LogUdpMessaging: Initializing bridge on interface 0.0.0.0:0 to multicast group 230.0.0.1:6666.
[2016.11.06-21.23.29:224][  0]SourceControl: Info Source control is disabled
[2016.11.06-21.23.29:224][  0]SourceControl: Info Source control is disabled
[2016.11.06-21.23.29:242][  0]SourceControl: Info Source control is disabled
[2016.11.06-21.23.29:511][  0]LogUObjectArray: 30985 objects as part of root set at end of initial load.
[2016.11.06-21.23.29:511][  0]LogUObjectAllocator: 6717240 out of 0 bytes used by permanent object pool.
[2016.11.06-21.23.29:511][  0]LogUObjectArray: CloseDisregardForGC: 0/0 objects in disregard for GC pool
[2016.11.06-21.23.29:747][  0]LogEngine: Initializing Engine...
[2016.11.06-21.23.29:816][  0]LogHMD: SteamVR failed to initialize.  Err: 110
[2016.11.06-21.23.29:817][  0]LogHMD: SteamVR failed to initialize.  Err: 110
[2016.11.06-21.23.30:041][  0]LogInit: XAudio2 using 'Altavoces (Realtek High Definition Audio)' : 2 channels at 48 kHz using 32 bits per sample (channel mask 0x3)
[2016.11.06-21.23.30:063][  0]LogInit: FAudioDevice initialized.
[2016.11.06-21.23.30:074][  0]LogInit: Texture streaming: Enabled
[2016.11.06-21.23.31:059][  0]LogNet: Browse: /Temp/Autosaves/Game/Maps/UEDPCMainMenu?Name=Player
[2016.11.06-21.23.31:084][  0]LogLoad: LoadMap: /Temp/Autosaves/Game/Maps/UEDPCMainMenu?Name=Player
[2016.11.06-21.23.31:524][  0]LogMemory: Platform Memory Stats for Windows
[2016.11.06-21.23.31:524][  0]LogMemory: Process Physical Memory: 537.23 MB used, 545.54 MB peak
[2016.11.06-21.23.31:524][  0]LogMemory: Process Virtual Memory: 620.49 MB used, 620.50 MB peak
[2016.11.06-21.23.31:524][  0]LogMemory: Physical Memory: 5368.70 MB used, 8105.84 MB total
[2016.11.06-21.23.31:524][  0]LogMemory: Virtual Memory: 1221.98 MB used, 134217728.00 MB total
[2016.11.06-21.23.31:524][  0]LogMemory: 
[2016.11.06-21.23.31:524][  0]Allocator Stats for TBB: (not implemented)
[2016.11.06-21.23.31:594][  0]LogAIModule: Creating AISystem for world MainMenu
[2016.11.06-21.23.31:843][  0]LogWorld: Game class is 'ThirdPersonGameMode_C'
[2016.11.06-21.23.31:902][  0]LogWorld: Bringing World /Temp/Autosaves/Game/Maps/UEDPCMainMenu.MainMenu up for play (max tick rate 0) at 2016.11.06-15.23.31
[2016.11.06-21.23.31:935][  0]LogWorld: Bringing up level for play took: 0.066572
[2016.11.06-21.23.32:849][  0]LogLoad: Took 1.764829 seconds to LoadMap(/Temp/Autosaves/Game/Maps/UEDPCMainMenu)
[2016.11.06-21.23.32:867][  0]LogInit:Display: Game Engine Initialized.
[2016.11.06-21.23.33:134][  0]LogLoad: Full Startup: 21.81 seconds (BP compile: 0.34 seconds)
[2016.11.06-21.23.33:134][  0]LogExternalProfiler: Found external profiler: VSPerf
[2016.11.06-21.23.33:134][  0]LogExternalProfiler: Using external profiler: VSPerf
[2016.11.06-21.23.33:151][  0]LogWindowsTextInputMethodSystem:Display: IME system now deactivated.
[2016.11.06-21.23.33:151][  0]LogOcInput: OculusInput pre-init called
[2016.11.06-21.23.33:625][  2]LogRenderer: Reallocating scene render targets to support 1068x600 (Frame:2).
[2016.11.06-21.23.44:184][602]LogInit: WinSock: I am Metal_Rear (192.168.1.77:0)
[2016.11.06-21.23.44:635][602]LogPackageName: SearchForPackageOnDisk took   0.229s to resolve Lobby.umap.
[2016.11.06-21.23.44:756][602]LogPackageName: SearchForPackageOnDisk took   0.119s to resolve Lobby.umap.
[2016.11.06-21.23.44:756][602]LogNet: Browse: /Game/Maps/Lobby?listen
[2016.11.06-21.23.44:756][602]LogLoad: LoadMap: /Game/Maps/Lobby?listen
[2016.11.06-21.23.45:165][602]LogMemory: Platform Memory Stats for Windows
[2016.11.06-21.23.45:165][602]LogMemory: Process Physical Memory: 620.20 MB used, 629.35 MB peak
[2016.11.06-21.23.45:165][602]LogMemory: Process Virtual Memory: 774.84 MB used, 787.85 MB peak
[2016.11.06-21.23.45:165][602]LogMemory: Physical Memory: 5436.73 MB used, 8105.84 MB total
[2016.11.06-21.23.45:165][602]LogMemory: Virtual Memory: 1396.69 MB used, 134217728.00 MB total
[2016.11.06-21.23.45:165][602]LogMemory: 
[2016.11.06-21.23.45:165][602]Allocator Stats for TBB: (not implemented)
[2016.11.06-21.23.46:891][602]LogAIModule: Creating AISystem for world Lobby
[2016.11.06-21.23.46:918][602]LogWorld: Game class is 'LobbyGM_C'
[2016.11.06-21.23.46:983][602]LogInit: WinSock: Socket queue 131072 / 131072
[2016.11.06-21.23.47:008][602]PacketHandlerLog: Loaded PacketHandler component: Engine.EngineHandlerComponentFactory (StatelessConnectHandlerComponent)
[2016.11.06-21.23.47:019][602]LogNet: GameNetDriver IpNetDriver_0 IpNetDriver listening on port 7777
[2016.11.06-21.23.47:396][602]LogWorld: Bringing World /Game/Maps/Lobby.Lobby up for play (max tick rate 0) at 2016.11.06-15.23.47
[2016.11.06-21.23.47:451][602]LogWorld: Bringing up level for play took: 0.431564
[2016.11.06-21.23.47:699][602]LogScriptCore:Warning: Attempted to get an item from array AvailableCharacters out of bounds [6/5]!

[2016.11.06-21.23.47:699][602]LogOnline:Warning: NULL: Can't start an online session (Game) in state InProgress
[2016.11.06-21.23.47:699][602]LogLoad: Took 2.943258 seconds to LoadMap(/Game/Maps/Lobby)
[2016.11.06-21.23.50:635][751]LogScriptCore:Warning: Attempted to get an item from array AvailableCharacters out of bounds [6/5]!

[2016.11.06-21.23.51:567][803]LogGameMode: ProcessServerTravel: /Game/Maps/Arena01
[2016.11.06-21.23.51:587][803]LogWorld: SeamlessTravel to: /Game/Maps/Arena01
[2016.11.06-21.23.51:912][805]LogAIModule: Creating AISystem for world Travelmap
[2016.11.06-21.23.51:936][805]LogStats:     SeamlessTravel FlushLevelStreaming  -  0.023 s
[2016.11.06-21.23.51:937][805]LogWorld: Bringing World /Game/Maps/Travelmap.Travelmap up for play (max tick rate 0) at 2016.11.06-15.23.51
[2016.11.06-21.23.51:937][805]LogWorld: Bringing up level for play took: 0.000767
[2016.11.06-21.23.51:937][805]LogWorld: Sending NotifyLoadedWorld for LP: LocalPlayer_0 PC: LobbyPC_C_0
[2016.11.06-21.23.51:937][805]LogNet:Verbose: NotifyLoadedWorld Begin
[2016.11.06-21.23.51:937][805]LogNet:VeryVerbose: GetFunctionCallspace Server calling Server function: ServerNotifyLoadedWorld Local
[2016.11.06-21.23.51:937][805]LogNet:Verbose: NotifyLoadedWorld End
[2016.11.06-21.23.51:937][805]LogWorld: StartLoadingDestination to: /Game/Maps/Arena01
[2016.11.06-21.23.53:598][832]LogAIModule: Creating AISystem for world Arena01
[2016.11.06-21.23.53:598][832]LogWorld: Game class is 'GameplayGM_C'
[2016.11.06-21.23.53:600][832]LogStats:     SeamlessTravel FlushLevelStreaming  -  0.001 s
[2016.11.06-21.23.53:688][832]LogWorld: Bringing World /Game/Maps/Arena01.Arena01 up for play (max tick rate 0) at 2016.11.06-15.23.53
[2016.11.06-21.23.53:689][832]LogWorld: Bringing up level for play took: 0.088369
[2016.11.06-21.23.53:689]