Log file open, 11/06/16 13:48:14
LogInit:Display: Running engine for game: OnlineProject
LogPlatformFile: Not using cached read wrapper
LogInit:Display: RandInit(-813433086) SRandInit(-813433085).
LogTaskGraph: Started task graph with 4 named threads and 5 total threads with 1 sets of task threads.
LogStats: Stats thread started at 0.193524
LogInit: Version: 4.12.5-3039270+++UE4+Release-4.12
LogInit: API Version: 2992821
LogInit: Net Version: 3039270
LogDevObjectVersion: Number of dev versions registered: 13
LogDevObjectVersion:   Dev-Blueprints (B0D832E4-1F89-4F0D-ACCF-7EB736FD4AA2): 3
LogDevObjectVersion:   Dev-Build (E1C64328-A22C-4D53-A36C-8E866417BD8C): 0
LogDevObjectVersion:   Dev-Core (375EC13C-06E4-48FB-B500-84F0262A717E): 1
LogDevObjectVersion:   Dev-Editor (E4B068ED-F494-42E9-A231-DA0B2E46BB41): 2
LogDevObjectVersion:   Dev-Framework (CFFC743F-43B0-4480-9391-14DF171D2073): 6
LogDevObjectVersion:   Dev-Mobile (B02B49B5-BB20-44E9-A304-32B752E40360): 0
LogDevObjectVersion:   Dev-Networking (A4E4105C-59A1-49B5-A7C5-40C4547EDFEE): 0
LogDevObjectVersion:   Dev-Online (39C831C9-5AE6-47DC-9A44-9C173E1C8E7C): 0
LogDevObjectVersion:   Dev-Physics (78F01B33-EBEA-4F98-B9B4-84EACCB95AA2): 0
LogDevObjectVersion:   Dev-Platform (6631380F-2D4D-43E0-8009-CF276956A95A): 0
LogDevObjectVersion:   Dev-Rendering (12F88B9F-8875-4AFC-A67C-D90C383ABD29): 2
LogDevObjectVersion:   Dev-Sequencer (7B5AE74C-D270-4C10-A958-57980B212A5A): 0
LogDevObjectVersion:   Dev-VR (D7296918-1DD6-4BDD-9DE2-64A83CC13884): 0
LogInit: Compiled (64-bit): Jul  6 2016 09:09:46
LogInit: Compiled with Visual C++: 19.00.23026.00
LogInit: Build Configuration: Development
LogInit: Branch Name: ++UE4+Release-4.12
LogInit: Command line:  
LogInit: Base directory: C:/Program Files (x86)/Epic Games/4.12/Engine/Binaries/Win64/
LogInit: Installed Engine Build: 1
LogInit: Using libcurl 7.41.0
LogInit:  - built for x86_64-pc-win32
LogInit:  - supports SSL with WinSSL
LogInit:  - other features:
LogInit:      CURL_VERSION_SSL
LogInit:      CURL_VERSION_IPV6
LogInit:      CURL_VERSION_ASYNCHDNS
LogInit:      CURL_VERSION_LARGEFILE
LogInit:      CURL_VERSION_IDN
LogInit:  CurlRequestOptions (configurable via config and command line):
LogInit:  - bVerifyPeer = true  - Libcurl will verify peer certificate
LogInit:  - bUseHttpProxy = false  - Libcurl will NOT use HTTP proxy
LogInit:  - bDontReuseConnections = false  - Libcurl will reuse connections
LogInit:  - CertBundlePath = nullptr  - Libcurl will use whatever was configured at build time.
LogInit: WinSock: version 1.1 (2.2), MaxSocks=32767, MaxUdp=65467
LogVoice:Warning: Failed to initialize voice interface
LogInit: Presizing for max 8388607 objects, including 0 objects not considered by GC, pre-allocating 0 bytes for permanent pool.
LogInit: Object subsystem initialized
[2016.11.06-19.48.14:757][  0]LogInit: Selected Device Profile: [Windows]
[2016.11.06-19.48.14:757][  0]LogInit: Applying CVar settings loaded from the selected device profile: [Windows]
[2016.11.06-19.48.14:859][  0]LogInit: Computer: METAL_REAR
[2016.11.06-19.48.14:859][  0]LogInit: User: Kevin
[2016.11.06-19.48.14:859][  0]LogInit: CPU Page size=65536, Cores=2
[2016.11.06-19.48.14:859][  0]LogInit: High frequency timer resolution =2.143473 MHz
[2016.11.06-19.48.14:859][  0]LogMemory: Memory total: Physical=7.9GB (8GB approx)
[2016.11.06-19.48.14:859][  0]LogMemory: Platform Memory Stats for Windows
[2016.11.06-19.48.14:859][  0]LogMemory: Process Physical Memory: 191.56 MB used, 191.56 MB peak
[2016.11.06-19.48.14:859][  0]LogMemory: Process Virtual Memory: 195.27 MB used, 195.27 MB peak
[2016.11.06-19.48.14:859][  0]LogMemory: Physical Memory: 3760.72 MB used, 8105.84 MB total
[2016.11.06-19.48.14:859][  0]LogMemory: Virtual Memory: 554.43 MB used, 134217728.00 MB total
[2016.11.06-19.48.15:977][  0]LogD3D11RHI: D3D11 adapters:
[2016.11.06-19.48.15:983][  0]LogD3D11RHI:    0. 'Intel(R) HD Graphics 5500' (Feature Level 11_0)
[2016.11.06-19.48.15:983][  0]LogD3D11RHI:       128/0/4052 MB DedicatedVideo/DedicatedSystem/SharedSystem, Outputs:1, VendorId:0x8086
[2016.11.06-19.48.16:520][  0]LogD3D11RHI:    1. 'AMD Radeon R9 M275' (Feature Level 11_0)
[2016.11.06-19.48.16:520][  0]LogD3D11RHI:       2026/0/4052 MB DedicatedVideo/DedicatedSystem/SharedSystem, Outputs:0, VendorId:0x1002
[2016.11.06-19.48.16:522][  0]LogD3D11RHI:    2. 'Microsoft Basic Render Driver' (Feature Level 11_0)
[2016.11.06-19.48.16:522][  0]LogD3D11RHI:       0/0/4052 MB DedicatedVideo/DedicatedSystem/SharedSystem, Outputs:0, VendorId:0x1414
[2016.11.06-19.48.16:522][  0]LogD3D11RHI: Chosen D3D11 Adapter: 1
[2016.11.06-19.48.16:528][  0]LogD3D11RHI: Creating new Direct3DDevice
[2016.11.06-19.48.16:528][  0]LogD3D11RHI:     GPU DeviceId: 0x6820 (for the marketing name, search the web for "GPU Device Id")
[2016.11.06-19.48.16:528][  0]LogWindows: EnumDisplayDevices:
[2016.11.06-19.48.16:528][  0]LogWindows:    0. 'Intel(R) HD Graphics 5500' (P:1 D:1)
[2016.11.06-19.48.16:529][  0]LogWindows:    1. 'Intel(R) HD Graphics 5500' (P:0 D:0)
[2016.11.06-19.48.16:529][  0]LogWindows:    2. 'Intel(R) HD Graphics 5500' (P:0 D:0)
[2016.11.06-19.48.16:529][  0]LogWindows: DebugString: PrimaryIsNotTheChoosenAdapter PrimaryIsNotTheChoosenAdapter PrimaryIsNotTheChoosenAdapter FoundDriverCount:0 
[2016.11.06-19.48.16:529][  0]LogD3D11RHI:     Adapter Name: AMD Radeon R9 M275
[2016.11.06-19.48.16:529][  0]LogD3D11RHI:   Driver Version: Unknown (internal:Unknown, unified:Unknown)
[2016.11.06-19.48.16:529][  0]LogD3D11RHI:      Driver Date: Unknown
[2016.11.06-19.48.16:529][  0]LogRHI: Texture pool is 1361 MB (70% of 1945 MB)
[2016.11.06-19.48.16:538][  0]LogD3D11RHI: Async texture creation disabled: no driver support
[2016.11.06-19.48.16:553][  0]LogD3D11RHI: GPU Timing Frequency: 27.000000 (Debug: 2 1)
[2016.11.06-19.48.16:554][  0]LogShaderCompilers: Guid format shader working directory is -22 characters bigger than the processId version (../../../../../../Users/Kevin/Desktop/Online_V3/OnlineProject_Kevin/Intermediate/Shaders/WorkingDirectory/22164/).
[2016.11.06-19.48.16:554][  0]LogShaderCompilers: Cleaned the shader compiler working directory 'C:/Users/Kevin/AppData/Local/Temp/UnrealShaderWorkingDir/1B6182DF4019AD1B1162A5894644DC9E/'.
[2016.11.06-19.48.16:581][  0]LogShaderCompilers:Display: Using Local Shader Compiler.
[2016.11.06-19.48.21:631][  0]LogTemp:Display: Loaded TP AllDesktopTargetPlatform
[2016.11.06-19.48.21:643][  0]LogTemp:Display: Loaded TP WindowsClientTargetPlatform
[2016.11.06-19.48.21:655][  0]LogTemp:Display: Loaded TP WindowsNoEditorTargetPlatform
[2016.11.06-19.48.21:667][  0]LogTemp:Display: Loaded TP WindowsServerTargetPlatform
[2016.11.06-19.48.21:679][  0]LogTemp:Display: Loaded TP WindowsTargetPlatform
[2016.11.06-19.48.21:703][  0]LogTemp:Display: Loaded TP AndroidTargetPlatform
[2016.11.06-19.48.21:735][  0]LogTemp:Display: Loaded TP Android_ASTCTargetPlatform
[2016.11.06-19.48.21:745][  0]LogTemp:Display: Loaded TP Android_ATCTargetPlatform
[2016.11.06-19.48.21:754][  0]LogTemp:Display: Loaded TP Android_DXTTargetPlatform
[2016.11.06-19.48.21:764][  0]LogTemp:Display: Loaded TP Android_ETC1TargetPlatform
[2016.11.06-19.48.21:773][  0]LogTemp:Display: Loaded TP Android_ETC2TargetPlatform
[2016.11.06-19.48.21:807][  0]LogTemp:Display: Loaded TP Android_MultiTargetPlatform
[2016.11.06-19.48.21:807][  0]LogTemp:Display: Loaded TP Android_PVRTCTargetPlatform
[2016.11.06-19.48.21:808][  0]LogTemp:Display: Loaded TP HTML5TargetPlatform
[2016.11.06-19.48.21:901][  0]LogTemp:Display: Loaded TP IOSTargetPlatform
[2016.11.06-19.48.21:909][  0]LogTemp:Display: Loaded TP TVOSTargetPlatform
[2016.11.06-19.48.21:922][  0]LogTemp:Display: Loaded TP LinuxNoEditorTargetPlatform
[2016.11.06-19.48.21:942][  0]LogTemp:Display: Loaded TP LinuxServerTargetPlatform
[2016.11.06-19.48.21:974][  0]LogTemp:Display: Loaded TP LinuxTargetPlatform
[2016.11.06-19.48.21:974][  0]LogTargetPlatformManager:Display: Building Assets For Windows
[2016.11.06-19.48.23:133][  0]LogDerivedDataCache:Display: Max Cache Size: 512 MB
[2016.11.06-19.48.23:780][  0]LogDerivedDataCache: Loaded boot cache 0.65s 48MB C:/Users/Kevin/AppData/Local/UnrealEngine/4.12/DerivedDataCache/Boot.ddc.
[2016.11.06-19.48.23:780][  0]LogDerivedDataCache:Display: Loaded Boot cache: C:/Users/Kevin/AppData/Local/UnrealEngine/4.12/DerivedDataCache/Boot.ddc
[2016.11.06-19.48.23:780][  0]LogDerivedDataCache: FDerivedDataBackendGraph:  Pak pak cache file ../../../../../../Users/Kevin/Desktop/Online_V3/OnlineProject_Kevin/DerivedDataCache/DDC.ddp not found, will not use a pak cache.
[2016.11.06-19.48.23:780][  0]LogDerivedDataCache: Unable to find inner node Pak for hierarchical cache Hierarchy.
[2016.11.06-19.48.23:780][  0]LogDerivedDataCache: FDerivedDataBackendGraph:  CompressedPak pak cache file ../../../../../../Users/Kevin/Desktop/Online_V3/OnlineProject_Kevin/DerivedDataCache/Compressed.ddp not found, will not use a pak cache.
[2016.11.06-19.48.23:780][  0]LogDerivedDataCache: Unable to find inner node CompressedPak for hierarchical cache Hierarchy.
[2016.11.06-19.48.23:862][  0]LogDerivedDataCache:Display: Pak cache opened for reading ../../../Engine/DerivedDataCache/Compressed.ddp.
[2016.11.06-19.48.23:875][  0]LogDerivedDataCache: Using Local data cache path C:/Users/Kevin/AppData/Local/UnrealEngine/Common/DerivedDataCache: Writable
[2016.11.06-19.48.35:886][  0]LogInit: Selected Device Profile: [Windows]
[2016.11.06-19.48.35:966][  0]LogContentStreaming: Texture pool size is 0.00 MB
[2016.11.06-19.48.39:059][  0]LogMeshUtilities: No automatic mesh reduction module available
[2016.11.06-19.48.39:059][  0]LogMeshUtilities: No automatic mesh merging module available
[2016.11.06-19.48.39:059][  0]LogMeshUtilities: No distributed automatic mesh merging module available
[2016.11.06-19.48.43:844][  0]LogAssetRegistry: FAssetRegistry took 0.0263 seconds to start up
[2016.11.06-19.48.44:053][  0]LogPackageLocalizationCache: Processed 3 localized package path(s) for 1 prioritized culture(s) in 0.094897 seconds
[2016.11.06-19.48.44:147][  0]LogUObjectArray: 28739 objects as part of root set at end of initial load.
[2016.11.06-19.48.44:147][  0]LogUObjectAllocator: 5855632 out of 0 bytes used by permanent object pool.
[2016.11.06-19.48.44:147][  0]LogUObjectArray: CloseDisregardForGC: 0/0 objects in disregard for GC pool
[2016.11.06-19.48.50:033][  0]LogSlate: SlateFontCache - WITH_FREETYPE: 1, WITH_HARFBUZZ: 1
[2016.11.06-19.48.50:045][  0]LogSlate: SlateFontCache - WITH_FREETYPE: 1, WITH_HARFBUZZ: 1
[2016.11.06-19.48.59:624][  0]LogUdpMessaging: Initializing bridge on interface 0.0.0.0:0 to multicast group 230.0.0.1:6666.
[2016.11.06-19.49.01:445][  0]SourceControl: Info Source control is disabled
[2016.11.06-19.49.01:823][  0]SourceControl: Info Source control is disabled
[2016.11.06-19.49.01:979][  0]SourceControl: Info Source control is disabled
[2016.11.06-19.49.02:008][  0]SourceControl: Info Source control is disabled
[2016.11.06-19.49.03:515][  0]LogEngine: Initializing Engine...
[2016.11.06-19.49.03:642][  0]LogHMD: SteamVR failed to initialize.  Err: 110
[2016.11.06-19.49.03:643][  0]LogHMD: SteamVR failed to initialize.  Err: 110
[2016.11.06-19.49.04:919][  0]LogAIModule: Creating AISystem for world NewWorld
[2016.11.06-19.49.05:164][  0]LogInit: XAudio2 using 'Altavoces (Realtek High Definition Audio)' : 2 channels at 48 kHz using 32 bits per sample (channel mask 0x3)
[2016.11.06-19.49.05:210][  0]LogInit: FAudioDevice initialized.
[2016.11.06-19.49.05:249][  0]LogDerivedDataCache: Saved boot cache 0.04s 48MB C:/Users/Kevin/AppData/Local/UnrealEngine/4.12/DerivedDataCache/Boot.ddc.
[2016.11.06-19.49.05:262][  0]LogInit: Texture streaming: Enabled
[2016.11.06-19.49.05:446][  0]LogWindowsTextInputMethodSystem:Display: IME system now deactivated.
[2016.11.06-19.49.05:798][  0]LogInit: Transaction tracking system initialized
[2016.11.06-19.49.10:518][  0]BlueprintLog: New page: Editor Load
[2016.11.06-19.49.12:206][  0]LocalizationService: Info Localization service is disabled
[2016.11.06-19.49.13:463][  0]LogConsoleResponse:Display: 
[2016.11.06-19.49.16:782][  0]LogFileCache: Scanning file cache for directory 'C:/Users/Kevin/Desktop/Online_V3/OnlineProject_Kevin/Content/' took 0.02s
[2016.11.06-19.49.16:782][  0]LogCook:Display: Max memory allowance for cook 8192mb
[2016.11.06-19.49.16:782][  0]LogCook:Display: Mobile HDR setting 1
[2016.11.06-19.49.18:596][  0]SourceControl: Info Source control is disabled
[2016.11.06-19.49.18:662][  0]Cmd: MAP LOAD FILE="../../../../../../Users/Kevin/Desktop/Online_V3/OnlineProject_Kevin/Content/Maps/MainMenu.umap" TEMPLATE=0 SHOWPROGRESS=1 FEATURELEVEL=3
[2016.11.06-19.49.18:713][  0]LightingResults: New page: Lighting Build
[2016.11.06-19.49.18:969][  0]MapCheck: New page: Map Check
[2016.11.06-19.49.18:969][  0]LightingResults: New page: Lighting Build
[2016.11.06-19.49.21:487][  0]LogAIModule: Creating AISystem for world MainMenu
[2016.11.06-19.49.21:625][  0]LogEditorServer: Finished looking for orphan Actors (0.000 secs)
[2016.11.06-19.49.21:659][  0]Cmd: MAP CHECKDEP NOCLEARLOG
[2016.11.06-19.49.21:721][  0]MapCheck: Info Map check complete: 0 Error(s), 0 Warning(s), took 62.304ms to complete.
[2016.11.06-19.49.21:722][  0]LogFileHelpers: Loading map 'MainMenu' took 3.091
[2016.11.06-19.49.23:429][  0]LogCollectionManager: Loaded 1 collections in 0.016540 seconds
[2016.11.06-19.49.23:600][  0]LogFileCache: Scanning file cache for directory 'C:/Users/Kevin/Desktop/Online_V3/OnlineProject_Kevin/Saved/Collections/' took 0.01s
[2016.11.06-19.49.23:600][  0]LogFileCache: Scanning file cache for directory 'C:/Users/Kevin/Desktop/Online_V3/OnlineProject_Kevin/Content/Developers/Kevin/Collections/' took 0.01s
[2016.11.06-19.49.23:600][  0]LogFileCache: Scanning file cache for directory 'C:/Users/Kevin/Desktop/Online_V3/OnlineProject_Kevin/Content/Collections/' took 0.01s
[2016.11.06-19.49.23:600][  0]LogCollectionManager: Rebuilt the GUID cache for 1 collections in 0.000007 seconds
[2016.11.06-19.49.23:600][  0]LogCollectionManager: Rebuilt the hierarchy cache for 1 collections in 0.000000 seconds
[2016.11.06-19.49.23:630][  0]LogContentBrowser: Native class hierarchy populated in 0.0095 seconds. Added 2047 classes and 369 folders.
[2016.11.06-19.49.23:668][  0]LogStats: UGameplayTagsManager::ConstructGameplayTagTree: Construct from data asset -  0.000 s
[2016.11.06-19.49.23:677][  0]LogStats: UGameplayTagsManager::ConstructGameplayTagTree: GameplayTagTreeChangedEvent.Broadcast -  0.008 s
[2016.11.06-19.49.23:678][  0]LogContentBrowser: Native class hierarchy updated for 'GameplayTags' in 0.0006 seconds. Added 12 classes and 0 folders.
[2016.11.06-19.49.23:720][  0]LogContentBrowser: Native class hierarchy updated for 'WidgetCarousel' in 0.0005 seconds. Added 0 classes and 0 folders.
[2016.11.06-19.49.25:542][  0]LogContentBrowser: Native class hierarchy updated for 'AddContentDialog' in 0.0007 seconds. Added 0 classes and 0 folders.
[2016.11.06-19.49.25:731][  0]LogContentBrowser: Native class hierarchy updated for 'SceneOutliner' in 0.0005 seconds. Added 1 classes and 2 folders.
[2016.11.06-19.49.29:462][  0]LogCrashTracker: Crashtracker disabled due to settings.
[2016.11.06-19.49.30:437][  0]LogUObjectGlobals:Warning: Failed to find object 'Class None.'
[2016.11.06-19.49.30:736][  0]LogContentBrowser: Native class hierarchy updated for 'HierarchicalLODOutliner' in 0.0005 seconds. Added 1 classes and 2 folders.
[2016.11.06-19.49.30:736][  0]LogLoad: Full Startup: 80.64 seconds (BP compile: 0.90 seconds)
[2016.11.06-19.49.30:737][  0]LogExternalProfiler: Found external profiler: VSPerf
[2016.11.06-19.49.30:737][  0]LogExternalProfiler: Using external profiler: VSPerf
[2016.11.06-19.49.30:852][  0]LogOcInput: OculusInput pre-init called
[2016.11.06-19.49.31:637][  0]LogContentStreaming: Texture pool size now 400 MB
[2016.11.06-19.49.37:348][  0]LogRenderer: Reallocating scene render targets to support 744x340 (Frame:2).
[2016.11.06-19.49.38:609][  6]LogAssetRegistry: Asset discovery search completed in 54.7868 seconds
[2016.11.06-19.49.38:627][  6]LogCollectionManager: Rebuilt the object cache for 1 collections in 0.017669 seconds (found 0 objects)
[2016.11.06-19.49.38:645][  6]LogCollectionManager: Fixed up redirectors for 1 collections in 0.018267 seconds (updated 0 objects)
[2016.11.06-20.50.18:918][433]LogHttp:Warning: Timeout processing Http request. 00000253DF53BB80
[2016.11.06-21.22.19:877][629]LogContentBrowser: Native class hierarchy updated for 'BlueprintGraph' in 0.0025 seconds. Added 111 classes and 0 folders.
[2016.11.06-21.22.22:406][629]LogScript:Warning: Accessed None trying to read property HUDWB
	GameplayPC_C /Engine/Transient.World_2:PersistentLevel.GameplayPC_C_0
	Function /Game/Blueprints/Gameplay/GameplayPC.GameplayPC_C:ExecuteUbergraph_GameplayPC:009C
[2016.11.06-21.22.22:406][629]LogScript:Warning: Attempted to assign to None
	GameplayPC_C /Engine/Transient.World_2:PersistentLevel.GameplayPC_C_0
	Function /Game/Blueprints/Gameplay/GameplayPC.GameplayPC_C:ExecuteUbergraph_GameplayPC:00B1
[2016.11.06-21.22.23:588][630]LogScript:Warning: Accessed None trying to read property HUDWB
	GameplayPC_C /Engine/Transient.World_2:PersistentLevel.GameplayPC_C_0
	Function /Game/Blueprints/Gameplay/GameplayPC.GameplayPC_C:ExecuteUbergraph_GameplayPC:009C
[2016.11.06-21.22.23:588][630]LogScript:Warning: Attempted to assign to None
	GameplayPC_C /Engine/Transient.World_2:PersistentLevel.GameplayPC_C_0
	Function /Game/Blueprints/Gameplay/GameplayPC.GameplayPC_C:ExecuteUbergraph_GameplayPC:00B1
[2016.11.06-21.22.23:658][631]LogScript:Warning: Accessed None trying to read property HUDWB
	GameplayPC_C /Engine/Transient.World_2:PersistentLevel.GameplayPC_C_0
	Function /Game/Blueprints/Gameplay/GameplayPC.GameplayPC_C:ExecuteUbergraph_GameplayPC:009C
[2016.11.06-21.22.23:658][631]LogScript:Warning: Attempted to assign to None
	GameplayPC_C /Engine/Transient.World_2:PersistentLevel.GameplayPC_C_0
	Function /Game/Blueprints/Gameplay/GameplayPC.GameplayPC_C:ExecuteUbergraph_GameplayPC:00B1
[2016.11.06-21.22.23:810][632]LogScript:Warning: Accessed None trying to read property HUDWB
	GameplayPC_C /Engine/Transient.World_2:PersistentLevel.GameplayPC_C_0
	Function /Game/Blueprints/Gameplay/GameplayPC.GameplayPC_C:ExecuteUbergraph_GameplayPC:009C
[2016.11.06-21.22.23:810][632]LogScript:Warning: Attempted to assign to None
	GameplayPC_C /Engine/Transient.World_2:PersistentLevel.GameplayPC_C_0
	Function /Game/Blueprints/Gameplay/GameplayPC.GameplayPC_C:ExecuteUbergraph_GameplayPC:00B1
[2016.11.06-21.22.23:828][633]LogScript:Warning: Accessed None trying to read property HUDWB
	GameplayPC_C /Engine/Transient.World_2:PersistentLevel.GameplayPC_C_0
	Function /Game/Blueprints/Gameplay/GameplayPC.GameplayPC_C:ExecuteUbergraph_GameplayPC:009C
[2016.11.06-21.22.23:828][633]LogScript:Warning: Attempted to assign to None
	GameplayPC_C /Engine/Transient.World_2:PersistentLevel.GameplayPC_C_0
	Function /Game/Blueprints/Gameplay/GameplayPC.GameplayPC_C:ExecuteUbergraph_GameplayPC:00B1
[2016.11.06-21.22.23:850][634]LogScript:Warning: Accessed None trying to read property HUDWB
	GameplayPC_C /Engine/Transient.World_2:PersistentLevel.GameplayPC_C_0
	Function /Game/Blueprints/Gameplay/GameplayPC.GameplayPC_C:ExecuteUbergraph_GameplayPC:009C
[2016.11.06-21.22.23:850][634]LogScript:Warning: Attempted to assign to None
	GameplayPC_C /Engine/Transient.World_2:PersistentLevel.GameplayPC_C_0
	Function /Game/Blueprints/Gameplay/GameplayPC.GameplayPC_C:ExecuteUbergraph_GameplayPC:00B1
[2016.11.06-21.22.23:869][635]LogScript:Warning: Accessed None trying to read property HUDWB
	GameplayPC_C /Engine/Transient.World_2:PersistentLevel.GameplayPC_C_0
	Function /Game/Blueprints/Gameplay/GameplayPC.GameplayPC_C:ExecuteUbergraph_GameplayPC:009C
[2016.11.06-21.22.23:869][635]LogScript:Warning: Attempted to assign to None
	GameplayPC_C /Engine/Transient.World_2:PersistentLevel.GameplayPC_C_0
	Function /Game/Blueprints/Gameplay/GameplayPC.GameplayPC_C:ExecuteUbergraph_GameplayPC:00B1
[2016.11.06-21.22.23:888][636]LogScript:Warning: Accessed None trying to read property HUDWB
	GameplayPC_C /Engine/Transient.World_2:PersistentLevel.GameplayPC_C_0
	Function /Game/Blueprints/Gameplay/GameplayPC.GameplayPC_C:ExecuteUbergraph_GameplayPC:009C
[2016.11.06-21.22.23:888][636]LogScript:Warning: Attempted to assign to None
	GameplayPC_C /Engine/Transient.World_2:PersistentLevel.GameplayPC_C_0
	Function /Game/Blueprints/Gameplay/GameplayPC.GameplayPC_C:ExecuteUbergraph_GameplayPC:00B1
[2016.11.06-21.22.23:908][637]LogScript:Warning: Accessed None trying to read property HUDWB
	GameplayPC_C /Engine/Transient.World_2:PersistentLevel.GameplayPC_C_0
	Function /Game/Blueprints/Gameplay/GameplayPC.GameplayPC_C:ExecuteUbergraph_GameplayPC:009C
[2016.11.06-21.23.08:469][715]Cmd: OBJ SAVEPACKAGE PACKAGE="/Game/Blueprints/Gameplay/GameplayPC" FILE="../../../../../../Users/Kevin/Desktop/Online_V3/OnlineProject_Kevin/Content/Blueprints/Gameplay/GameplayPC.uasset" SILENT=true
[2016.11.06-21.23.08:952][715]LogSavePackage: Save=412.39ms
[2016.11.06-21.23.08:952][715]LogSavePackage: Moving '../../../../../../Users/Kevin/Desktop/Online_V3/OnlineProject_Kevin/Saved/GameplayPC5EB6B180433E128B6C86579A9335F584.tmp' to '../../../../../../Users/Kevin/Desktop/Online_V3/OnlineProject_Kevin/Content/Blueprints/Gameplay/GameplayPC.uasset'
[2016.11.06-21.23.09:027][715]LogSavePackage:Display: Finished SavePackage ../../../../../../Users/Kevin/Desktop/Online_V3/OnlineProject_Kevin/Content/Blueprints/Gameplay/GameplayPC.uasset
[2016.11.06-21.23.09:672][715]LogSavePackage: Save=374.61ms
[2016.11.06-21.23.09:672][715]LogSavePackage: Moving '../../../../../../Users/Kevin/Desktop/Online_V3/OnlineProject_Kevin/Saved/UEDPCMainMenu3DCF113841FD75301230BAAE59FAAB34.tmp' to '../../../../../../Users/Kevin/Desktop/Online_V3/OnlineProject_Kevin/Saved/Autosaves/Game/Maps/UEDPCMainMenu.umap'
[2016.11.06-21.23.09:674][715]LogSavePackage:Display: Finished SavePackage ../../../../../../Users/Kevin/Desktop/Online_V3/OnlineProject_Kevin/Saved/Autosaves/Game/Maps/UEDPCMainMenu.umap
[2016.11.06-21.23.09:718][715]LogEditorTransaction: Undo Spawn Play From Here Start
[2016.11.06-21.23.17:003][971]BlueprintLog: New page: Compile GameplayPC
[2016.11.06-21.23.17:520][971]BlueprintEditorCompileResults: Info [5740.37] Compile of GameplayPC successful! [in 486 ms] (/Game/Blueprints/Gameplay/GameplayPC.GameplayPC)
[2016.11.06-21.24.06:825][751]LogSavePackage: Save=179.13ms
[2016.11.06-21.24.06:825][751]LogSavePackage: Moving '../../../../../../Users/Kevin/Desktop/Online_V3/OnlineProject_Kevin/Saved/UEDPCMainMenu0A523731466282D0D0CF93A5C3B21AEA.tmp' to '../../../../../../Users/Kevin/Desktop/Online_V3/OnlineProject_Kevin/Saved/Autosaves/Game/Maps/UEDPCMainMenu.umap'
[2016.11.06-21.24.06:827][751]LogSavePackage:Display: Finished SavePackage ../../../../../../Users/Kevin/Desktop/Online_V3/OnlineProject_Kevin/Saved/Autosaves/Game/Maps/UEDPCMainMenu.umap
[2016.11.06-21.24.06:840][751]LogEditorTransaction: Undo Spawn Play From Here Start
[2016.11.06-21.24.32:673][924]BlueprintLog: New page: Compile GameplayPC
[2016.11.06-21.24.33:076][924]Cmd: OBJ SAVEPACKAGE PACKAGE="/Game/Blueprints/Gameplay/GameplayPC" FILE="../../../../../../Users/Kevin/Desktop/Online_V3/OnlineProject_Kevin/Content/Blueprints/Gameplay/GameplayPC.uasset" SILENT=true
[2016.11.06-21.24.33:248][924]LogSavePackage: Save=122.68ms
[2016.11.06-21.24.33:248][924]LogSavePackage: Moving '../../../../../../Users/Kevin/Desktop/Online_V3/OnlineProject_Kevin/Saved/GameplayPCD76A5D11476F57E64A710C9835CA633B.tmp' to '../../../../../../Users/Kevin/Desktop/Online_V3/OnlineProject_Kevin/Content/Blueprints/Gameplay/GameplayPC.uasset'
[2016.11.06-21.24.33:254][924]LogSavePackage:Display: Finished SavePackage ../../../../../../Users/Kevin/Desktop/Online_V3/OnlineProject_Kevin/Content/Blueprints/Gameplay/GameplayPC.uasset
[2016.11.06-21.24.33:266][924]BlueprintEditorCompileResults: Info [5816.15] Compile of GameplayPC successful! [in 592 ms] (/Game/Blueprints/Gameplay/GameplayPC.GameplayPC)
[2016.11.06-21.24.43:396][159]LogSavePackage: Save=193.27ms
[2016.11.06-21.24.43:397][159]LogSavePackage: Moving '../../../../../../Users/Kevin/Desktop/Online_V3/OnlineProject_Kevin/Saved/UEDPCMainMenu206079C146B9FDF293B677BE5058E46D.tmp' to '../../../../../../Users/Kevin/Desktop/Online_V3/OnlineProject_Kevin/Saved/Autosaves/Game/Maps/UEDPCMainMenu.umap'
[2016.11.06-21.24.43:400][159]LogSavePackage:Display: Finished SavePackage ../../../../../../Users/Kevin/Desktop/Online_V3/OnlineProject_Kevin/Saved/Autosaves/Game/Maps/UEDPCMainMenu.umap
[2016.11.06-21.24.43:411][159]LogEditorTransaction: Undo Spawn Play From Here Start
[2016.11.06-21.25.06:720][371]LogSavePackage: Save=113.38ms
[2016.11.06-21.25.06:720][371]LogSavePackage: Moving '../../../../../../Users/Kevin/Desktop/Online_V3/OnlineProject_Kevin/Saved/UEDPCMainMenu2CB22E8F4B62C9FB8DA6FEBE8899F25E.tmp' to '../../../../../../Users/Kevin/Desktop/Online_V3/OnlineProject_Kevin/Saved/Autosaves/Game/Maps/UEDPCMainMenu.umap'
[2016.11.06-21.25.06:722][371]LogSavePackage:Display: Finished SavePackage ../../../../../../Users/Kevin/Desktop/Online_V3/OnlineProject_Kevin/Saved/Autosaves/Game/Maps/UEDPCMainMenu.umap
[2016.11.06-21.25.06:727][371]LogEditorTransaction: Undo Spawn Play From Here Start
[2016.11.06-21.40.56:075][273]LogSavePackage: Save=97.39ms
[2016.11.06-21.40.56:075][273]LogSavePackage: Moving '../../../../../../Users/Kevin/Desktop/Online_V3/OnlineProject_Kevin/Saved/UEDPCMainMenu11DAEFC24FB8850A64CFCB8E34BE3BC3.tmp' to '../../../../../../Users/Kevin/Desktop/Online_V3/OnlineProject_Kevin/Saved/Autosaves/Game/Maps/UEDPCMainMenu.umap'
[2016.11.06-21.40.56:077][273]LogSavePackage:Display: Finished SavePackage ../../../../../../Users/Kevin/Desktop/Online_V3/OnlineProject_Kevin/Saved/Autosaves/Game/Maps/UEDPCMainMenu.umap
[2016.11.06-21.40.56:085][273]LogEditorTransaction: Undo Spawn Play From Here Start
[2016.11.06-21.45.39:504][231]BlueprintLog: New page: Compile GameplayPC
[2016.11.06-21.45.39:784][231]Cmd: OBJ SAVEPACKAGE PACKAGE="/Game/Blueprints/Gameplay/GameplayPC" FILE="../../../../../../Users/Kevin/Desktop/Online_V3/OnlineProject_Kevin/Content/Blueprints/Gameplay/GameplayPC.uasset" SILENT=true
[2016.11.06-21.45.39:930][231]LogSavePackage: Save=99.52ms
[2016.11.06-21.45.39:930][231]LogSavePackage: Moving '../../../../../../Users/Kevin/Desktop/Online_V3/OnlineProject_Kevin/Saved/GameplayPCD495F04D486932F763516DBB9209B9C6.tmp' to '../../../../../../Users/Kevin/Desktop/Online_V3/OnlineProject_Kevin/Content/Blueprints/Gameplay/GameplayPC.uasset'
[2016.11.06-21.45.39:980][231]LogSavePackage:Display: Finished SavePackage ../../../../../../Users/Kevin/Desktop/Online_V3/OnlineProject_Kevin/Content/Blueprints/Gameplay/GameplayPC.uasset
[2016.11.06-21.45.39:984][231]BlueprintEditorCompileResults: Info [7082.87] Compile of GameplayPC successful! [in 480 ms] (/Game/Blueprints/Gameplay/GameplayPC.GameplayPC)
[2016.11.06-21.45.45:446][509]BlueprintLog: New page: Compile GameplayPC
[2016.11.06-21.45.45:723][509]Cmd: OBJ SAVEPACKAGE PACKAGE="/Game/Blueprints/Gameplay/GameplayPC" FILE="../../../../../../Users/Kevin/Desktop/Online_V3/OnlineProject_Kevin/Content/Blueprints/Gameplay/GameplayPC.uasset" SILENT=true
[2016.11.06-21.45.45:860][509]LogSavePackage: Save=95.76ms
[2016.11.06-21.45.45:860][509]LogSavePackage: Moving '../../../../../../Users/Kevin/Desktop/Online_V3/OnlineProject_Kevin/Saved/GameplayPC6745AA4A40CDF6F1301233B81F42093D.tmp' to '../../../../../../Users/Kevin/Desktop/Online_V3/OnlineProject_Kevin/Content/Blueprints/Gameplay/GameplayPC.uasset'
[2016.11.06-21.45.45:878][509]LogSavePackage:Display: Finished SavePackage ../../../../../../Users/Kevin/Desktop/Online_V3/OnlineProject_Kevin/Content/Blueprints/Gameplay/GameplayPC.uasset
[2016.11.06-21.45.45:880][509]BlueprintEditorCompileResults: Info [7088.76] Compile of GameplayPC successful! [in 433 ms] (/Game/Blueprints/Gameplay/GameplayPC.GameplayPC)
[2016.11.06-21.46.26:017][734]LogSavePackage: Save=113.11ms
[2016.11.06-21.46.26:017][734]LogSavePackage: Moving '../../../../../../Users/Kevin/Desktop/Online_V3/OnlineProject_Kevin/Saved/UEDPCMainMenuB0DCD19E4D869C184D2EA489D1978282.tmp' to '../../../../../../Users/Kevin/Desktop/Online_V3/OnlineProject_Kevin/Saved/Autosaves/Game/Maps/UEDPCMainMenu.umap'
[2016.11.06-21.46.26:018][734]LogSavePackage:Display: Finished SavePackage ../../../../../../Users/Kevin/Desktop/Online_V3/OnlineProject_Kevin/Saved/Autosaves/Game/Maps/UEDPCMainMenu.umap
[2016.11.06-21.46.26:027][734]LogEditorTransaction: Undo Spawn Play From Here Start
[2016.11.06-21.47.06:383][717]BlueprintLog: New page: Compile GameplayPC
[2016.11.06-21.47.06:446][717]LogBlueprint:Error: Compiler Error The type of  Object  is undetermined.  Connect something to  Cast To Base  to imply a specific type.
[2016.11.06-21.47.06:459][717]LogBlueprint:Error: Compiler Error The current value of the ' Object ' pin is invalid: Unsupported type Wildcard on pin Object
[2016.11.06-21.47.06:770][717]Cmd: OBJ SAVEPACKAGE PACKAGE="/Game/Blueprints/Gameplay/GameplayPC" FILE="../../../../../../Users/Kevin/Desktop/Online_V3/OnlineProject_Kevin/Content/Blueprints/Gameplay/GameplayPC.uasset" SILENT=true
[2016.11.06-21.47.06:907][717]LogSavePackage: Save=90.71ms
[2016.11.06-21.47.06:907][717]LogSavePackage: Moving '../../../../../../Users/Kevin/Desktop/Online_V3/OnlineProject_Kevin/Saved/GameplayPC1E246A4F4251DCDFA0DFDF8070F97837.tmp' to '../../../../../../Users/Kevin/Desktop/Online_V3/OnlineProject_Kevin/Content/Blueprints/Gameplay/GameplayPC.uasset'
[2016.11.06-21.47.06:910][717]LogSavePackage:Display: Finished SavePackage ../../../../../../Users/Kevin/Desktop/Online_V3/OnlineProject_Kevin/Content/Blueprints/Gameplay/GameplayPC.uasset
[2016.11.06-21.47.06:914][717]LogBlueprint:Warning: Compiler Warning [7169.80] Compile of GameplayPC failed. 2 Fatal Issue(s) 0 Warning(s) [in 531 ms] (/Game/Blueprints/Gameplay/GameplayPC.GameplayPC)
[2016.11.06-21.47.06:915][717]BlueprintEditorCompileResults:Error: Error The type of  Object  is undetermined.  Connect something to  Cast To Base  to imply a specific type.
[2016.11.06-21.47.06:915][717]BlueprintEditorCompileResults:Error: Error The current value of the ' Object ' pin is invalid: Unsupported type Wildcard on pin Object
[2016.11.06-21.47.06:915][717]BlueprintEditorCompileResults:Warning: Warning [7169.80] Compile of GameplayPC failed. 2 Fatal Issue(s) 0 Warning(s) [in 531 ms] (/Game/Blueprints/Gameplay/GameplayPC.GameplayPC)
[2016.11.06-21.47.58:587][665]BlueprintLog: New page: Compile GameplayPC
[2016.11.06-21.47.58:644][665]LogBlueprint:Warning: Compiler Warning 'Base' does not inherit from 'Gameplay PC' ( Cast To Base  would always fail).
[2016.11.06-21.47.58:867][665]Cmd: OBJ SAVEPACKAGE PACKAGE="/Game/Blueprints/Gameplay/GameplayPC" FILE="../../../../../../Users/Kevin/Desktop/Online_V3/OnlineProject_Kevin/Content/Blueprints/Gameplay/GameplayPC.uasset" SILENT=true
[2016.11.06-21.47.59:005][665]LogSavePackage: Save=97.40ms
[2016.11.06-21.47.59:005][665]LogSavePackage: Moving '../../../../../../Users/Kevin/Desktop/Online_V3/OnlineProject_Kevin/Saved/GameplayPC294256604A635105F7B7F4B51402401E.tmp' to '../../../../../../Users/Kevin/Desktop/Online_V3/OnlineProject_Kevin/Content/Blueprints/Gameplay/GameplayPC.uasset'
[2016.11.06-21.47.59:010][665]LogSavePackage:Display: Finished SavePackage ../../../../../../Users/Kevin/Desktop/Online_V3/OnlineProject_Kevin/Content/Blueprints/Gameplay/GameplayPC.uasset
[2016.11.06-21.47.59:013][665]LogBlueprint:Warning: Compiler Warning [7221.90] Compile of GameplayPC successful, but with 1 Warning(s) [in 426 ms] (/Game/Blueprints/Gameplay/GameplayPC.GameplayPC)
[2016.11.06-21.47.59:014][665]BlueprintEditorCompileResults:Warning: Warning 'Base' does not inherit from 'Gameplay PC' ( Cast To Base  would always fail).
[2016.11.06-21.47.59:014][665]BlueprintEditorCompileResults:Warning: Warning [7221.90] Compile of GameplayPC successful, but with 1 Warning(s) [in 426 ms] (/Game/Blueprints/Gameplay/GameplayPC.GameplayPC)
[2016.11.06-21.50.33:056][981]BlueprintLog: New page: Compile GameplayPC
[2016.11.06-21.50.33:375][981]Cmd: OBJ SAVEPACKAGE PACKAGE="/Game/Blueprints/Gameplay/GameplayPC" FILE="../../../../../../Users/Kevin/Desktop/Online_V3/OnlineProject_Kevin/Content/Blueprints/Gameplay/GameplayPC.uasset" SILENT=true
[2016.11.06-21.50.33:516][981]LogSavePackage: Save=98.22ms
[2016.11.06-21.50.33:516][981]LogSavePackage: Moving '../../../../../../Users/Kevin/Desktop/Online_V3/OnlineProject_Kevin/Saved/GameplayPC70EC90BA460AD248E46D4B81A1558B49.tmp' to '../../../../../../Users/Kevin/Desktop/Online_V3/OnlineProject_Kevin/Content/Blueprints/Gameplay/GameplayPC.uasset'
[2016.11.06-21.50.33:521][981]LogSavePackage:Display: Finished SavePackage ../../../../../../Users/Kevin/Desktop/Online_V3/OnlineProject_Kevin/Content/Blueprints/Gameplay/GameplayPC.uasset
[2016.11.06-21.50.33:524][981]BlueprintEditorCompileResults: Info [7376.41] Compile of GameplayPC successful! [in 468 ms] (/Game/Blueprints/Gameplay/GameplayPC.GameplayPC)
[2016.11.06-21.50.38:400][238]LogSavePackage: Save=116.17ms
[2016.11.06-21.50.38:400][238]LogSavePackage: Moving '../../../../../../Users/Kevin/Desktop/Online_V3/OnlineProject_Kevin/Saved/UEDPCMainMenu2B1CF0EF450487AD53B7A49789341E89.tmp' to '../../../../../../Users/Kevin/Desktop/Online_V3/OnlineProject_Kevin/Saved/Autosaves/Game/Maps/UEDPCMainMenu.umap'
[2016.11.06-21.50.38:402][238]LogSavePackage:Display: Finished SavePackage ../../../../../../Users/Kevin/Desktop/Online_V3/OnlineProject_Kevin/Saved/Autosaves/Game/Maps/UEDPCMainMenu.umap
[2016.11.06-21.50.38:411][238]LogEditorTransaction: Undo Spawn Play From Here Start
[2016.11.06-21.51.45:873][158]LogSavePackage: Save=115.52ms
[2016.11.06-21.51.45:873][158]LogSavePackage: Moving '../../../../../../Users/Kevin/Desktop/Online_V3/OnlineProject_Kevin/Saved/UEDPCMainMenu02C0FD684ABE3D3D388680A6E9783681.tmp' to '../../../../../../Users/Kevin/Desktop/Online_V3/OnlineProject_Kevin/Saved/Autosaves/Game/Maps/UEDPCMainMenu.umap'
[2016.11.06-21.51.45:875][158]LogSavePackage:Display: Finished SavePackage ../../../../../../Users/Kevin/Desktop/Online_V3/OnlineProject_Kevin/Saved/Autosaves/Game/Maps/UEDPCMainMenu.umap
[2016.11.06-21.51.45:884][158]LogEditorTransaction: Undo Spawn Play From Here Start
[2016.11.06-21.55.19:934][195]BlueprintLog: New page: Compile GameplayPC
[2016.11.06-21.55.20:224][195]Cmd: OBJ SAVEPACKAGE PACKAGE="/Game/Blueprints/Gameplay/GameplayPC" FILE="../../../../../../Users/Kevin/Desktop/Online_V3/OnlineProject_Kevin/Content/Blueprints/Gameplay/GameplayPC.uasset" SILENT=true
[2016.11.06-21.55.20:379][195]LogSavePackage: Save=105.59ms
[2016.11.06-21.55.20:379][195]LogSavePackage: Moving '../../../../../../Users/Kevin/Desktop/Online_V3/OnlineProject_Kevin/Saved/GameplayPCA5A7194045F73A0494AE1F9DBAD48E95.tmp' to '../../../../../../Users/Kevin/Desktop/Online_V3/OnlineProject_Kevin/Content/Blueprints/Gameplay/GameplayPC.uasset'
[2016.11.06-21.55.20:384][195]LogSavePackage:Display: Finished SavePackage ../../../../../../Users/Kevin/Desktop/Online_V3/OnlineProject_Kevin/Content/Blueprints/Gameplay/GameplayPC.uasset
[2016.11.06-21.55.20:388][195]BlueprintEditorCompileResults: Info [7663.27] Compile of GameplayPC successful! [in 453 ms] (/Game/Blueprints/Gameplay/GameplayPC.GameplayPC)
[2016.11.06-21.55.21:910][256]Cmd: OBJ SAVEPACKAGE PACKAGE="/Game/Blueprints/Gameplay/GameplayPC" FILE="../../../../../../Users/Kevin/Desktop/Online_V3/OnlineProject_Kevin/Content/Blueprints/Gameplay/GameplayPC.uasset" SILENT=true
[2016.11.06-21.55.22:073][256]LogSavePackage: Save=110.14ms
[2016.11.06-21.55.22:073][256]LogSavePackage: Moving '../../../../../../Users/Kevin/Desktop/Online_V3/OnlineProject_Kevin/Saved/GameplayPCEA7CCC474D39C617CBC93C9FD702AF2F.tmp' to '../../../../../../Users/Kevin/Desktop/Online_V3/OnlineProject_Kevin/Content/Blueprints/Gameplay/GameplayPC.uasset'
[2016.11.06-21.55.22:076][256]LogSavePackage:Display: Finished SavePackage ../../../../../../Users/Kevin/Desktop/Online_V3/OnlineProject_Kevin/Content/Blueprints/Gameplay/GameplayPC.uasset
[2016.11.06-21.56.48:247][771]LogSavePackage: Save=156.08ms
[2016.11.06-21.56.48:247][771]LogSavePackage: Moving '../../../../../../Users/Kevin/Desktop/Online_V3/OnlineProject_Kevin/Saved/UEDPCMainMenu58AC6F8145874A1E8459B1AE304519F6.tmp' to '../../../../../../Users/Kevin/Desktop/Online_V3/OnlineProject_Kevin/Saved/Autosaves/Game/Maps/UEDPCMainMenu.umap'
[2016.11.06-21.56.48:248][771]LogSavePackage:Display: Finished SavePackage ../../../../../../Users/Kevin/Desktop/Online_V3/OnlineProject_Kevin/Saved/Autosaves/Game/Maps/UEDPCMainMenu.umap
[2016.11.06-21.56.48:256][771]LogEditorTransaction: Undo Spawn Play From Here Start
[2016.11.06-22.10.40:507][107]LogActorComponent: UnregisterComponent: (/Engine/Transient.EditorFloorComp) Not registered. Aborting.
[2016.11.06-22.10.40:638][107]LogActorComponent: UnregisterComponent: (/Engine/Transient.EditorFloorComp) Not registered. Aborting.
[2016.11.06-22.10.41:370][140]LogWindowsTextInputMethodSystem:Display: IME system now deactivated.
[2016.11.06-22.10.42:041][141]Cmd: QUIT_EDITOR
[2016.11.06-22.10.42:344][141]LogExit: Preparing to exit.
[2016.11.06-22.10.43:031][141]LogExit: Editor shut down
[2016.11.06-22.10.43:033][141]LogExit: Transaction tracking system shut down
[2016.11.06-22.10.44:300][141]LogObj: Freed 0b from 0 cluster array pools.
[2016.11.06-22.10.44:302][141]LogExit: Object subsystem successfully closed.
[2016.11.06-22.10.44:322][141]LogD3D11RHI: Shutdown
[2016.11.06-22.10.44:322][141]LogD3D11RHI: CleanupD3DDevice
[2016.11.06-22.10.44:836][141]LogD3D11RHI: ~FD3D11DynamicRHI
[2016.11.06-22.10.46:506][141]LogModuleManager: Shutting down and abandoning module BlueprintGraph (216)
[2016.11.06-22.10.46:544][141]LogModuleManager: Shutting down and abandoning module HierarchicalLODOutliner (215)
[2016.11.06-22.10.46:555][141]LogModuleManager: Shutting down and abandoning module CrashTracker (214)
[2016.11.06-22.10.46:555][141]LogModuleManager: Shutting down and abandoning module SceneOutliner (213)
[2016.11.06-22.10.46:596][141]LogModuleManager: Shutting down and abandoning module WidgetCarousel (212)
[2016.11.06-22.10.46:640][141]LogModuleManager: Shutting down and abandoning module AddContentDialog (211)
[2016.11.06-22.10.46:692][141]LogModuleManager: Shutting down and abandoning module GameplayTags (210)
[2016.11.06-22.10.46:692][141]LogModuleManager: Shutting down and abandoning module EditorWidgets (209)
[2016.11.06-22.10.46:692][141]LogModuleManager: Shutting down and abandoning module CollectionManager (208)
[2016.11.06-22.10.46:741][141]LogModuleManager: Shutting down and abandoning module StatsViewer (207)
[2016.11.06-22.10.46:757][141]LogModuleManager: Shutting down and abandoning module FoliageEdit (206)
[2016.11.06-22.10.46:792][141]LogModuleManager: Shutting down and abandoning module LandscapeEditor (205)
[2016.11.06-22.10.46:895][141]LogModuleManager: Shutting down and abandoning module SceneDepthPickerMode (204)
[2016.11.06-22.10.46:895][141]LogModuleManager: Shutting down and abandoning module ActorPickerMode (203)
[2016.11.06-22.10.46:895][141]LogModuleManager: Shutting down and abandoning module GeometryMode (202)
[2016.11.06-22.10.46:895][141]LogModuleManager: Shutting down and abandoning module TextureAlignMode (201)
[2016.11.06-22.10.46:895][141]LogModuleManager: Shutting down and abandoning module BspMode (200)
[2016.11.06-22.10.46:924][141]LogModuleManager: Shutting down and abandoning module HardwareSurvey (199)
[2016.11.06-22.10.46:924][141]LogModuleManager: Shutting down and abandoning module SequenceRecorderSections (198)
[2016.11.06-22.10.46:924][141]LogModuleManager: Shutting down and abandoning module SequenceRecorder (197)
[2016.11.06-22.10.46:954][141]LogModuleManager: Shutting down and abandoning module AutomationWorker (196)
[2016.11.06-22.10.46:954][141]LogModuleManager: Shutting down and abandoning module MatineeToLevelSequence (195)
[2016.11.06-22.10.46:954][141]LogModuleManager: Shutting down and abandoning module PlacementMode (194)
[2016.11.06-22.10.46:999][141]LogModuleManager: Shutting down and abandoning module LevelSequenceEditor (193)
[2016.11.06-22.10.47:030][141]LogModuleManager: Shutting down and abandoning module CharacterAI (192)
[2016.11.06-22.10.47:030][141]LogModuleManager: Shutting down and abandoning module SmartSnapping (191)
[2016.11.06-22.10.47:030][141]LogModuleManager: Shutting down and abandoning module SessionServices (190)
[2016.11.06-22.10.47:030][141]LogModuleManager: Shutting down and abandoning module ViewportSnapping (189)
[2016.11.06-22.10.47:030][141]LogModuleManager: Shutting down and abandoning module LogVisualizer (188)
[2016.11.06-22.10.47:092][141]LogModuleManager: Shutting down and abandoning module GameProjectGeneration (187)
[2016.11.06-22.10.47:187][141]LogModuleManager: Shutting down and abandoning module IntroTutorials (186)
[2016.11.06-22.10.47:219][141]LogModuleManager: Shutting down and abandoning module EditorLiveStreaming (185)
[2016.11.06-22.10.47:219][141]LogModuleManager: Shutting down and abandoning module IOSPlatformEditor (184)
[2016.11.06-22.10.47:313][141]LogModuleManager: Shutting down and abandoning module HTML5PlatformEditor (183)
[2016.11.06-22.10.47:313][141]LogModuleManager: Shutting down and abandoning module AndroidDeviceDetection (182)
[2016.11.06-22.10.47:728][141]LogModuleManager: Shutting down and abandoning module AndroidPlatformEditor (181)
[2016.11.06-22.10.47:775][141]LogModuleManager: Shutting down and abandoning module IOSRuntimeSettings (180)
[2016.11.06-22.10.47:775][141]LogModuleManager: Shutting down and abandoning module AndroidRuntimeSettings (179)
[2016.11.06-22.10.47:775][141]LogModuleManager: Shutting down and abandoning module MergeActors (178)
[2016.11.06-22.10.47:903][141]LogModuleManager: Shutting down and abandoning module SizeMap (177)
[2016.11.06-22.10.47:903][141]LogModuleManager: Shutting down and abandoning module TreeMap (176)
[2016.11.06-22.10.48:160][141]LogModuleManager: Shutting down and abandoning module ReferenceViewer (175)
[2016.11.06-22.10.48:183][141]LogModuleManager: Shutting down and abandoning module LocalizationService (174)
[2016.11.06-22.10.48:399][141]LogModuleManager: Shutting down and abandoning module LocalizationDashboard (173)
[2016.11.06-22.10.48:603][141]LogModuleManager: Shutting down and abandoning module HardwareTargeting (172)
[2016.11.06-22.10.48:651][141]LogModuleManager: Shutting down and abandoning module DeviceProfileEditor (171)
[2016.11.06-22.10.48:752][141]LogModuleManager: Shutting down and abandoning module UndoHistory (170)
[2016.11.06-22.10.48:859][141]LogModuleManager: Shutting down and abandoning module UserFeedback (169)
[2016.11.06-22.10.48:859][141]LogModuleManager: Shutting down and abandoning module XmlParser (168)
[2016.11.06-22.10.48:859][141]LogModuleManager: Shutting down and abandoning module Blutility (167)
[2016.11.06-22.10.48:978][141]LogModuleManager: Shutting down and abandoning module ProjectTargetPlatformEditor (166)
[2016.11.06-22.10.49:055][141]LogModuleManager: Shutting down and abandoning module ProjectSettingsViewer (165)
[2016.11.06-22.10.49:055][141]LogModuleManager: Shutting down and abandoning module InputBindingEditor (164)
[2016.11.06-22.10.49:124][141]LogModuleManager: Shutting down and abandoning module EditorSettingsViewer (163)
[2016.11.06-22.10.49:124][141]LogModuleManager: Shutting down and abandoning module SettingsEditor (162)
[2016.11.06-22.10.49:235][141]LogModuleManager: Shutting down and abandoning module ProjectLauncher (161)
[2016.11.06-22.10.49:304][141]LogModuleManager: Shutting down and abandoning module SessionFrontend (160)
[2016.11.06-22.10.49:398][141]LogModuleManager: Shutting down and abandoning module ProfilerClient (159)
[2016.11.06-22.10.49:419][141]LogModuleManager: Shutting down and abandoning module TargetDeviceServices (158)
[2016.11.06-22.10.49:432][141]LogModuleManager: Shutting down and abandoning module DeviceManager (157)
[2016.11.06-22.10.49:548][141]LogModuleManager: Shutting down and abandoning module AutomationController (156)
[2016.11.06-22.10.49:548][141]LogModuleManager: Shutting down and abandoning module AutomationWindow (155)
[2016.11.06-22.10.49:655][141]LogModuleManager: Shutting down and abandoning module Layers (154)
[2016.11.06-22.10.49:782][141]LogModuleManager: Shutting down and abandoning module ComponentVisualizers (153)
[2016.11.06-22.10.49:782][141]LogModuleManager: Shutting down and abandoning module DetailCustomizations (152)
[2016.11.06-22.10.49:803][141]LogModuleManager: Shutting down and abandoning module PackagesDialog (151)
[2016.11.06-22.10.49:803][141]LogModuleManager: Shutting down and abandoning module Persona (150)
[2016.11.06-22.10.49:928][141]LogModuleManager: Shutting down and abandoning module Kismet (149)
[2016.11.06-22.10.49:928][141]LogModuleManager: Shutting down and abandoning module GraphEditor (148)
[2016.11.06-22.10.49:928][141]LogModuleManager: Shutting down and abandoning module ClassViewer (147)
[2016.11.06-22.10.50:014][141]LogModuleManager: Shutting down and abandoning module Toolbox (146)
[2016.11.06-22.10.50:028][141]LogModuleManager: Shutting down and abandoning module ModuleUI (145)
[2016.11.06-22.10.50:042][141]LogModuleManager: Shutting down and abandoning module MovieSceneTools (144)
[2016.11.06-22.10.50:119][141]LogModuleManager: Shutting down and abandoning module OutputLog (143)
[2016.11.06-22.10.50:167][141]LogModuleManager: Shutting down and abandoning module GammaUI (142)
[2016.11.06-22.10.50:208][141]LogModuleManager: Shutting down and abandoning module Documentation (141)
[2016.11.06-22.10.50:209][141]LogModuleManager: Shutting down and abandoning module StreamingPauseRendering (140)
[2016.11.06-22.10.50:209][141]LogModuleManager: Shutting down and abandoning module AnalyticsET (139)
[2016.11.06-22.10.50:209][141]LogModuleManager: Shutting down and abandoning module Analytics (138)
[2016.11.06-22.10.50:209][141]LogModuleManager: Shutting down and abandoning module PortalServices (137)
[2016.11.06-22.10.50:210][141]LogModuleManager: Shutting down and abandoning module PortalRpc (136)
[2016.11.06-22.10.50:210][141]LogModuleManager: Shutting down and abandoning module MessagingRpc (135)
[2016.11.06-22.10.50:210][141]LogModuleManager: Shutting down and abandoning module GameplayDebugger (134)
[2016.11.06-22.10.50:210][141]LogModuleManager: Shutting down and abandoning module AITestSuite (133)
[2016.11.06-22.10.50:210][141]LogModuleManager: Shutting down and abandoning module AIModule (132)
[2016.11.06-22.10.50:210][141]LogModuleManager: Shutting down and abandoning module ProfilerService (131)
[2016.11.06-22.10.50:298][141]LogModuleManager: Shutting down and abandoning module TaskGraph (130)
[2016.11.06-22.10.50:298][141]LogModuleManager: Shutting down and abandoning module SlateRemote (129)
[2016.11.06-22.10.50:298][141]LogModuleManager: Shutting down and abandoning module SteamVRController (128)
[2016.11.06-22.10.50:298][141]LogModuleManager: Shutting down and abandoning module SteamVR (127)
[2016.11.06-22.10.50:298][141]LogModuleManager: Shutting down and abandoning module ProceduralMeshComponent (126)
[2016.11.06-22.10.50:298][141]LogModuleManager: Shutting down and abandoning module OculusLibrary (125)
[2016.11.06-22.10.50:298][141]LogModuleManager: Shutting down and abandoning module OculusInput (124)
[2016.11.06-22.10.50:298][141]LogModuleManager: Shutting down and abandoning module CustomMeshComponent (123)
[2016.11.06-22.10.50:298][141]LogModuleManager: Shutting down and abandoning module CableComponent (122)
[2016.11.06-22.10.50:298][141]LogModuleManager: Shutting down and abandoning module ArchVisCharacter (121)
[2016.11.06-22.10.50:298][141]LogModuleManager: Shutting down and abandoning module MediaPlayerEditor (120)
[2016.11.06-22.10.50:361][141]LogModuleManager: Shutting down and abandoning module HTML5Networking (119)
[2016.11.06-22.10.50:361][141]LogModuleManager: Shutting down and abandoning module SuperSearch (118)
[2016.11.06-22.10.50:361][141]LogModuleManager: Shutting down and abandoning module SuperSearchEditor (117)
[2016.11.06-22.10.50:361][141]LogModuleManager: Shutting down and abandoning module SpeedTreeImporter (116)
[2016.11.06-22.10.50:361][141]LogModuleManager: Shutting down and abandoning module PluginBrowser (115)
[2016.11.06-22.10.50:383][141]LogModuleManager: Shutting down and abandoning module EpicSurvey (114)
[2016.11.06-22.10.50:383][141]LogModuleManager: Shutting down and abandoning module DesktopPlatform (113)
[2016.11.06-22.10.50:383][141]LogModuleManager: Shutting down and abandoning module VisualStudioSourceCodeAccess (112)
[2016.11.06-22.10.50:383][141]LogModuleManager: Shutting down and abandoning module UObjectPlugin (111)
[2016.11.06-22.10.50:383][141]LogModuleManager: Shutting down and abandoning module SubversionSourceControl (110)
[2016.11.06-22.10.50:383][141]LogModuleManager: Shutting down and abandoning module PerforceSourceControl (109)
[2016.11.06-22.10.50:383][141]LogModuleManager: Shutting down and abandoning module SourceControl (108)
[2016.11.06-22.10.50:383][141]LogModuleManager: Shutting down and abandoning module GitSourceControl (107)
[2016.11.06-22.10.50:402][141]LogModuleManager: Shutting down and abandoning module LightPropagationVolumeEditor (106)
[2016.11.06-22.10.50:402][141]LogModuleManager: Shutting down and abandoning module PaperTiledImporter (105)
[2016.11.06-22.10.50:510][141]LogModuleManager: Shutting down and abandoning module PaperSpriteSheetImporter (104)
[2016.11.06-22.10.50:510][141]LogModuleManager: Shutting down and abandoning module MeshPaint (103)
[2016.11.06-22.10.50:600][141]LogModuleManager: Shutting down and abandoning module PixelInspectorModule (102)
[2016.11.06-22.10.50:630][141]LogModuleManager: Shutting down and abandoning module HotReload (101)
[2016.11.06-22.10.50:666][141]LogModuleManager: Shutting down and abandoning module MainFrame (100)
[2016.11.06-22.10.50:735][141]LogModuleManager: Shutting down and abandoning module LevelEditor (99)
[2016.11.06-22.10.50:746][141]LogModuleManager: Shutting down and abandoning module ContentBrowser (98)
[2016.11.06-22.10.50:748][141]LogModuleManager: Shutting down and abandoning module Paper2DEditor (97)
[2016.11.06-22.10.50:799][141]LogModuleManager: Shutting down and abandoning module UdpMessaging (96)
[2016.11.06-22.10.50:904][141]LogModuleManager: Shutting down and abandoning module LightPropagationVolumeRuntime (95)
[2016.11.06-22.10.50:904][141]LogModuleManager: Shutting down and abandoning module Paper2D (94)
[2016.11.06-22.10.50:904][141]LogModuleManager: Shutting down and abandoning module WindowsMoviePlayer (93)
[2016.11.06-22.10.50:904][141]LogModuleManager: Shutting down and abandoning module Media (92)
[2016.11.06-22.10.50:904][141]LogModuleManager: Shutting down and abandoning module WmfMedia (91)
[2016.11.06-22.10.50:912][141]LogModuleManager: Shutting down and abandoning module MediaAssets (90)
[2016.11.06-22.10.50:912][141]LogModuleManager: Shutting down and abandoning module GameLiveStreaming (89)
[2016.11.06-22.10.50:912][141]LogModuleManager: Shutting down and abandoning module GameplayTagsEditor (88)
[2016.11.06-22.10.50:912][141]LogModuleManager: Shutting down and abandoning module OnlineBlueprintSupport (87)
[2016.11.06-22.10.50:912][141]LogModuleManager: Shutting down and abandoning module VREditor (86)
[2016.11.06-22.10.50:912][141]LogModuleManager: Shutting down and abandoning module GameplayTasksEditor (85)
[2016.11.06-22.10.50:912][141]LogModuleManager: Shutting down and abandoning module PropertyEditor (84)
[2016.11.06-22.10.50:912][141]LogModuleManager: Shutting down and abandoning module BehaviorTreeEditor (83)
[2016.11.06-22.10.50:913][141]LogModuleManager: Shutting down and abandoning module FunctionalTesting (82)
[2016.11.06-22.10.50:913][141]LogModuleManager: Shutting down and abandoning module CollisionAnalyzer (81)
[2016.11.06-22.10.50:913][141]LogModuleManager: Shutting down and abandoning module Sequencer (80)
[2016.11.06-22.10.50:962][141]LogModuleManager: Shutting down and abandoning module WorkspaceMenuStructure (79)
[2016.11.06-22.10.50:962][141]LogModuleManager: Shutting down and abandoning module MessageLog (78)
[2016.11.06-22.10.50:962][141]LogModuleManager: Shutting down and abandoning module AssetTools (77)
[2016.11.06-22.10.50:962][141]LogModuleManager: Shutting down and abandoning module UMGEditor (76)
[2016.11.06-22.1