Log file open, 11/03/16 14:32:14
LogInit:Display: Running engine for game: OnlineProject
LogPlatformFile: Not using cached read wrapper
LogInit:Display: RandInit(-1324776246) SRandInit(-1324776244).
LogTaskGraph: Started task graph with 4 named threads and 5 total threads with 1 sets of task threads.
LogStats: Stats thread started at 0.128474
LogInit: Version: 4.12.5-3039270+++UE4+Release-4.12
LogInit: API Version: 2992821
LogInit: Net Version: 3039270
LogDevObjectVersion: Number of dev versions registered: 13
LogDevObjectVersion:   Dev-Blueprints (B0D832E4-1F89-4F0D-ACCF-7EB736FD4AA2): 3
LogDevObjectVersion:   Dev-Build (E1C64328-A22C-4D53-A36C-8E866417BD8C): 0
LogDevObjectVersion:   Dev-Core (375EC13C-06E4-48FB-B500-84F0262A717E): 1
LogDevObjectVersion:   Dev-Editor (E4B068ED-F494-42E9-A231-DA0B2E46BB41): 2
LogDevObjectVersion:   Dev-Framework (CFFC743F-43B0-4480-9391-14DF171D2073): 6
LogDevObjectVersion:   Dev-Mobile (B02B49B5-BB20-44E9-A304-32B752E40360): 0
LogDevObjectVersion:   Dev-Networking (A4E4105C-59A1-49B5-A7C5-40C4547EDFEE): 0
LogDevObjectVersion:   Dev-Online (39C831C9-5AE6-47DC-9A44-9C173E1C8E7C): 0
LogDevObjectVersion:   Dev-Physics (78F01B33-EBEA-4F98-B9B4-84EACCB95AA2): 0
LogDevObjectVersion:   Dev-Platform (6631380F-2D4D-43E0-8009-CF276956A95A): 0
LogDevObjectVersion:   Dev-Rendering (12F88B9F-8875-4AFC-A67C-D90C383ABD29): 2
LogDevObjectVersion:   Dev-Sequencer (7B5AE74C-D270-4C10-A958-57980B212A5A): 0
LogDevObjectVersion:   Dev-VR (D7296918-1DD6-4BDD-9DE2-64A83CC13884): 0
LogInit: Compiled (64-bit): Jul  6 2016 09:09:46
LogInit: Compiled with Visual C++: 19.00.23026.00
LogInit: Build Configuration: Development
LogInit: Branch Name: ++UE4+Release-4.12
LogInit: Command line:  /Temp/Autosaves/Game/Maps/UEDPCMainMenu -game -PIEVIACONSOLE -WinX=0 -WinY=0 -ResX=1280 -ResY=720  -Multiprocess -windowed -messaging -SessionName="Play in Standalone Game" 
LogInit: Base directory: C:/Program Files (x86)/Epic Games/4.12/Engine/Binaries/Win64/
LogInit: Installed Engine Build: 1
LogInit: Using libcurl 7.41.0
LogInit:  - built for x86_64-pc-win32
LogInit:  - supports SSL with WinSSL
LogInit:  - other features:
LogInit:      CURL_VERSION_SSL
LogInit:      CURL_VERSION_IPV6
LogInit:      CURL_VERSION_ASYNCHDNS
LogInit:      CURL_VERSION_LARGEFILE
LogInit:      CURL_VERSION_IDN
LogInit:  CurlRequestOptions (configurable via config and command line):
LogInit:  - bVerifyPeer = true  - Libcurl will verify peer certificate
LogInit:  - bUseHttpProxy = false  - Libcurl will NOT use HTTP proxy
LogInit:  - bDontReuseConnections = false  - Libcurl will reuse connections
LogInit:  - CertBundlePath = nullptr  - Libcurl will use whatever was configured at build time.
LogInit: WinSock: version 1.1 (2.2), MaxSocks=32767, MaxUdp=65467
LogVoice:Warning: Failed to initialize voice interface
LogInit: Presizing for max 8388607 objects, including 0 objects not considered by GC, pre-allocating 0 bytes for permanent pool.
LogInit: Object subsystem initialized
[2016.11.03-20.32.15:045][  0]LogInit: Selected Device Profile: [Windows]
[2016.11.03-20.32.15:045][  0]LogInit: Applying CVar settings loaded from the selected device profile: [Windows]
[2016.11.03-20.32.15:063][  0]LogInit: Computer: METAL_REAR
[2016.11.03-20.32.15:064][  0]LogInit: User: Kevin
[2016.11.03-20.32.15:064][  0]LogInit: CPU Page size=65536, Cores=2
[2016.11.03-20.32.15:064][  0]LogInit: High frequency timer resolution =2.143476 MHz
[2016.11.03-20.32.15:065][  0]LogMemory: Memory total: Physical=7.9GB (8GB approx)
[2016.11.03-20.32.15:065][  0]LogMemory: Platform Memory Stats for Windows
[2016.11.03-20.32.15:065][  0]LogMemory: Process Physical Memory: 190.80 MB used, 190.80 MB peak
[2016.11.03-20.32.15:065][  0]LogMemory: Process Virtual Memory: 195.27 MB used, 195.27 MB peak
[2016.11.03-20.32.15:065][  0]LogMemory: Physical Memory: 4476.32 MB used, 8105.84 MB total
[2016.11.03-20.32.15:065][  0]LogMemory: Virtual Memory: 554.43 MB used, 134217728.00 MB total
[2016.11.03-20.32.16:266][  0]LogD3D11RHI: D3D11 adapters:
[2016.11.03-20.32.16:277][  0]LogD3D11RHI:    0. 'Intel(R) HD Graphics 5500' (Feature Level 11_0)
[2016.11.03-20.32.16:277][  0]LogD3D11RHI:       128/0/4052 MB DedicatedVideo/DedicatedSystem/SharedSystem, Outputs:1, VendorId:0x8086
[2016.11.03-20.32.16:297][  0]LogD3D11RHI:    1. 'AMD Radeon R9 M275' (Feature Level 11_0)
[2016.11.03-20.32.16:297][  0]LogD3D11RHI:       2026/0/4052 MB DedicatedVideo/DedicatedSystem/SharedSystem, Outputs:0, VendorId:0x1002
[2016.11.03-20.32.16:299][  0]LogD3D11RHI:    2. 'Microsoft Basic Render Driver' (Feature Level 11_0)
[2016.11.03-20.32.16:299][  0]LogD3D11RHI:       0/0/4052 MB DedicatedVideo/DedicatedSystem/SharedSystem, Outputs:0, VendorId:0x1414
[2016.11.03-20.32.16:299][  0]LogD3D11RHI: Chosen D3D11 Adapter: 1
[2016.11.03-20.32.16:311][  0]LogD3D11RHI: Creating new Direct3DDevice
[2016.11.03-20.32.16:311][  0]LogD3D11RHI:     GPU DeviceId: 0x6820 (for the marketing name, search the web for "GPU Device Id")
[2016.11.03-20.32.16:311][  0]LogWindows: EnumDisplayDevices:
[2016.11.03-20.32.16:311][  0]LogWindows:    0. 'Intel(R) HD Graphics 5500' (P:1 D:1)
[2016.11.03-20.32.16:311][  0]LogWindows:    1. 'Intel(R) HD Graphics 5500' (P:0 D:0)
[2016.11.03-20.32.16:312][  0]LogWindows:    2. 'Intel(R) HD Graphics 5500' (P:0 D:0)
[2016.11.03-20.32.16:312][  0]LogWindows: DebugString: PrimaryIsNotTheChoosenAdapter PrimaryIsNotTheChoosenAdapter PrimaryIsNotTheChoosenAdapter FoundDriverCount:0 
[2016.11.03-20.32.16:312][  0]LogD3D11RHI:     Adapter Name: AMD Radeon R9 M275
[2016.11.03-20.32.16:312][  0]LogD3D11RHI:   Driver Version: Unknown (internal:Unknown, unified:Unknown)
[2016.11.03-20.32.16:312][  0]LogD3D11RHI:      Driver Date: Unknown
[2016.11.03-20.32.16:312][  0]LogRHI: Texture pool is 1361 MB (70% of 1945 MB)
[2016.11.03-20.32.16:323][  0]LogD3D11RHI: Async texture creation disabled: no driver support
[2016.11.03-20.32.16:340][  0]LogD3D11RHI: GPU Timing Frequency: 27.000000 (Debug: 2 1)
[2016.11.03-20.32.16:342][  0]LogShaderCompilers: Guid format shader working directory is -12 characters bigger than the processId version (../../../../../../Users/Kevin/Desktop/OnlineProject_Kevin/Intermediate/Shaders/WorkingDirectory/19668/).
[2016.11.03-20.32.16:342][  0]LogShaderCompilers: Cleaned the shader compiler working directory 'C:/Users/Kevin/AppData/Local/Temp/UnrealShaderWorkingDir/DD324FCC4AA0D935B243C9A664A0D332/'.
[2016.11.03-20.32.16:342][  0]LogShaderCompilers:Display: Using Local Shader Compiler.
[2016.11.03-20.32.17:763][  0]LogTemp:Display: Loaded TP WindowsClientTargetPlatform
[2016.11.03-20.32.17:777][  0]LogTemp:Display: Loaded TP WindowsNoEditorTargetPlatform
[2016.11.03-20.32.17:791][  0]LogTemp:Display: Loaded TP WindowsServerTargetPlatform
[2016.11.03-20.32.17:806][  0]LogTemp:Display: Loaded TP WindowsTargetPlatform
[2016.11.03-20.32.17:806][  0]LogTargetPlatformManager:Display: Building Assets For Windows
[2016.11.03-20.32.17:955][  0]LogDerivedDataCache:Display: Max Cache Size: 512 MB
[2016.11.03-20.32.18:033][  0]LogDerivedDataCache: Loaded boot cache 0.08s 47MB C:/Users/Kevin/AppData/Local/UnrealEngine/4.12/DerivedDataCache/Boot.ddc.
[2016.11.03-20.32.18:033][  0]LogDerivedDataCache:Display: Loaded Boot cache: C:/Users/Kevin/AppData/Local/UnrealEngine/4.12/DerivedDataCache/Boot.ddc
[2016.11.03-20.32.18:033][  0]LogDerivedDataCache: FDerivedDataBackendGraph:  Pak pak cache file ../../../../../../Users/Kevin/Desktop/OnlineProject_Kevin/DerivedDataCache/DDC.ddp not found, will not use a pak cache.
[2016.11.03-20.32.18:033][  0]LogDerivedDataCache: Unable to find inner node Pak for hierarchical cache Hierarchy.
[2016.11.03-20.32.18:033][  0]LogDerivedDataCache: FDerivedDataBackendGraph:  CompressedPak pak cache file ../../../../../../Users/Kevin/Desktop/OnlineProject_Kevin/DerivedDataCache/Compressed.ddp not found, will not use a pak cache.
[2016.11.03-20.32.18:033][  0]LogDerivedDataCache: Unable to find inner node CompressedPak for hierarchical cache Hierarchy.
[2016.11.03-20.32.18:058][  0]LogDerivedDataCache:Display: Pak cache opened for reading ../../../Engine/DerivedDataCache/Compressed.ddp.
[2016.11.03-20.32.18:071][  0]LogDerivedDataCache: Using Local data cache path C:/Users/Kevin/AppData/Local/UnrealEngine/Common/DerivedDataCache: Writable
[2016.11.03-20.32.18:326][  0]LogAssetRegistry: FAssetRegistry took 0.0001 seconds to start up
[2016.11.03-20.32.18:330][  0]LogPackageLocalizationCache: Processed 3 localized package path(s) for 1 prioritized culture(s) in 0.004025 seconds
[2016.11.03-20.32.18:337][  0]LogInit: Selected Device Profile: [Windows]
[2016.11.03-20.32.18:338][  0]LogContentStreaming: Texture pool size is 1000.00 MB
[2016.11.03-20.32.18:556][  0]LogMeshUtilities: No automatic mesh reduction module available
[2016.11.03-20.32.18:556][  0]LogMeshUtilities: No automatic mesh merging module available
[2016.11.03-20.32.18:556][  0]LogMeshUtilities: No distributed automatic mesh merging module available
[2016.11.03-20.32.19:176][  0]LogSlate: SlateFontCache - WITH_FREETYPE: 1, WITH_HARFBUZZ: 1
[2016.11.03-20.32.19:176][  0]LogSlate: SlateFontCache - WITH_FREETYPE: 1, WITH_HARFBUZZ: 1
[2016.11.03-20.32.19:559][  0]LogMoviePlayer: Initializing movie player
[2016.11.03-20.32.19:761][  0]LogWindowsMoviePlayer: Unable to load movie: ../../../../../../Users/Kevin/Desktop/OnlineProject_Kevin/Content/Movies/Default_Startup.mp4
[2016.11.03-20.32.20:055][  0]LogUdpMessaging: Initializing bridge on interface 0.0.0.0:0 to multicast group 230.0.0.1:6666.
[2016.11.03-20.32.20:155][  0]SourceControl: Info Source control is disabled
[2016.11.03-20.32.20:155][  0]SourceControl: Info Source control is disabled
[2016.11.03-20.32.20:191][  0]SourceControl: Info Source control is disabled
[2016.11.03-20.32.20:644][  0]LogUObjectArray: 30985 objects as part of root set at end of initial load.
[2016.11.03-20.32.20:644][  0]LogUObjectAllocator: 6717240 out of 0 bytes used by permanent object pool.
[2016.11.03-20.32.20:644][  0]LogUObjectArray: CloseDisregardForGC: 0/0 objects in disregard for GC pool
[2016.11.03-20.32.20:764][  0]LogEngine: Initializing Engine...
[2016.11.03-20.32.20:767][  0]LogHMD: SteamVR failed to initialize.  Err: 110
[2016.11.03-20.32.20:768][  0]LogHMD: SteamVR failed to initialize.  Err: 110
[2016.11.03-20.32.21:048][  0]LogInit: XAudio2 using 'Altavoces (Realtek High Definition Audio)' : 2 channels at 48 kHz using 32 bits per sample (channel mask 0x3)
[2016.11.03-20.32.21:091][  0]LogInit: FAudioDevice initialized.
[2016.11.03-20.32.21:102][  0]LogInit: Texture streaming: Enabled
[2016.11.03-20.32.22:210][  0]LogNet: Browse: /Temp/Autosaves/Game/Maps/UEDPCMainMenu?Name=Player
[2016.11.03-20.32.22:210][  0]LogLoad: LoadMap: /Temp/Autosaves/Game/Maps/UEDPCMainMenu?Name=Player
[2016.11.03-20.32.22:296][  0]LogMemory: Platform Memory Stats for Windows
[2016.11.03-20.32.22:296][  0]LogMemory: Process Physical Memory: 537.80 MB used, 544.84 MB peak
[2016.11.03-20.32.22:296][  0]LogMemory: Process Virtual Memory: 607.06 MB used, 607.07 MB peak
[2016.11.03-20.32.22:296][  0]LogMemory: Physical Memory: 4709.32 MB used, 8105.84 MB total
[2016.11.03-20.32.22:296][  0]LogMemory: Virtual Memory: 1208.39 MB used, 134217728.00 MB total
[2016.11.03-20.32.22:296][  0]LogMemory: 
[2016.11.03-20.32.22:296][  0]Allocator Stats for TBB: (not implemented)
[2016.11.03-20.32.22:347][  0]LogAIModule: Creating AISystem for world MainMenu
[2016.11.03-20.32.22:594][  0]LogWorld: Game class is 'ThirdPersonGameMode_C'
[2016.11.03-20.32.22:597][  0]LogWorld: Bringing World /Temp/Autosaves/Game/Maps/UEDPCMainMenu.MainMenu up for play (max tick rate 0) at 2016.11.03-14.32.22
[2016.11.03-20.32.22:597][  0]LogWorld: Bringing up level for play took: 0.002000
[2016.11.03-20.32.22:607][  0]LogLoad: Took 0.396580 seconds to LoadMap(/Temp/Autosaves/Game/Maps/UEDPCMainMenu)
[2016.11.03-20.32.22:607][  0]LogInit:Display: Game Engine Initialized.
[2016.11.03-20.32.22:868][  0]LogLoad: Full Startup: 11.05 seconds (BP compile: 0.44 seconds)
[2016.11.03-20.32.22:868][  0]LogExternalProfiler: Found external profiler: VSPerf
[2016.11.03-20.32.22:868][  0]LogExternalProfiler: Using external profiler: VSPerf
[2016.11.03-20.32.22:885][  0]LogWindowsTextInputMethodSystem:Display: IME system now deactivated.
[2016.11.03-20.32.22:885][  0]LogOcInput: OculusInput pre-init called
[2016.11.03-20.32.23:032][  2]LogRenderer: Reallocating scene render targets to support 1068x600 (Frame:2).
[2016.11.03-20.32.30:480][422]Closing by request
[2016.11.03-20.32.30:481][422]LogWindows: FPlatformMisc::RequestExit(0)
[2016.11.03-20.32.30:482][423]LogMoviePlayer: Shutting down movie player
[2016.11.03-20.32.30:805][423]LogWindowsTextInputMethodSystem:Display: IME system now deactivated.
[2016.11.03-20.32.30:813][423]LogExit: Preparing to exit.
[2016.11.03-20.32.31:231][423]LogExit: Game engine shut down
[2016.11.03-20.32.31:438][423]LogObj: Freed 0b from 0 cluster array pools.
[2016.11.03-20.32.31:438][423]LogExit: Object subsystem successfully closed.
[2016.11.03-20.32.31:466][423]LogD3D11RHI: Shutdown
[2016.11.03-20.32.31:466][423]LogD3D11RHI: CleanupD3DDevice
[2016.11.03-20.32.31:693][423]LogD3D11RHI: ~FD3D11DynamicRHI
[2016.11.03-20.32.31:743][423]LogModuleManager: Shutting down and abandoning module SequenceRecorderSections (114)
[2016.11.03-20.32.31:743][423]LogModuleManager: Shutting down and abandoning module SequenceRecorder (113)
[2016.11.03-20.32.31:743][423]LogModuleManager: Shutting down and abandoning module AutomationController (112)
[2016.11.03-20.32.31:743][423]LogModuleManager: Shutting down and abandoning module AutomationWorker (111)
[2016.11.03-20.32.31:743][423]LogModuleManager: Shutting down and abandoning module CharacterAI (110)
[2016.11.03-20.32.31:743][423]LogModuleManager: Shutting down and abandoning module SessionServices (109)
[2016.11.03-20.32.31:743][423]LogModuleManager: Shutting down and abandoning module GameplayDebugger (108)
[2016.11.03-20.32.31:743][423]LogModuleManager: Shutting down and abandoning module AITestSuite (107)
[2016.11.03-20.32.31:743][423]LogModuleManager: Shutting down and abandoning module AIModule (106)
[2016.11.03-20.32.31:743][423]LogModuleManager: Shutting down and abandoning module MovieSceneCapture (105)
[2016.11.03-20.32.31:743][423]LogModuleManager: Shutting down and abandoning module StreamingPauseRendering (104)
[2016.11.03-20.32.31:743][423]LogModuleManager: Shutting down and abandoning module PortalServices (103)
[2016.11.03-20.32.31:743][423]LogModuleManager: Shutting down and abandoning module PortalRpc (102)
[2016.11.03-20.32.31:743][423]LogModuleManager: Shutting down and abandoning module MessagingRpc (101)
[2016.11.03-20.32.31:743][423]LogModuleManager: Shutting down and abandoning module ProfilerService (100)
[2016.11.03-20.32.31:978][423]LogModuleManager: Shutting down and abandoning module TaskGraph (99)
[2016.11.03-20.32.31:978][423]LogModuleManager: Shutting down and abandoning module SlateRemote (98)
[2016.11.03-20.32.31:978][423]LogModuleManager: Shutting down and abandoning module SteamVRController (97)
[2016.11.03-20.32.31:978][423]LogModuleManager: Shutting down and abandoning module SteamVR (96)
[2016.11.03-20.32.31:978][423]LogModuleManager: Shutting down and abandoning module ProceduralMeshComponent (95)
[2016.11.03-20.32.31:978][423]LogModuleManager: Shutting down and abandoning module OculusLibrary (94)
[2016.11.03-20.32.31:978][423]LogModuleManager: Shutting down and abandoning module OculusInput (93)
[2016.11.03-20.32.31:979][423]LogModuleManager: Shutting down and abandoning module CustomMeshComponent (92)
[2016.11.03-20.32.31:979][423]LogModuleManager: Shutting down and abandoning module CableComponent (91)
[2016.11.03-20.32.31:979][423]LogModuleManager: Shutting down and abandoning module ArchVisCharacter (90)
[2016.11.03-20.32.31:979][423]LogModuleManager: Shutting down and abandoning module HTML5Networking (89)
[2016.11.03-20.32.31:979][423]LogModuleManager: Shutting down and abandoning module DesktopPlatform (88)
[2016.11.03-20.32.31:979][423]LogModuleManager: Shutting down and abandoning module DirectoryWatcher (87)
[2016.11.03-20.32.31:979][423]LogModuleManager: Shutting down and abandoning module HotReload (86)
[2016.11.03-20.32.31:979][423]LogModuleManager: Shutting down and abandoning module VisualStudioSourceCodeAccess (85)
[2016.11.03-20.32.31:979][423]LogModuleManager: Shutting down and abandoning module UObjectPlugin (84)
[2016.11.03-20.32.31:979][423]LogModuleManager: Shutting down and abandoning module SubversionSourceControl (83)
[2016.11.03-20.32.31:979][423]LogModuleManager: Shutting down and abandoning module SourceControl (82)
[2016.11.03-20.32.31:979][423]LogModuleManager: Shutting down and abandoning module PerforceSourceControl (81)
[2016.11.03-20.32.31:979][423]LogModuleManager: Shutting down and abandoning module UdpMessaging (80)
[2016.11.03-20.32.32:080][423]LogModuleManager: Shutting down and abandoning module LightPropagationVolumeRuntime (79)
[2016.11.03-20.32.32:080][423]LogModuleManager: Shutting down and abandoning module Paper2D (78)
[2016.11.03-20.32.32:080][423]LogModuleManager: Shutting down and abandoning module WindowsMoviePlayer (77)
[2016.11.03-20.32.32:080][423]LogModuleManager: Shutting down and abandoning module Media (76)
[2016.11.03-20.32.32:080][423]LogModuleManager: Shutting down and abandoning module WmfMedia (75)
[2016.11.03-20.32.32:080][423]LogModuleManager: Shutting down and abandoning module MediaAssets (74)
[2016.11.03-20.32.32:080][423]LogModuleManager: Shutting down and abandoning module GameLiveStreaming (73)
[2016.11.03-20.32.32:080][423]LogModuleManager: Shutting down and abandoning module GameplayTagsEditor (72)
[2016.11.03-20.32.32:080][423]LogModuleManager: Shutting down and abandoning module OnlineBlueprintSupport (71)
[2016.11.03-20.32.32:080][423]LogModuleManager: Shutting down and abandoning module VREditor (70)
[2016.11.03-20.32.32:080][423]LogModuleManager: Shutting down and abandoning module GameplayTasksEditor (69)
[2016.11.03-20.32.32:080][423]LogModuleManager: Shutting down and abandoning module PropertyEditor (68)
[2016.11.03-20.32.32:080][423]LogModuleManager: Shutting down and abandoning module BehaviorTreeEditor (67)
[2016.11.03-20.32.32:080][423]LogModuleManager: Shutting down and abandoning module FunctionalTesting (66)
[2016.11.03-20.32.32:080][423]LogModuleManager: Shutting down and abandoning module CollisionAnalyzer (65)
[2016.11.03-20.32.32:080][423]LogModuleManager: Shutting down and abandoning module Sequencer (64)
[2016.11.03-20.32.32:080][423]LogModuleManager: Shutting down and abandoning module WorkspaceMenuStructure (63)
[2016.11.03-20.32.32:080][423]LogModuleManager: Shutting down and abandoning module MessageLog (62)
[2016.11.03-20.32.32:080][423]LogModuleManager: Shutting down and abandoning module AssetTools (61)
[2016.11.03-20.32.32:080][423]LogModuleManager: Shutting down and abandoning module UMGEditor (60)
[2016.11.03-20.32.32:080][423]LogModuleManager: Shutting down and abandoning module UMG (59)
[2016.11.03-20.32.32:080][423]LogModuleManager: Shutting down and abandoning module SlateReflector (58)
[2016.11.03-20.32.32:080][423]LogModuleManager: Shutting down and abandoning module Slate (57)
[2016.11.03-20.32.32:080][423]LogModuleManager: Shutting down and abandoning module EditorStyle (56)
[2016.11.03-20.32.32:085][423]LogModuleManager: Shutting down and abandoning module Messaging (55)
[2016.11.03-20.32.32:085][423]LogModuleManager: Shutting down and abandoning module SourceCodeAccess (54)
[2016.11.03-20.32.32:085][423]LogModuleManager: Shutting down and abandoning module HeadMountedDisplay (53)
[2016.11.03-20.32.32:085][423]LogModuleManager: Shutting down and abandoning module XAudio2 (52)
[2016.11.03-20.32.32:085][423]LogModuleManager: Shutting down and abandoning module Networking (51)
[2016.11.03-20.32.32:085][423]LogModuleManager: Shutting down and abandoning module Core (50)
[2016.11.03-20.32.32:085][423]LogModuleManager: Shutting down and abandoning module KismetCompiler (49)
[2016.11.03-20.32.32:085][423]LogModuleManager: Shutting down and abandoning module PhysXFormats (48)
[2016.11.03-20.32.32:085][423]LogModuleManager: Shutting down and abandoning module MeshUtilities (47)
[2016.11.03-20.32.32:085][423]LogModuleManager: Shutting down and abandoning module AssetRegistry (46)
[2016.11.03-20.32.32:085][423]LogModuleManager: Shutting down and abandoning module DerivedDataCache (45)
[2016.11.03-20.32.32:577][423]LogDerivedDataCache: Shutdown
[2016.11.03-20.32.32:577][423]LogModuleManager: Shutting down and abandoning module VulkanShaderFormat (44)
[2016.11.03-20.32.32:577][423]LogModuleManager: Shutting down and abandoning module ShaderFormatOpenGL (43)
[2016.11.03-20.32.32:578][423]LogModuleManager: Shutting down and abandoning module ShaderFormatD3D (42)
[2016.11.03-20.32.32:578][423]LogModuleManager: Shutting down and abandoning module MetalShaderFormat (41)
[2016.11.03-20.32.32:578][423]LogModuleManager: Shutting down and abandoning module TextureFormatUncompressed (40)
[2016.11.03-20.32.32:578][423]LogModuleManager: Shutting down and abandoning module TextureFormatPVR (39)
[2016.11.03-20.32.32:578][423]LogModuleManager: Shutting down and abandoning module TextureFormatIntelISPCTexComp (38)
[2016.11.03-20.32.32:578][423]LogModuleManager: Shutting down and abandoning module TextureFormatDXT (37)
[2016.11.03-20.32.32:578][423]LogModuleManager: Shutting down and abandoning module ImageWrapper (36)
[2016.11.03-20.32.32:578][423]LogModuleManager: Shutting down and abandoning module TextureFormatASTC (35)
[2016.11.03-20.32.32:578][423]LogModuleManager: Shutting down and abandoning module TextureFormatAndroid (34)
[2016.11.03-20.32.32:578][423]LogModuleManager: Shutting down and abandoning module AudioFormatOpus (33)
[2016.11.03-20.32.32:578][423]LogModuleManager: Shutting down and abandoning module AudioFormatOgg (32)
[2016.11.03-20.32.32:578][423]LogModuleManager: Shutting down and abandoning module AudioFormatADPCM (31)
[2016.11.03-20.32.32:578][423]LogModuleManager: Shutting down and abandoning module WindowsTargetPlatform (30)
[2016.11.03-20.32.32:578][423]LogModuleManager: Shutting down and abandoning module WindowsServerTargetPlatform (29)
[2016.11.03-20.32.32:578][423]LogModuleManager: Shutting down and abandoning module WindowsNoEditorTargetPlatform (28)
[2016.11.03-20.32.32:578][423]LogModuleManager: Shutting down and abandoning module WindowsClientTargetPlatform (27)
[2016.11.03-20.32.32:578][423]LogModuleManager: Shutting down and abandoning module TargetPlatform (26)
[2016.11.03-20.32.32:578][423]LogModuleManager: Shutting down and abandoning module InputCore (25)
[2016.11.03-20.32.32:578][423]LogModuleManager: Shutting down and abandoning module Settings (24)
[2016.11.03-20.32.32:578][423]LogModuleManager: Shutting down and abandoning module Voice (22)
[2016.11.03-20.32.32:578][423]LogModuleManager: Shutting down and abandoning module OnlineSubsystem (19)
[2016.11.03-20.32.32:578][423]LogOnline:Display: NULL: FOnlineSubsystemNull::Shutdown()
[2016.11.03-20.32.32:579][423]LogOnline:Display: Unloading online subsystem: NULL
[2016.11.03-20.32.32:579][423]LogModuleManager: Shutting down and abandoning module HTTP (18)
[2016.11.03-20.32.32:579][423]LogModuleManager: Shutting down and abandoning module XMPP (17)
[2016.11.03-20.32.32:579][423]LogModuleManager: Shutting down and abandoning module OculusRift (16)
[2016.11.03-20.32.32:579][423]LogModuleManager: Shutting down and abandoning module ExampleDeviceProfileSelector (15)
[2016.11.03-20.32.32:579][423]LogModuleManager: Shutting down and abandoning module TextureCompressor (14)
[2016.11.03-20.32.32:579][423]LogModuleManager: Shutting down and abandoning module ShaderCore (13)
[2016.11.03-20.32.32:579][423]LogModuleManager: Shutting down and abandoning module Landscape (12)
[2016.11.03-20.32.32:579][423]LogModuleManager: Shutting down and abandoning module SlateRHIRenderer (11)
[2016.11.03-20.32.32:580][423]LogModuleManager: Shutting down and abandoning module OpenGLDrv (10)
[2016.11.03-20.32.32:580][423]LogModuleManager: Shutting down and abandoning module D3D11RHI (9)
[2016.11.03-20.32.32:580][423]LogModuleManager: Shutting down and abandoning module AnimGraphRuntime (8)
[2016.11.03-20.32.32:580][423]LogModuleManager: Shutting down and abandoning module Renderer (7)
[2016.11.03-20.32.32:580][423]LogModuleManager: Shutting down and abandoning module Engine (6)
[2016.11.03-20.32.32:580][423]LogModuleManager: Shutting down and abandoning module CoreUObject (5)
[2016.11.03-20.32.32:580][423]LogModuleManager: Shutting down and abandoning module NetworkFile (4)
[2016.11.03-20.32.32:580][423]LogModuleManager: Shutting down and abandoning module StreamingFile (3)
[2016.11.03-20.32.32:580][423]LogModuleManager: Shutting down and abandoning module SandboxFile (2)
[2016.11.03-20.32.32:580][423]LogModuleManager: Shutting down and abandoning module PakFile (1)
[2016.11.03-20.32.32:581][423]LogExit: Exiting.
[2016.11.03-20.32.32:583][423]Log file closed, 11/03/16 14:32:32
