Log file open, 11/05/16 18:10:42
LogInit:Display: Running engine for game: OnlineProject
LogPlatformFile: Not using cached read wrapper
LogInit:Display: RandInit(-1931301702) SRandInit(-1931301693).
LogTaskGraph: Started task graph with 4 named threads and 5 total threads with 1 sets of task threads.
LogStats: Stats thread started at 0.220832
LogInit: Version: 4.12.5-3039270+++UE4+Release-4.12
LogInit: API Version: 2992821
LogInit: Net Version: 3039270
LogDevObjectVersion: Number of dev versions registered: 13
LogDevObjectVersion:   Dev-Blueprints (B0D832E4-1F89-4F0D-ACCF-7EB736FD4AA2): 3
LogDevObjectVersion:   Dev-Build (E1C64328-A22C-4D53-A36C-8E866417BD8C): 0
LogDevObjectVersion:   Dev-Core (375EC13C-06E4-48FB-B500-84F0262A717E): 1
LogDevObjectVersion:   Dev-Editor (E4B068ED-F494-42E9-A231-DA0B2E46BB41): 2
LogDevObjectVersion:   Dev-Framework (CFFC743F-43B0-4480-9391-14DF171D2073): 6
LogDevObjectVersion:   Dev-Mobile (B02B49B5-BB20-44E9-A304-32B752E40360): 0
LogDevObjectVersion:   Dev-Networking (A4E4105C-59A1-49B5-A7C5-40C4547EDFEE): 0
LogDevObjectVersion:   Dev-Online (39C831C9-5AE6-47DC-9A44-9C173E1C8E7C): 0
LogDevObjectVersion:   Dev-Physics (78F01B33-EBEA-4F98-B9B4-84EACCB95AA2): 0
LogDevObjectVersion:   Dev-Platform (6631380F-2D4D-43E0-8009-CF276956A95A): 0
LogDevObjectVersion:   Dev-Rendering (12F88B9F-8875-4AFC-A67C-D90C383ABD29): 2
LogDevObjectVersion:   Dev-Sequencer (7B5AE74C-D270-4C10-A958-57980B212A5A): 0
LogDevObjectVersion:   Dev-VR (D7296918-1DD6-4BDD-9DE2-64A83CC13884): 0
LogInit: Compiled (64-bit): Jul  6 2016 09:09:46
LogInit: Compiled with Visual C++: 19.00.23026.00
LogInit: Build Configuration: Development
LogInit: Branch Name: ++UE4+Release-4.12
LogInit: Command line:  
LogInit: Base directory: C:/Program Files (x86)/Epic Games/4.12/Engine/Binaries/Win64/
LogInit: Installed Engine Build: 1
LogInit: Using libcurl 7.41.0
LogInit:  - built for x86_64-pc-win32
LogInit:  - supports SSL with WinSSL
LogInit:  - other features:
LogInit:      CURL_VERSION_SSL
LogInit:      CURL_VERSION_IPV6
LogInit:      CURL_VERSION_ASYNCHDNS
LogInit:      CURL_VERSION_LARGEFILE
LogInit:      CURL_VERSION_IDN
LogInit:  CurlRequestOptions (configurable via config and command line):
LogInit:  - bVerifyPeer = true  - Libcurl will verify peer certificate
LogInit:  - bUseHttpProxy = false  - Libcurl will NOT use HTTP proxy
LogInit:  - bDontReuseConnections = false  - Libcurl will reuse connections
LogInit:  - CertBundlePath = nullptr  - Libcurl will use whatever was configured at build time.
LogInit: WinSock: version 1.1 (2.2), MaxSocks=32767, MaxUdp=65467
LogVoice:Warning: Failed to initialize voice interface
LogInit: Presizing for max 8388607 objects, including 0 objects not considered by GC, pre-allocating 0 bytes for permanent pool.
LogInit: Object subsystem initialized
[2016.11.06-00.10.42:940][  0]LogInit: Selected Device Profile: [Windows]
[2016.11.06-00.10.42:940][  0]LogInit: Applying CVar settings loaded from the selected device profile: [Windows]
[2016.11.06-00.10.42:983][  0]LogInit: Computer: METAL_REAR
[2016.11.06-00.10.42:986][  0]LogInit: User: Kevin
[2016.11.06-00.10.42:986][  0]LogInit: CPU Page size=65536, Cores=2
[2016.11.06-00.10.42:986][  0]LogInit: High frequency timer resolution =2.143473 MHz
[2016.11.06-00.10.42:986][  0]LogMemory: Memory total: Physical=7.9GB (8GB approx)
[2016.11.06-00.10.42:987][  0]LogMemory: Platform Memory Stats for Windows
[2016.11.06-00.10.42:987][  0]LogMemory: Process Physical Memory: 191.55 MB used, 191.55 MB peak
[2016.11.06-00.10.42:987][  0]LogMemory: Process Virtual Memory: 195.19 MB used, 195.19 MB peak
[2016.11.06-00.10.42:987][  0]LogMemory: Physical Memory: 4704.77 MB used, 8105.84 MB total
[2016.11.06-00.10.42:987][  0]LogMemory: Virtual Memory: 554.43 MB used, 134217728.00 MB total
[2016.11.06-00.10.44:793][  0]LogD3D11RHI: D3D11 adapters:
[2016.11.06-00.10.44:800][  0]LogD3D11RHI:    0. 'Intel(R) HD Graphics 5500' (Feature Level 11_0)
[2016.11.06-00.10.44:800][  0]LogD3D11RHI:       128/0/4052 MB DedicatedVideo/DedicatedSystem/SharedSystem, Outputs:1, VendorId:0x8086
[2016.11.06-00.10.46:876][  0]LogD3D11RHI:    1. 'AMD Radeon R9 M275' (Feature Level 11_0)
[2016.11.06-00.10.46:876][  0]LogD3D11RHI:       2026/0/4052 MB DedicatedVideo/DedicatedSystem/SharedSystem, Outputs:0, VendorId:0x1002
[2016.11.06-00.10.47:011][  0]LogD3D11RHI:    2. 'Microsoft Basic Render Driver' (Feature Level 11_0)
[2016.11.06-00.10.47:011][  0]LogD3D11RHI:       0/0/4052 MB DedicatedVideo/DedicatedSystem/SharedSystem, Outputs:0, VendorId:0x1414
[2016.11.06-00.10.47:011][  0]LogD3D11RHI: Chosen D3D11 Adapter: 1
[2016.11.06-00.10.47:107][  0]LogD3D11RHI: Creating new Direct3DDevice
[2016.11.06-00.10.47:107][  0]LogD3D11RHI:     GPU DeviceId: 0x6820 (for the marketing name, search the web for "GPU Device Id")
[2016.11.06-00.10.47:108][  0]LogWindows: EnumDisplayDevices:
[2016.11.06-00.10.47:109][  0]LogWindows:    0. 'Intel(R) HD Graphics 5500' (P:1 D:1)
[2016.11.06-00.10.47:110][  0]LogWindows:    1. 'Intel(R) HD Graphics 5500' (P:0 D:0)
[2016.11.06-00.10.47:111][  0]LogWindows:    2. 'Intel(R) HD Graphics 5500' (P:0 D:0)
[2016.11.06-00.10.47:112][  0]LogWindows: DebugString: PrimaryIsNotTheChoosenAdapter PrimaryIsNotTheChoosenAdapter PrimaryIsNotTheChoosenAdapter FoundDriverCount:0 
[2016.11.06-00.10.47:112][  0]LogD3D11RHI:     Adapter Name: AMD Radeon R9 M275
[2016.11.06-00.10.47:112][  0]LogD3D11RHI:   Driver Version: Unknown (internal:Unknown, unified:Unknown)
[2016.11.06-00.10.47:112][  0]LogD3D11RHI:      Driver Date: Unknown
[2016.11.06-00.10.47:113][  0]LogRHI: Texture pool is 1361 MB (70% of 1945 MB)
[2016.11.06-00.10.47:734][  0]LogD3D11RHI: Async texture creation disabled: no driver support
[2016.11.06-00.10.47:797][  0]LogD3D11RHI: GPU Timing Frequency: 27.000000 (Debug: 2 1)
[2016.11.06-00.10.47:803][  0]LogShaderCompilers: Guid format shader working directory is -21 characters bigger than the processId version (../../../../../../Users/Kevin/Desktop/Online_V3/OnlineProject_Kevin/Intermediate/Shaders/WorkingDirectory/7632/).
[2016.11.06-00.10.47:804][  0]LogShaderCompilers: Cleaned the shader compiler working directory 'C:/Users/Kevin/AppData/Local/Temp/UnrealShaderWorkingDir/277011434AEF2102FA5E36AF2C66CC50/'.
[2016.11.06-00.10.47:804][  0]LogShaderCompilers:Display: Using Local Shader Compiler.
[2016.11.06-00.11.06:968][  0]LogTemp:Display: Loaded TP AllDesktopTargetPlatform
[2016.11.06-00.11.07:182][  0]LogTemp:Display: Loaded TP WindowsClientTargetPlatform
[2016.11.06-00.11.07:404][  0]LogTemp:Display: Loaded TP WindowsNoEditorTargetPlatform
[2016.11.06-00.11.07:589][  0]LogTemp:Display: Loaded TP WindowsServerTargetPlatform
[2016.11.06-00.11.07:740][  0]LogTemp:Display: Loaded TP WindowsTargetPlatform
[2016.11.06-00.11.07:919][  0]LogTemp:Display: Loaded TP AndroidTargetPlatform
[2016.11.06-00.11.08:063][  0]LogTemp:Display: Loaded TP Android_ASTCTargetPlatform
[2016.11.06-00.11.08:182][  0]LogTemp:Display: Loaded TP Android_ATCTargetPlatform
[2016.11.06-00.11.08:369][  0]LogTemp:Display: Loaded TP Android_DXTTargetPlatform
[2016.11.06-00.11.08:688][  0]LogTemp:Display: Loaded TP Android_ETC1TargetPlatform
[2016.11.06-00.11.08:850][  0]LogTemp:Display: Loaded TP Android_ETC2TargetPlatform
[2016.11.06-00.11.09:163][  0]LogTemp:Display: Loaded TP Android_MultiTargetPlatform
[2016.11.06-00.11.09:164][  0]LogTemp:Display: Loaded TP Android_PVRTCTargetPlatform
[2016.11.06-00.11.09:171][  0]LogTemp:Display: Loaded TP HTML5TargetPlatform
[2016.11.06-00.11.09:733][  0]LogTemp:Display: Loaded TP IOSTargetPlatform
[2016.11.06-00.11.09:932][  0]LogTemp:Display: Loaded TP TVOSTargetPlatform
[2016.11.06-00.11.10:070][  0]LogTemp:Display: Loaded TP LinuxNoEditorTargetPlatform
[2016.11.06-00.11.10:254][  0]LogTemp:Display: Loaded TP LinuxServerTargetPlatform
[2016.11.06-00.11.10:410][  0]LogTemp:Display: Loaded TP LinuxTargetPlatform
[2016.11.06-00.11.10:410][  0]LogTargetPlatformManager:Display: Building Assets For Windows
[2016.11.06-00.11.14:442][  0]LogDerivedDataCache:Display: Max Cache Size: 512 MB
[2016.11.06-00.11.15:209][  0]LogDerivedDataCache: Loaded boot cache 0.77s 48MB C:/Users/Kevin/AppData/Local/UnrealEngine/4.12/DerivedDataCache/Boot.ddc.
[2016.11.06-00.11.15:211][  0]LogDerivedDataCache:Display: Loaded Boot cache: C:/Users/Kevin/AppData/Local/UnrealEngine/4.12/DerivedDataCache/Boot.ddc
[2016.11.06-00.11.15:212][  0]LogDerivedDataCache: FDerivedDataBackendGraph:  Pak pak cache file ../../../../../../Users/Kevin/Desktop/Online_V3/OnlineProject_Kevin/DerivedDataCache/DDC.ddp not found, will not use a pak cache.
[2016.11.06-00.11.15:212][  0]LogDerivedDataCache: Unable to find inner node Pak for hierarchical cache Hierarchy.
[2016.11.06-00.11.15:212][  0]LogDerivedDataCache: FDerivedDataBackendGraph:  CompressedPak pak cache file ../../../../../../Users/Kevin/Desktop/Online_V3/OnlineProject_Kevin/DerivedDataCache/Compressed.ddp not found, will not use a pak cache.
[2016.11.06-00.11.15:212][  0]LogDerivedDataCache: Unable to find inner node CompressedPak for hierarchical cache Hierarchy.
[2016.11.06-00.11.15:398][  0]LogDerivedDataCache:Display: Pak cache opened for reading ../../../Engine/DerivedDataCache/Compressed.ddp.
[2016.11.06-00.11.15:417][  0]LogDerivedDataCache: Using Local data cache path C:/Users/Kevin/AppData/Local/UnrealEngine/Common/DerivedDataCache: Writable
[2016.11.06-00.12.00:219][  0]LogInit: Selected Device Profile: [Windows]
[2016.11.06-00.12.00:223][  0]LogContentStreaming: Texture pool size is 0.00 MB
[2016.11.06-00.12.02:960][  0]LogMeshUtilities: No automatic mesh reduction module available
[2016.11.06-00.12.02:960][  0]LogMeshUtilities: No automatic mesh merging module available
[2016.11.06-00.12.02:960][  0]LogMeshUtilities: No distributed automatic mesh merging module available
[2016.11.06-00.12.07:289][  0]LogAssetRegistry: FAssetRegistry took 0.0248 seconds to start up
[2016.11.06-00.12.07:423][  0]LogPackageLocalizationCache: Processed 3 localized package path(s) for 1 prioritized culture(s) in 0.099378 seconds
[2016.11.06-00.12.07:461][  0]LogUObjectArray: 28739 objects as part of root set at end of initial load.
[2016.11.06-00.12.07:461][  0]LogUObjectAllocator: 5855632 out of 0 bytes used by permanent object pool.
[2016.11.06-00.12.07:461][  0]LogUObjectArray: CloseDisregardForGC: 0/0 objects in disregard for GC pool
[2016.11.06-00.12.11:588][  0]LogSlate: SlateFontCache - WITH_FREETYPE: 1, WITH_HARFBUZZ: 1
[2016.11.06-00.12.11:588][  0]LogSlate: SlateFontCache - WITH_FREETYPE: 1, WITH_HARFBUZZ: 1
[2016.11.06-00.12.42:109][  0]LogUdpMessaging: Initializing bridge on interface 0.0.0.0:0 to multicast group 230.0.0.1:6666.
[2016.11.06-00.12.45:985][  0]SourceControl: Info Source control is disabled
[2016.11.06-00.12.47:382][  0]SourceControl: Info Source control is disabled
[2016.11.06-00.12.47:499][  0]SourceControl: Info Source control is disabled
[2016.11.06-00.12.47:656][  0]SourceControl: Info Source control is disabled
[2016.11.06-00.12.50:409][  0]LogEngine: Initializing Engine...
[2016.11.06-00.12.50:660][  0]LogHMD: SteamVR failed to initialize.  Err: 110
[2016.11.06-00.12.50:665][  0]LogHMD: SteamVR failed to initialize.  Err: 110
[2016.11.06-00.12.53:185][  0]LogAIModule: Creating AISystem for world NewWorld
[2016.11.06-00.12.53:241][  0]LogInit: XAudio2 using 'Altavoces (Realtek High Definition Audio)' : 2 channels at 48 kHz using 32 bits per sample (channel mask 0x3)
[2016.11.06-00.12.53:607][  0]LogInit: FAudioDevice initialized.
[2016.11.06-00.12.53:860][  0]LogDerivedDataCache: Saved boot cache 0.25s 48MB C:/Users/Kevin/AppData/Local/UnrealEngine/4.12/DerivedDataCache/Boot.ddc.
[2016.11.06-00.12.53:919][  0]LogInit: Texture streaming: Enabled
[2016.11.06-00.12.54:209][  0]LogInit: Transaction tracking system initialized
[2016.11.06-00.12.54:460][  0]BlueprintLog: New page: Editor Load
[2016.11.06-00.12.55:497][  0]LocalizationService: Info Localization service is disabled
[2016.11.06-00.12.57:986][  0]LogConsoleResponse:Display: 
[2016.11.06-00.13.07:429][  0]LogCook:Display: Max memory allowance for cook 8192mb
[2016.11.06-00.13.07:429][  0]LogCook:Display: Mobile HDR setting 1
[2016.11.06-00.13.08:597][  0]LogFileCache: Scanning file cache for directory 'C:/Users/Kevin/Desktop/Online_V3/OnlineProject_Kevin/Content/' took 0.06s
[2016.11.06-00.13.12:150][  0]SourceControl: Info Source control is disabled
[2016.11.06-00.13.12:152][  0]Cmd: MAP LOAD FILE="../../../../../../Users/Kevin/Desktop/Online_V3/OnlineProject_Kevin/Content/Maps/MainMenu.umap" TEMPLATE=0 SHOWPROGRESS=1 FEATURELEVEL=3
[2016.11.06-00.13.12:224][  0]LightingResults: New page: Lighting Build
[2016.11.06-00.13.12:344][  0]MapCheck: New page: Map Check
[2016.11.06-00.13.12:344][  0]LightingResults: New page: Lighting Build
[2016.11.06-00.13.21:743][  0]LogAIModule: Creating AISystem for world MainMenu
[2016.11.06-00.13.21:766][  0]LogEditorServer: Finished looking for orphan Actors (0.001 secs)
[2016.11.06-00.13.21:774][  0]Cmd: MAP CHECKDEP NOCLEARLOG
[2016.11.06-00.13.22:293][  0]MapCheck: Info Map check complete: 0 Error(s), 0 Warning(s), took 518.807ms to complete.
[2016.11.06-00.13.22:294][  0]LogFileHelpers: Loading map 'MainMenu' took 10.144
[2016.11.06-00.13.23:205][  0]LogCollectionManager: Loaded 1 collections in 0.035632 seconds
[2016.11.06-00.13.23:348][  0]LogFileCache: Scanning file cache for directory 'C:/Users/Kevin/Desktop/Online_V3/OnlineProject_Kevin/Saved/Collections/' took 0.01s
[2016.11.06-00.13.23:348][  0]LogFileCache: Scanning file cache for directory 'C:/Users/Kevin/Desktop/Online_V3/OnlineProject_Kevin/Content/Developers/Kevin/Collections/' took 0.01s
[2016.11.06-00.13.23:348][  0]LogFileCache: Scanning file cache for directory 'C:/Users/Kevin/Desktop/Online_V3/OnlineProject_Kevin/Content/Collections/' took 0.02s
[2016.11.06-00.13.23:349][  0]LogCollectionManager: Rebuilt the GUID cache for 1 collections in 0.000035 seconds
[2016.11.06-00.13.23:349][  0]LogCollectionManager: Rebuilt the hierarchy cache for 1 collections in 0.000003 seconds
[2016.11.06-00.13.23:452][  0]LogContentBrowser: Native class hierarchy populated in 0.1024 seconds. Added 2047 classes and 369 folders.
[2016.11.06-00.13.23:520][  0]LogStats: UGameplayTagsManager::ConstructGameplayTagTree: Construct from data asset -  0.000 s
[2016.11.06-00.13.23:520][  0]LogStats: UGameplayTagsManager::ConstructGameplayTagTree: GameplayTagTreeChangedEvent.Broadcast -  0.000 s
[2016.11.06-00.13.23:525][  0]LogContentBrowser: Native class hierarchy updated for 'GameplayTags' in 0.0041 seconds. Added 12 classes and 0 folders.
[2016.11.06-00.13.23:644][  0]LogContentBrowser: Native class hierarchy updated for 'WidgetCarousel' in 0.0060 seconds. Added 0 classes and 0 folders.
[2016.11.06-00.13.25:951][  0]LogContentBrowser: Native class hierarchy updated for 'AddContentDialog' in 0.0024 seconds. Added 0 classes and 0 folders.
[2016.11.06-00.13.25:979][  0]LogContentBrowser: Native class hierarchy updated for 'SceneOutliner' in 0.0021 seconds. Added 1 classes and 2 folders.
[2016.11.06-00.13.26:303][  0]LogCrashTracker: Crashtracker disabled due to settings.
[2016.11.06-00.13.26:355][  0]LogUObjectGlobals:Warning: Failed to find object 'Class None.'
[2016.11.06-00.13.26:483][  0]LogContentBrowser: Native class hierarchy updated for 'HierarchicalLODOutliner' in 0.0025 seconds. Added 1 classes and 2 folders.
[2016.11.06-00.13.26:484][  0]LogLoad: Full Startup: 168.90 seconds (BP compile: 2.17 seconds)
[2016.11.06-00.13.26:485][  0]LogExternalProfiler: Found external profiler: VSPerf
[2016.11.06-00.13.26:485][  0]LogExternalProfiler: Using external profiler: VSPerf
[2016.11.06-00.13.26:830][  0]LogOcInput: OculusInput pre-init called
[2016.11.06-00.13.26:863][  0]LogContentStreaming: Texture pool size now 400 MB
[2016.11.06-00.13.28:973][  0]LogRenderer: Reallocating scene render targets to support 744x340 (Frame:2).
[2016.11.06-00.13.35:321][ 10]LogAssetRegistry: Asset discovery search completed in 88.0563 seconds
[2016.11.06-00.13.35:321][ 10]LogCollectionManager: Rebuilt the object cache for 1 collections in 0.000088 seconds (found 0 objects)
[2016.11.06-00.13.35:322][ 10]LogCollectionManager: Fixed up redirectors for 1 collections in 0.000539 seconds (updated 0 objects)
[2016.11.06-00.15.01:912][305]LogWindowsTextInputMethodSystem:Display: IME system now deactivated.
[2016.11.06-00.15.02:826][306]Cmd: QUIT_EDITOR
[2016.11.06-00.15.04:151][306]LogExit: Preparing to exit.
[2016.11.06-00.15.04:615][306]LogExit: Editor shut down
[2016.11.06-00.15.04:617][306]LogExit: Transaction tracking system shut down
[2016.11.06-00.15.05:400][306]LogObj: Freed 0b from 0 cluster array pools.
[2016.11.06-00.15.05:402][306]LogExit: Object subsystem successfully closed.
[2016.11.06-00.15.05:457][306]LogD3D11RHI: Shutdown
[2016.11.06-00.15.05:457][306]LogD3D11RHI: CleanupD3DDevice
[2016.11.06-00.15.06:256][306]LogD3D11RHI: ~FD3D11DynamicRHI
[2016.11.06-00.15.06:426][306]LogModuleManager: Shutting down and abandoning module ExternalImagePicker (216)
[2016.11.06-00.15.06:426][306]LogModuleManager: Shutting down and abandoning module HierarchicalLODOutliner (215)
[2016.11.06-00.15.06:426][306]LogModuleManager: Shutting down and abandoning module CrashTracker (214)
[2016.11.06-00.15.06:426][306]LogModuleManager: Shutting down and abandoning module SceneOutliner (213)
[2016.11.06-00.15.06:427][306]LogModuleManager: Shutting down and abandoning module WidgetCarousel (212)
[2016.11.06-00.15.06:427][306]LogModuleManager: Shutting down and abandoning module AddContentDialog (211)
[2016.11.06-00.15.06:434][306]LogModuleManager: Shutting down and abandoning module GameplayTags (210)
[2016.11.06-00.15.06:434][306]LogModuleManager: Shutting down and abandoning module EditorWidgets (209)
[2016.11.06-00.15.06:435][306]LogModuleManager: Shutting down and abandoning module CollectionManager (208)
[2016.11.06-00.15.06:436][306]LogModuleManager: Shutting down and abandoning module StatsViewer (207)
[2016.11.06-00.15.06:437][306]LogModuleManager: Shutting down and abandoning module FoliageEdit (206)
[2016.11.06-00.15.06:437][306]LogModuleManager: Shutting down and abandoning module LandscapeEditor (205)
[2016.11.06-00.15.06:438][306]LogModuleManager: Shutting down and abandoning module SceneDepthPickerMode (204)
[2016.11.06-00.15.06:438][306]LogModuleManager: Shutting down and abandoning module ActorPickerMode (203)
[2016.11.06-00.15.06:438][306]LogModuleManager: Shutting down and abandoning module GeometryMode (202)
[2016.11.06-00.15.06:438][306]LogModuleManager: Shutting down and abandoning module TextureAlignMode (201)
[2016.11.06-00.15.06:438][306]LogModuleManager: Shutting down and abandoning module BspMode (200)
[2016.11.06-00.15.06:438][306]LogModuleManager: Shutting down and abandoning module HardwareSurvey (199)
[2016.11.06-00.15.06:439][306]LogModuleManager: Shutting down and abandoning module SequenceRecorderSections (198)
[2016.11.06-00.15.06:439][306]LogModuleManager: Shutting down and abandoning module SequenceRecorder (197)
[2016.11.06-00.15.06:439][306]LogModuleManager: Shutting down and abandoning module AutomationWorker (196)
[2016.11.06-00.15.06:439][306]LogModuleManager: Shutting down and abandoning module MatineeToLevelSequence (195)
[2016.11.06-00.15.06:439][306]LogModuleManager: Shutting down and abandoning module PlacementMode (194)
[2016.11.06-00.15.06:440][306]LogModuleManager: Shutting down and abandoning module LevelSequenceEditor (193)
[2016.11.06-00.15.06:441][306]LogModuleManager: Shutting down and abandoning module CharacterAI (192)
[2016.11.06-00.15.06:441][306]LogModuleManager: Shutting down and abandoning module SmartSnapping (191)
[2016.11.06-00.15.06:441][306]LogModuleManager: Shutting down and abandoning module SessionServices (190)
[2016.11.06-00.15.06:442][306]LogModuleManager: Shutting down and abandoning module ViewportSnapping (189)
[2016.11.06-00.15.06:442][306]LogModuleManager: Shutting down and abandoning module LogVisualizer (188)
[2016.11.06-00.15.06:443][306]LogModuleManager: Shutting down and abandoning module GameProjectGeneration (187)
[2016.11.06-00.15.06:443][306]LogModuleManager: Shutting down and abandoning module IntroTutorials (186)
[2016.11.06-00.15.06:443][306]LogModuleManager: Shutting down and abandoning module EditorLiveStreaming (185)
[2016.11.06-00.15.06:443][306]LogModuleManager: Shutting down and abandoning module IOSPlatformEditor (184)
[2016.11.06-00.15.06:443][306]LogModuleManager: Shutting down and abandoning module HTML5PlatformEditor (183)
[2016.11.06-00.15.06:444][306]LogModuleManager: Shutting down and abandoning module AndroidDeviceDetection (182)
[2016.11.06-00.15.07:356][306]LogModuleManager: Shutting down and abandoning module AndroidPlatformEditor (181)
[2016.11.06-00.15.07:356][306]LogModuleManager: Shutting down and abandoning module IOSRuntimeSettings (180)
[2016.11.06-00.15.07:356][306]LogModuleManager: Shutting down and abandoning module AndroidRuntimeSettings (179)
[2016.11.06-00.15.07:356][306]LogModuleManager: Shutting down and abandoning module MergeActors (178)
[2016.11.06-00.15.07:356][306]LogModuleManager: Shutting down and abandoning module SizeMap (177)
[2016.11.06-00.15.07:356][306]LogModuleManager: Shutting down and abandoning module TreeMap (176)
[2016.11.06-00.15.07:356][306]LogModuleManager: Shutting down and abandoning module ReferenceViewer (175)
[2016.11.06-00.15.07:356][306]LogModuleManager: Shutting down and abandoning module LocalizationService (174)
[2016.11.06-00.15.07:356][306]LogModuleManager: Shutting down and abandoning module LocalizationDashboard (173)
[2016.11.06-00.15.07:356][306]LogModuleManager: Shutting down and abandoning module HardwareTargeting (172)
[2016.11.06-00.15.07:356][306]LogModuleManager: Shutting down and abandoning module DeviceProfileEditor (171)
[2016.11.06-00.15.07:356][306]LogModuleManager: Shutting down and abandoning module UndoHistory (170)
[2016.11.06-00.15.07:356][306]LogModuleManager: Shutting down and abandoning module UserFeedback (169)
[2016.11.06-00.15.07:356][306]LogModuleManager: Shutting down and abandoning module XmlParser (168)
[2016.11.06-00.15.07:356][306]LogModuleManager: Shutting down and abandoning module Blutility (167)
[2016.11.06-00.15.07:356][306]LogModuleManager: Shutting down and abandoning module ProjectTargetPlatformEditor (166)
[2016.11.06-00.15.07:357][306]LogModuleManager: Shutting down and abandoning module ProjectSettingsViewer (165)
[2016.11.06-00.15.07:357][306]LogModuleManager: Shutting down and abandoning module InputBindingEditor (164)
[2016.11.06-00.15.07:357][306]LogModuleManager: Shutting down and abandoning module EditorSettingsViewer (163)
[2016.11.06-00.15.07:357][306]LogModuleManager: Shutting down and abandoning module SettingsEditor (162)
[2016.11.06-00.15.07:357][306]LogModuleManager: Shutting down and abandoning module ProjectLauncher (161)
[2016.11.06-00.15.07:357][306]LogModuleManager: Shutting down and abandoning module SessionFrontend (160)
[2016.11.06-00.15.07:357][306]LogModuleManager: Shutting down and abandoning module ProfilerClient (159)
[2016.11.06-00.15.07:357][306]LogModuleManager: Shutting down and abandoning module TargetDeviceServices (158)
[2016.11.06-00.15.07:357][306]LogModuleManager: Shutting down and abandoning module DeviceManager (157)
[2016.11.06-00.15.07:402][306]LogModuleManager: Shutting down and abandoning module AutomationController (156)
[2016.11.06-00.15.07:402][306]LogModuleManager: Shutting down and abandoning module AutomationWindow (155)
[2016.11.06-00.15.07:402][306]LogModuleManager: Shutting down and abandoning module Layers (154)
[2016.11.06-00.15.07:403][306]LogModuleManager: Shutting down and abandoning module ComponentVisualizers (153)
[2016.11.06-00.15.07:403][306]LogModuleManager: Shutting down and abandoning module DetailCustomizations (152)
[2016.11.06-00.15.07:403][306]LogModuleManager: Shutting down and abandoning module PackagesDialog (151)
[2016.11.06-00.15.07:403][306]LogModuleManager: Shutting down and abandoning module Persona (150)
[2016.11.06-00.15.07:403][306]LogModuleManager: Shutting down and abandoning module Kismet (149)
[2016.11.06-00.15.07:404][306]LogModuleManager: Shutting down and abandoning module GraphEditor (148)
[2016.11.06-00.15.07:404][306]LogModuleManager: Shutting down and abandoning module ClassViewer (147)
[2016.11.06-00.15.07:406][306]LogModuleManager: Shutting down and abandoning module Toolbox (146)
[2016.11.06-00.15.07:406][306]LogModuleManager: Shutting down and abandoning module ModuleUI (145)
[2016.11.06-00.15.07:406][306]LogModuleManager: Shutting down and abandoning module MovieSceneTools (144)
[2016.11.06-00.15.07:406][306]LogModuleManager: Shutting down and abandoning module OutputLog (143)
[2016.11.06-00.15.07:406][306]LogModuleManager: Shutting down and abandoning module GammaUI (142)
[2016.11.06-00.15.07:406][306]LogModuleManager: Shutting down and abandoning module Documentation (141)
[2016.11.06-00.15.07:407][306]LogModuleManager: Shutting down and abandoning module StreamingPauseRendering (140)
[2016.11.06-00.15.07:407][306]LogModuleManager: Shutting down and abandoning module AnalyticsET (139)
[2016.11.06-00.15.07:407][306]LogModuleManager: Shutting down and abandoning module Analytics (138)
[2016.11.06-00.15.07:407][306]LogModuleManager: Shutting down and abandoning module PortalServices (137)
[2016.11.06-00.15.07:407][306]LogModuleManager: Shutting down and abandoning module PortalRpc (136)
[2016.11.06-00.15.07:407][306]LogModuleManager: Shutting down and abandoning module MessagingRpc (135)
[2016.11.06-00.15.07:407][306]LogModuleManager: Shutting down and abandoning module GameplayDebugger (134)
[2016.11.06-00.15.07:408][306]LogModuleManager: Shutting down and abandoning module AITestSuite (133)
[2016.11.06-00.15.07:408][306]LogModuleManager: Shutting down and abandoning module AIModule (132)
[2016.11.06-00.15.07:408][306]LogModuleManager: Shutting down and abandoning module ProfilerService (131)
[2016.11.06-00.15.07:559][306]LogModuleManager: Shutting down and abandoning module TaskGraph (130)
[2016.11.06-00.15.07:559][306]LogModuleManager: Shutting down and abandoning module SlateRemote (129)
[2016.11.06-00.15.07:559][306]LogModuleManager: Shutting down and abandoning module SteamVRController (128)
[2016.11.06-00.15.07:559][306]LogModuleManager: Shutting down and abandoning module SteamVR (127)
[2016.11.06-00.15.07:559][306]LogModuleManager: Shutting down and abandoning module ProceduralMeshComponent (126)
[2016.11.06-00.15.07:559][306]LogModuleManager: Shutting down and abandoning module OculusLibrary (125)
[2016.11.06-00.15.07:559][306]LogModuleManager: Shutting down and abandoning module OculusInput (124)
[2016.11.06-00.15.07:559][306]LogModuleManager: Shutting down and abandoning module CustomMeshComponent (123)
[2016.11.06-00.15.07:559][306]LogModuleManager: Shutting down and abandoning module CableComponent (122)
[2016.11.06-00.15.07:559][306]LogModuleManager: Shutting down and abandoning module ArchVisCharacter (121)
[2016.11.06-00.15.07:559][306]LogModuleManager: Shutting down and abandoning module MediaPlayerEditor (120)
[2016.11.06-00.15.07:559][306]LogModuleManager: Shutting down and abandoning module HTML5Networking (119)
[2016.11.06-00.15.07:559][306]LogModuleManager: Shutting down and abandoning module SuperSearch (118)
[2016.11.06-00.15.07:559][306]LogModuleManager: Shutting down and abandoning module SuperSearchEditor (117)
[2016.11.06-00.15.07:559][306]LogModuleManager: Shutting down and abandoning module SpeedTreeImporter (116)
[2016.11.06-00.15.07:559][306]LogModuleManager: Shutting down and abandoning module PluginBrowser (115)
[2016.11.06-00.15.07:559][306]LogModuleManager: Shutting down and abandoning module EpicSurvey (114)
[2016.11.06-00.15.07:559][306]LogModuleManager: Shutting down and abandoning module DesktopPlatform (113)
[2016.11.06-00.15.07:560][306]LogModuleManager: Shutting down and abandoning module VisualStudioSourceCodeAccess (112)
[2016.11.06-00.15.07:560][306]LogModuleManager: Shutting down and abandoning module UObjectPlugin (111)
[2016.11.06-00.15.07:560][306]LogModuleManager: Shutting down and abandoning module SubversionSourceControl (110)
[2016.11.06-00.15.07:560][306]LogModuleManager: Shutting down and abandoning module PerforceSourceControl (109)
[2016.11.06-00.15.07:560][306]LogModuleManager: Shutting down and abandoning module SourceControl (108)
[2016.11.06-00.15.07:560][306]LogModuleManager: Shutting down and abandoning module GitSourceControl (107)
[2016.11.06-00.15.07:560][306]LogModuleManager: Shutting down and abandoning module LightPropagationVolumeEditor (106)
[2016.11.06-00.15.07:560][306]LogModuleManager: Shutting down and abandoning module PaperTiledImporter (105)
[2016.11.06-00.15.07:560][306]LogModuleManager: Shutting down and abandoning module PaperSpriteSheetImporter (104)
[2016.11.06-00.15.07:560][306]LogModuleManager: Shutting down and abandoning module MeshPaint (103)
[2016.11.06-00.15.07:560][306]LogModuleManager: Shutting down and abandoning module PixelInspectorModule (102)
[2016.11.06-00.15.07:560][306]LogModuleManager: Shutting down and abandoning module HotReload (101)
[2016.11.06-00.15.07:560][306]LogModuleManager: Shutting down and abandoning module MainFrame (100)
[2016.11.06-00.15.07:560][306]LogModuleManager: Shutting down and abandoning module LevelEditor (99)
[2016.11.06-00.15.07:561][306]LogModuleManager: Shutting down and abandoning module ContentBrowser (98)
[2016.11.06-00.15.07:562][306]LogModuleManager: Shutting down and abandoning module Paper2DEditor (97)
[2016.11.06-00.15.07:562][306]LogModuleManager: Shutting down and abandoning module UdpMessaging (96)
[2016.11.06-00.15.07:706][306]LogModuleManager: Shutting down and abandoning module LightPropagationVolumeRuntime (95)
[2016.11.06-00.15.07:707][306]LogModuleManager: Shutting down and abandoning module Paper2D (94)
[2016.11.06-00.15.07:707][306]LogModuleManager: Shutting down and abandoning module WindowsMoviePlayer (93)
[2016.11.06-00.15.07:707][306]LogModuleManager: Shutting down and abandoning module Media (92)
[2016.11.06-00.15.07:707][306]LogModuleManager: Shutting down and abandoning module WmfMedia (91)
[2016.11.06-00.15.07:708][306]LogModuleManager: Shutting down and abandoning module MediaAssets (90)
[2016.11.06-00.15.07:708][306]LogModuleManager: Shutting down and abandoning module GameLiveStreaming (89)
[2016.11.06-00.15.07:709][306]LogModuleManager: Shutting down and abandoning module GameplayTagsEditor (88)
[2016.11.06-00.15.07:709][306]LogModuleManager: Shutting down and abandoning module OnlineBlueprintSupport (87)
[2016.11.06-00.15.07:709][306]LogModuleManager: Shutting down and abandoning module VREditor (86)
[2016.11.06-00.15.07:709][306]LogModuleManager: Shutting down and abandoning module GameplayTasksEditor (85)
[2016.11.06-00.15.07:709][306]LogModuleManager: Shutting down and abandoning module PropertyEditor (84)
[2016.11.06-00.15.07:709][306]LogModuleManager: Shutting down and abandoning module BehaviorTreeEditor (83)
[2016.11.06-00.15.07:710][306]LogModuleManager: Shutting down and abandoning module FunctionalTesting (82)
[2016.11.06-00.15.07:710][306]LogModuleManager: Shutting down and abandoning module CollisionAnalyzer (81)
[2016.11.06-00.15.07:710][306]LogModuleManager: Shutting down and abandoning module Sequencer (80)
[2016.11.06-00.15.07:710][306]LogModuleManager: Shutting down and abandoning module WorkspaceMenuStructure (79)
[2016.11.06-00.15.07:711][306]LogModuleManager: Shutting down and abandoning module MessageLog (78)
[2016.11.06-00.15.07:711][306]LogModuleManager: Shutting down and abandoning module AssetTools (77)
[2016.11.06-00.15.07:711][306]LogModuleManager: Shutting down and abandoning module UMGEditor (76)
[2016.11.06-00.15.07:711][306]LogModuleManager: Shutting down and abandoning module UMG (75)
[2016.11.06-00.15.07:711][306]LogModuleManager: Shutting down and abandoning module SlateReflector (74)
[2016.11.06-00.15.07:712][306]LogModuleManager: Shutting down and abandoning module Slate (73)
[2016.11.06-00.15.07:712][306]LogModuleManager: Shutting down and abandoning module EditorStyle (72)
[2016.11.06-00.15.07:754][306]LogModuleManager: Shutting down and abandoning module SourceCodeAccess (71)
[2016.11.06-00.15.07:754][306]LogModuleManager: Shutting down and abandoning module HeadMountedDisplay (70)
[2016.11.06-00.15.07:754][306]LogModuleManager: Shutting down and abandoning module XAudio2 (69)
[2016.11.06-00.15.07:755][306]LogModuleManager: Shutting down and abandoning module Networking (68)
[2016.11.06-00.15.07:755][306]LogModuleManager: Shutting down and abandoning module Core (67)
[2016.11.06-00.15.07:756][306]LogModuleManager: Shutting down and abandoning module DirectoryWatcher (66)
[2016.11.06-00.15.07:811][306]LogModuleManager: Shutting down and abandoning module AssetRegistry (65)
[2016.11.06-00.15.08:089][306]LogModuleManager: Shutting down and abandoning module KismetCompiler (64)
[2016.11.06-00.15.08:089][306]LogModuleManager: Shutting down and abandoning module PhysXFormats (63)
[2016.11.06-00.15.08:089][306]LogModuleManager: Shutting down and abandoning module MeshUtilities (62)
[2016.11.06-00.15.08:089][306]LogModuleManager: Shutting down and abandoning module DerivedDataCache (61)
[2016.11.06-00.15.08:110][306]LogDerivedDataCache: Shutdown
[2016.11.06-00.15.08:110][306]LogModuleManager: Shutting down and abandoning module VulkanShaderFormat (60)
[2016.11.06-00.15.08:110][306]LogModuleManager: Shutting down and abandoning module ShaderFormatOpenGL (59)
[2016.11.06-00.15.08:110][306]LogModuleManager: Shutting down and abandoning module ShaderFormatD3D (58)
[2016.11.06-00.15.08:110][306]LogModuleManager: Shutting down and abandoning module MetalShaderFormat (57)
[2016.11.06-00.15.08:110][306]LogModuleManager: Shutting down and abandoning module TextureFormatUncompressed (56)
[2016.11.06-00.15.08:110][306]LogModuleManager: Shutting down and abandoning module TextureFormatPVR (55)
[2016.11.06-00.15.08:110][306]LogModuleManager: Shutting down and abandoning module TextureFormatIntelISPCTexComp (54)
[2016.11.06-00.15.08:110][306]LogModuleManager: Shutting down and abandoning module TextureFormatDXT (53)
[2016.11.06-00.15.08:110][306]LogModuleManager: Shutting down and abandoning module ImageWrapper (52)
[2016.11.06-00.15.08:110][306]LogModuleManager: Shutting down and abandoning module TextureFormatASTC (51)
[2016.11.06-00.15.08:110][306]LogModuleManager: Shutting down and abandoning module TextureFormatAndroid (50)
[2016.11.06-00.15.08:110][306]LogModuleManager: Shutting down and abandoning module AudioFormatOpus (49)
[2016.11.06-00.15.08:110][306]LogModuleManager: Shutting down and abandoning module AudioFormatOgg (48)
[2016.11.06-00.15.08:110][306]LogModuleManager: Shutting down and abandoning module AudioFormatADPCM (47)
[2016.11.06-00.15.08:110][306]LogModuleManager: Shutting down and abandoning module LinuxTargetPlatform (46)
[2016.11.06-00.15.08:110][306]LogModuleManager: Shutting down and abandoning module LinuxServerTargetPlatform (45)
[2016.11.06-00.15.08:110][306]LogModuleManager: Shutting down and abandoning module LinuxNoEditorTargetPlatform (44)
[2016.11.06-00.15.08:110][306]LogModuleManager: Shutting down and abandoning module TVOSTargetPlatform (43)
[2016.11.06-00.15.08:110][306]LogModuleManager: Shutting down and abandoning module Messaging (42)
[2016.11.06-00.15.08:110][306]LogModuleManager: Shutting down and abandoning module IOSTargetPlatform (41)
[2016.11.06-00.15.08:110][306]LogModuleManager: Shutting down and abandoning module HTML5TargetPlatform (40)
[2016.11.06-00.15.08:110][306]LogModuleManager: Shutting down and abandoning module Android_PVRTCTargetPlatform (39)
[2016.11.06-00.15.08:111][306]LogModuleManager: Shutting down and abandoning module Android_MultiTargetPlatform (38)
[2016.11.06-00.15.08:111][306]LogModuleManager: Shutting down and abandoning module Android_ETC2TargetPlatform (37)
[2016.11.06-00.15.08:111][306]LogModuleManager: Shutting down and abandoning module Android_ETC1TargetPlatform (36)
[2016.11.06-00.15.08:111][306]LogModuleManager: Shutting down and abandoning module Android_DXTTargetPlatform (35)
[2016.11.06-00.15.08:111][306]LogModuleManager: Shutting down and abandoning module Android_ATCTargetPlatform (34)
[2016.11.06-00.15.08:111][306]LogModuleManager: Shutting down and abandoning module Android_ASTCTargetPlatform (33)
[2016.11.06-00.15.08:111][306]LogModuleManager: Shutting down and abandoning module AndroidTargetPlatform (32)
[2016.11.06-00.15.08:111][306]LogModuleManager: Shutting down and abandoning module WindowsTargetPlatform (31)
[2016.11.06-00.15.08:111][306]LogModuleManager: Shutting down and abandoning module WindowsServerTargetPlatform (30)
[2016.11.06-00.15.08:111][306]LogModuleManager: Shutting down and abandoning module WindowsNoEditorTargetPlatform (29)
[2016.11.06-00.15.08:111][306]LogModuleManager: Shutting down and abandoning module WindowsClientTargetPlatform (28)
[2016.11.06-00.15.08:111][306]LogModuleManager: Shutting down and abandoning module AllDesktopTargetPlatform (27)
[2016.11.06-00.15.08:111][306]LogModuleManager: Shutting down and abandoning module TargetPlatform (26)
[2016.11.06-00.15.08:111][306]LogModuleManager: Shutting down and abandoning module InputCore (25)
[2016.11.06-00.15.08:111][306]LogModuleManager: Shutting down and abandoning module Settings (24)
[2016.11.06-00.15.08:111][306]LogModuleManager: Shutting down and abandoning module Voice (22)
[2016.11.06-00.15.08:111][306]LogModuleManager: Shutting down and abandoning module OnlineSubsystem (19)
[2016.11.06-00.15.08:111][306]LogOnline:Display: NULL: FOnlineSubsystemNull::Shutdown()
[2016.11.06-00.15.08:111][306]LogOnline:Display: Unloading online subsystem: NULL
[2016.11.06-00.15.08:111][306]LogModuleManager: Shutting down and abandoning module HTTP (18)
[2016.11.06-00.15.09:878][306]LogModuleManager: Shutting down and abandoning module XMPP (17)
[2016.11.06-00.15.09:879][306]LogModuleManager: Shutting down and abandoning module OculusRift (16)
[2016.11.06-00.15.09:879][306]LogModuleManager: Shutting down and abandoning module ExampleDeviceProfileSelector (15)
[2016.11.06-00.15.09:879][306]LogModuleManager: Shutting down and abandoning module TextureCompressor (14)
[2016.11.06-00.15.09:880][306]LogModuleManager: Shutting down and abandoning module ShaderCore (13)
[2016.11.06-00.15.09:880][306]LogModuleManager: Shutting down and abandoning module Landscape (12)
[2016.11.06-00.15.09:880][306]LogModuleManager: Shutting down and abandoning module SlateRHIRenderer (11)
[2016.11.06-00.15.09:884][306]LogModuleManager: Shutting down and abandoning module OpenGLDrv (10)
[2016.11.06-00.15.09:885][306]LogModuleManager: Shutting down and abandoning module D3D11RHI (9)
[2016.11.06-00.15.09:885][306]LogModuleManager: Shutting down and abandoning module AnimGraphRuntime (8)
[2016.11.06-00.15.09:885][306]LogModuleManager: Shutting down and abandoning module Renderer (7)
[2016.11.06-00.15.09:885][306]LogModuleManager: Shutting down and abandoning module Engine (6)
[2016.11.06-00.15.09:885][306]LogModuleManager: Shutting down and abandoning module CoreUObject (5)
[2016.11.06-00.15.09:885][306]LogModuleManager: Shutting down and abandoning module NetworkFile (4)
[2016.11.06-00.15.09:885][306]LogModuleManager: Shutting down and abandoning module StreamingFile (3)
[2016.11.06-00.15.09:885][306]LogModuleManager: Shutting down and abandoning module SandboxFile (2)
[2016.11.06-00.15.09:885][306]LogModuleManager: Shutting down and abandoning module PakFile (1)
[2016.11.06-00.15.09:888][306]LogExit: Exiting.
[2016.11.06-00.15.09:890][306]Log file closed, 11/05/16 18:15:09
