Log file open, 11/07/16 16:20:32
LogInit:Display: Running engine for game: OnlineProject
LogPlatformFile: Not using cached read wrapper
LogInit:Display: RandInit(1659980915) SRandInit(1659980916).
LogTaskGraph: Started task graph with 4 named threads and 5 total threads with 1 sets of task threads.
LogStats: Stats thread started at 0.097215
LogInit: Version: 4.12.5-3039270+++UE4+Release-4.12
LogInit: API Version: 2992821
LogInit: Net Version: 3039270
LogDevObjectVersion: Number of dev versions registered: 13
LogDevObjectVersion:   Dev-Blueprints (B0D832E4-1F89-4F0D-ACCF-7EB736FD4AA2): 3
LogDevObjectVersion:   Dev-Build (E1C64328-A22C-4D53-A36C-8E866417BD8C): 0
LogDevObjectVersion:   Dev-Core (375EC13C-06E4-48FB-B500-84F0262A717E): 1
LogDevObjectVersion:   Dev-Editor (E4B068ED-F494-42E9-A231-DA0B2E46BB41): 2
LogDevObjectVersion:   Dev-Framework (CFFC743F-43B0-4480-9391-14DF171D2073): 6
LogDevObjectVersion:   Dev-Mobile (B02B49B5-BB20-44E9-A304-32B752E40360): 0
LogDevObjectVersion:   Dev-Networking (A4E4105C-59A1-49B5-A7C5-40C4547EDFEE): 0
LogDevObjectVersion:   Dev-Online (39C831C9-5AE6-47DC-9A44-9C173E1C8E7C): 0
LogDevObjectVersion:   Dev-Physics (78F01B33-EBEA-4F98-B9B4-84EACCB95AA2): 0
LogDevObjectVersion:   Dev-Platform (6631380F-2D4D-43E0-8009-CF276956A95A): 0
LogDevObjectVersion:   Dev-Rendering (12F88B9F-8875-4AFC-A67C-D90C383ABD29): 2
LogDevObjectVersion:   Dev-Sequencer (7B5AE74C-D270-4C10-A958-57980B212A5A): 0
LogDevObjectVersion:   Dev-VR (D7296918-1DD6-4BDD-9DE2-64A83CC13884): 0
LogInit: Compiled (64-bit): Jul  6 2016 09:09:46
LogInit: Compiled with Visual C++: 19.00.23026.00
LogInit: Build Configuration: Development
LogInit: Branch Name: ++UE4+Release-4.12
LogInit: Command line:  /Temp/Autosaves/Game/Maps/UEDPCMainMenu -game -PIEVIACONSOLE -WinX=0 -WinY=0 -ResX=1280 -ResY=720  -Multiprocess -windowed -messaging -SessionName="Play in Standalone Game" 
LogInit: Base directory: C:/Program Files (x86)/Epic Games/4.12/Engine/Binaries/Win64/
LogInit: Installed Engine Build: 1
LogInit: Using libcurl 7.41.0
LogInit:  - built for x86_64-pc-win32
LogInit:  - supports SSL with WinSSL
LogInit:  - other features:
LogInit:      CURL_VERSION_SSL
LogInit:      CURL_VERSION_IPV6
LogInit:      CURL_VERSION_ASYNCHDNS
LogInit:      CURL_VERSION_LARGEFILE
LogInit:      CURL_VERSION_IDN
LogInit:  CurlRequestOptions (configurable via config and command line):
LogInit:  - bVerifyPeer = true  - Libcurl will verify peer certificate
LogInit:  - bUseHttpProxy = false  - Libcurl will NOT use HTTP proxy
LogInit:  - bDontReuseConnections = false  - Libcurl will reuse connections
LogInit:  - CertBundlePath = nullptr  - Libcurl will use whatever was configured at build time.
LogInit: WinSock: version 1.1 (2.2), MaxSocks=32767, MaxUdp=65467
LogVoice:Warning: Failed to initialize voice interface
LogInit: Presizing for max 8388607 objects, including 0 objects not considered by GC, pre-allocating 0 bytes for permanent pool.
LogInit: Object subsystem initialized
[2016.11.07-22.20.32:372][  0]LogInit: Selected Device Profile: [Windows]
[2016.11.07-22.20.32:372][  0]LogInit: Applying CVar settings loaded from the selected device profile: [Windows]
[2016.11.07-22.20.32:387][  0]LogInit: Computer: METAL_REAR
[2016.11.07-22.20.32:387][  0]LogInit: User: Kevin
[2016.11.07-22.20.32:387][  0]LogInit: CPU Page size=65536, Cores=2
[2016.11.07-22.20.32:387][  0]LogInit: High frequency timer resolution =2.143476 MHz
[2016.11.07-22.20.32:387][  0]LogMemory: Memory total: Physical=7.9GB (8GB approx)
[2016.11.07-22.20.32:387][  0]LogMemory: Platform Memory Stats for Windows
[2016.11.07-22.20.32:387][  0]LogMemory: Process Physical Memory: 191.86 MB used, 191.86 MB peak
[2016.11.07-22.20.32:387][  0]LogMemory: Process Virtual Memory: 195.15 MB used, 195.15 MB peak
[2016.11.07-22.20.32:387][  0]LogMemory: Physical Memory: 5166.82 MB used, 8105.84 MB total
[2016.11.07-22.20.32:387][  0]LogMemory: Virtual Memory: 554.43 MB used, 134217728.00 MB total
[2016.11.07-22.20.33:057][  0]LogD3D11RHI: D3D11 adapters:
[2016.11.07-22.20.33:064][  0]LogD3D11RHI:    0. 'Intel(R) HD Graphics 5500' (Feature Level 11_0)
[2016.11.07-22.20.33:064][  0]LogD3D11RHI:       128/0/4052 MB DedicatedVideo/DedicatedSystem/SharedSystem, Outputs:1, VendorId:0x8086
[2016.11.07-22.20.33:081][  0]LogD3D11RHI:    1. 'AMD Radeon R9 M275' (Feature Level 11_0)
[2016.11.07-22.20.33:081][  0]LogD3D11RHI:       2026/0/4052 MB DedicatedVideo/DedicatedSystem/SharedSystem, Outputs:0, VendorId:0x1002
[2016.11.07-22.20.33:083][  0]LogD3D11RHI:    2. 'Microsoft Basic Render Driver' (Feature Level 11_0)
[2016.11.07-22.20.33:083][  0]LogD3D11RHI:       0/0/4052 MB DedicatedVideo/DedicatedSystem/SharedSystem, Outputs:0, VendorId:0x1414
[2016.11.07-22.20.33:084][  0]LogD3D11RHI: Chosen D3D11 Adapter: 1
[2016.11.07-22.20.33:092][  0]LogD3D11RHI: Creating new Direct3DDevice
[2016.11.07-22.20.33:092][  0]LogD3D11RHI:     GPU DeviceId: 0x6820 (for the marketing name, search the web for "GPU Device Id")
[2016.11.07-22.20.33:092][  0]LogWindows: EnumDisplayDevices:
[2016.11.07-22.20.33:092][  0]LogWindows:    0. 'Intel(R) HD Graphics 5500' (P:1 D:1)
[2016.11.07-22.20.33:093][  0]LogWindows:    1. 'Intel(R) HD Graphics 5500' (P:0 D:0)
[2016.11.07-22.20.33:093][  0]LogWindows:    2. 'Intel(R) HD Graphics 5500' (P:0 D:0)
[2016.11.07-22.20.33:093][  0]LogWindows: DebugString: PrimaryIsNotTheChoosenAdapter PrimaryIsNotTheChoosenAdapter PrimaryIsNotTheChoosenAdapter FoundDriverCount:0 
[2016.11.07-22.20.33:093][  0]LogD3D11RHI:     Adapter Name: AMD Radeon R9 M275
[2016.11.07-22.20.33:093][  0]LogD3D11RHI:   Driver Version: Unknown (internal:Unknown, unified:Unknown)
[2016.11.07-22.20.33:093][  0]LogD3D11RHI:      Driver Date: Unknown
[2016.11.07-22.20.33:093][  0]LogRHI: Texture pool is 1361 MB (70% of 1945 MB)
[2016.11.07-22.20.33:104][  0]LogD3D11RHI: Async texture creation disabled: no driver support
[2016.11.07-22.20.33:121][  0]LogD3D11RHI: GPU Timing Frequency: 27.000000 (Debug: 2 1)
[2016.11.07-22.20.33:122][  0]LogShaderCompilers: Guid format shader working directory is -22 characters bigger than the processId version (../../../../../../Users/Kevin/Desktop/Online_V3/OnlineProject_Kevin/Intermediate/Shaders/WorkingDirectory/15660/).
[2016.11.07-22.20.33:122][  0]LogShaderCompilers: Cleaned the shader compiler working directory 'C:/Users/Kevin/AppData/Local/Temp/UnrealShaderWorkingDir/FF1F573241D0664C08C0899195E943EC/'.
[2016.11.07-22.20.33:123][  0]LogShaderCompilers:Display: Using Local Shader Compiler.
[2016.11.07-22.20.36:678][  0]LogTemp:Display: Loaded TP WindowsClientTargetPlatform
[2016.11.07-22.20.36:768][  0]LogTemp:Display: Loaded TP WindowsNoEditorTargetPlatform
[2016.11.07-22.20.36:846][  0]LogTemp:Display: Loaded TP WindowsServerTargetPlatform
[2016.11.07-22.20.36:897][  0]LogTemp:Display: Loaded TP WindowsTargetPlatform
[2016.11.07-22.20.36:897][  0]LogTargetPlatformManager:Display: Building Assets For Windows
[2016.11.07-22.20.37:231][  0]LogDerivedDataCache:Display: Max Cache Size: 512 MB
[2016.11.07-22.20.38:024][  0]LogDerivedDataCache: Loaded boot cache 0.79s 48MB C:/Users/Kevin/AppData/Local/UnrealEngine/4.12/DerivedDataCache/Boot.ddc.
[2016.11.07-22.20.38:025][  0]LogDerivedDataCache:Display: Loaded Boot cache: C:/Users/Kevin/AppData/Local/UnrealEngine/4.12/DerivedDataCache/Boot.ddc
[2016.11.07-22.20.38:025][  0]LogDerivedDataCache: FDerivedDataBackendGraph:  Pak pak cache file ../../../../../../Users/Kevin/Desktop/Online_V3/OnlineProject_Kevin/DerivedDataCache/DDC.ddp not found, will not use a pak cache.
[2016.11.07-22.20.38:025][  0]LogDerivedDataCache: Unable to find inner node Pak for hierarchical cache Hierarchy.
[2016.11.07-22.20.38:025][  0]LogDerivedDataCache: FDerivedDataBackendGraph:  CompressedPak pak cache file ../../../../../../Users/Kevin/Desktop/Online_V3/OnlineProject_Kevin/DerivedDataCache/Compressed.ddp not found, will not use a pak cache.
[2016.11.07-22.20.38:025][  0]LogDerivedDataCache: Unable to find inner node CompressedPak for hierarchical cache Hierarchy.
[2016.11.07-22.20.38:080][  0]LogDerivedDataCache:Display: Pak cache opened for reading ../../../Engine/DerivedDataCache/Compressed.ddp.
[2016.11.07-22.20.38:104][  0]LogDerivedDataCache: Using Local data cache path C:/Users/Kevin/AppData/Local/UnrealEngine/Common/DerivedDataCache: Writable
[2016.11.07-22.20.38:580][  0]LogAssetRegistry: FAssetRegistry took 0.0001 seconds to start up
[2016.11.07-22.20.38:584][  0]LogPackageLocalizationCache: Processed 3 localized package path(s) for 1 prioritized culture(s) in 0.003750 seconds
[2016.11.07-22.20.38:590][  0]LogInit: Selected Device Profile: [Windows]
[2016.11.07-22.20.38:591][  0]LogContentStreaming: Texture pool size is 1000.00 MB
[2016.11.07-22.20.38:883][  0]LogMeshUtilities: No automatic mesh reduction module available
[2016.11.07-22.20.38:883][  0]LogMeshUtilities: No automatic mesh merging module available
[2016.11.07-22.20.38:883][  0]LogMeshUtilities: No distributed automatic mesh merging module available
[2016.11.07-22.20.39:790][  0]LogSlate: SlateFontCache - WITH_FREETYPE: 1, WITH_HARFBUZZ: 1
[2016.11.07-22.20.39:790][  0]LogSlate: SlateFontCache - WITH_FREETYPE: 1, WITH_HARFBUZZ: 1
[2016.11.07-22.20.40:171][  0]LogMoviePlayer: Initializing movie player
[2016.11.07-22.20.40:260][  0]LogWindowsMoviePlayer: Unable to load movie: ../../../../../../Users/Kevin/Desktop/Online_V3/OnlineProject_Kevin/Content/Movies/Default_Startup.mp4
[2016.11.07-22.20.40:389][  0]LogUdpMessaging: Initializing bridge on interface 0.0.0.0:0 to multicast group 230.0.0.1:6666.
[2016.11.07-22.20.40:492][  0]SourceControl: Info Source control is disabled
[2016.11.07-22.20.40:492][  0]SourceControl: Info Source control is disabled
[2016.11.07-22.20.40:526][  0]SourceControl: Info Source control is disabled
[2016.11.07-22.20.40:919][  0]LogUObjectArray: 30985 objects as part of root set at end of initial load.
[2016.11.07-22.20.40:919][  0]LogUObjectAllocator: 6717240 out of 0 bytes used by permanent object pool.
[2016.11.07-22.20.40:919][  0]LogUObjectArray: CloseDisregardForGC: 0/0 objects in disregard for GC pool
[2016.11.07-22.20.41:157][  0]LogEngine: Initializing Engine...
[2016.11.07-22.20.41:161][  0]LogHMD: SteamVR failed to initialize.  Err: 110
[2016.11.07-22.20.41:163][  0]LogHMD: SteamVR failed to initialize.  Err: 110
[2016.11.07-22.20.41:460][  0]LogInit: XAudio2 using 'Altavoces (Realtek High Definition Audio)' : 2 channels at 48 kHz using 32 bits per sample (channel mask 0x3)
[2016.11.07-22.20.41:491][  0]LogInit: FAudioDevice initialized.
[2016.11.07-22.20.41:506][  0]LogInit: Texture streaming: Enabled
[2016.11.07-22.20.43:339][  0]LogNet: Browse: /Temp/Autosaves/Game/Maps/UEDPCMainMenu?Name=Player
[2016.11.07-22.20.43:340][  0]LogLoad: LoadMap: /Temp/Autosaves/Game/Maps/UEDPCMainMenu?Name=Player
[2016.11.07-22.20.43:467][  0]LogMemory: Platform Memory Stats for Windows
[2016.11.07-22.20.43:467][  0]LogMemory: Process Physical Memory: 540.33 MB used, 546.20 MB peak
[2016.11.07-22.20.43:467][  0]LogMemory: Process Virtual Memory: 610.67 MB used, 610.68 MB peak
[2016.11.07-22.20.43:467][  0]LogMemory: Physical Memory: 5930.06 MB used, 8105.84 MB total
[2016.11.07-22.20.43:467][  0]LogMemory: Virtual Memory: 1212.21 MB used, 134217728.00 MB total
[2016.11.07-22.20.43:467][  0]LogMemory: 
[2016.11.07-22.20.43:468][  0]Allocator Stats for TBB: (not implemented)
[2016.11.07-22.20.43:540][  0]LogAIModule: Creating AISystem for world MainMenu
[2016.11.07-22.20.44:004][  0]LogWorld: Game class is 'ThirdPersonGameMode_C'
[2016.11.07-22.20.44:009][  0]LogWorld: Bringing World /Temp/Autosaves/Game/Maps/UEDPCMainMenu.MainMenu up for play (max tick rate 0) at 2016.11.07-16.20.44
[2016.11.07-22.20.44:010][  0]LogWorld: Bringing up level for play took: 0.004050
[2016.11.07-22.20.44:064][  0]LogLoad: Took 0.724544 seconds to LoadMap(/Temp/Autosaves/Game/Maps/UEDPCMainMenu)
[2016.11.07-22.20.44:064][  0]LogInit:Display: Game Engine Initialized.
[2016.11.07-22.20.44:706][  0]LogLoad: Full Startup: 13.55 seconds (BP compile: 0.75 seconds)
[2016.11.07-22.20.44:706][  0]LogExternalProfiler: Found external profiler: VSPerf
[2016.11.07-22.20.44:706][  0]LogExternalProfiler: Using external profiler: VSPerf
[2016.11.07-22.20.44:723][  0]LogOcInput: OculusInput pre-init called
[2016.11.07-22.20.44:959][  2]LogRenderer: Reallocating scene render targets to support 1068x600 (Frame:2).
[2016.11.07-22.21.22:066][115]LogInit: WinSock: I am Metal_Rear (192.168.1.68:0)
[2016.11.07-22.21.27:050][354]LogBlueprintUserMessages: [ServerMenu_C_0] oli
[2016.11.07-22.21.27:726][395]LogNet: Browse: 192.168.1.68//Game/Maps/MainMenu
[2016.11.07-22.21.27:726][395]LogInit: WinSock: Socket queue 32768 / 32768
[2016.11.07-22.21.27:727][395]PacketHandlerLog: Loaded PacketHandler component: Engine.EngineHandlerComponentFactory (StatelessConnectHandlerComponent)
[2016.11.07-22.21.27:728][395]LogNet: Game client on port 7777, rate 10000
[2016.11.07-22.21.27:729][395]LogNet: GetLocalNetworkVersion: GEngineNetVersion: 3039270, ProjectName: onlineproject, ProjectVersion: 1.0.0.0, InternalProtocolVersion: 9, LocalNetworkVersion: 4212815947
[2016.11.07-22.21.27:790][399]LogHandshake: SendChallengeResponse. Timestamp: 12.411640, Cookie: 186064215221209210119120179132187015183226025147141080148072
[2016.11.07-22.21.28:043][414]LogNet: Welcomed by server (Level: /Game/Maps/Lobby, Game: /Game/Blueprints/Lobby/LobbyGM.LobbyGM_C)
[2016.11.07-22.21.28:047][414]LogLoad: LoadMap: 192.168.1.68//Game/Maps/Lobby?game=/Game/Blueprints/Lobby/LobbyGM.LobbyGM_C
[2016.11.07-22.21.28:114][414]LogMemory: Platform Memory Stats for Windows
[2016.11.07-22.21.28:114][414]LogMemory: Process Physical Memory: 619.50 MB used, 626.93 MB peak
[2016.11.07-22.21.28:114][414]LogMemory: Process Virtual Memory: 790.30 MB used, 794.20 MB peak
[2016.11.07-22.21.28:114][414]LogMemory: Physical Memory: 6059.22 MB used, 8105.84 MB total
[2016.11.07-22.21.28:114][414]LogMemory: Virtual Memory: 1410.92 MB used, 134217728.00 MB total
[2016.11.07-22.21.28:114][414]LogMemory: 
[2016.11.07-22.21.28:114][414]Allocator Stats for TBB: (not implemented)
[2016.11.07-22.21.29:642][414]LogAIModule: Creating AISystem for world Lobby
[2016.11.07-22.21.29:646][414]LogWorld: Bringing World /Game/Maps/Lobby.Lobby up for play (max tick rate 0) at 2016.11.07-16.21.29
[2016.11.07-22.21.29:647][414]LogWorld: Bringing up level for play took: 0.003497
[2016.11.07-22.21.29:647][414]LogLoad: Took 1.601023 seconds to LoadMap(/Game/Maps/Lobby)
[2016.11.07-22.21.29:951][416]LogScriptCore:Warning: Attempted to get an item from array AvailableCharacters out of bounds [6/5]!

[2016.11.07-22.21.29:989][417]LogScriptCore:Warning: Attempted to get an item from array AvailableCharacters out of bounds [6/5]!

[2016.11.07-22.21.32:581][545]LogScriptCore:Warning: Attempted to get an item from array AvailableCharacters out of bounds [6/5]!

[2016.11.07-22.21.42:559][709]LogWorld: SeamlessTravel to: /Game/Maps/Arena01
[2016.11.07-22.21.42:743][711]LogStats:     SeamlessTravel FlushLevelStreaming  -  0.001 s
[2016.11.07-22.21.42:748][711]LogWorld: Bringing World /Game/Maps/Travelmap.Travelmap up for play (max tick rate 0) at 2016.11.07-16.21.42
[2016.11.07-22.21.42:748][711]LogWorld: Bringing up level for play took: 0.004698
[2016.11.07-22.21.42:748][711]LogWorld: Sending NotifyLoadedWorld for LP: LocalPlayer_0 PC: LobbyPC_C_0
[2016.11.07-22.21.42:748][711]LogNet:Verbose: NotifyLoadedWorld Begin
[2016.11.07-22.21.42:748][711]LogNet:VeryVerbose: GetFunctionCallspace RemoteRole Remote ServerNotifyLoadedWorld
[2016.11.07-22.21.42:749][711]LogNetTraffic:       Sent RPC: LobbyPC_C_0::ServerNotifyLoadedWorld [34.4 bytes]
[2016.11.07-22.21.42:749][711]LogNetTraffic:VeryVerbose: Sending: FOutBunch: Channel[2] ChSequence: 11 NumBits: 275 PacketId: 0 bOpen: 0 bClose: 0 bDormant: 0 bReliable: 1 bPartial: 0//0//0 bHasPackageMapExports: 0 
[2016.11.07-22.21.42:749][711]LogNetTraffic:Verbose: UNetConnection::SendRawBunch. ChIndex: 2. Bits: 275. PacketId: 266
[2016.11.07-22.21.42:749][711]LogNet:Verbose: NotifyLoadedWorld End
[2016.11.07-22.21.42:749][711]LogWorld: StartLoadingDestination to: /Game/Maps/Arena01
[2016.11.07-22.21.43:331][720]LogStats:     SeamlessTravel FlushLevelStreaming  -  0.001 s
[2016.11.07-22.21.43:337][720]LogWorld: Bringing World /Game/Maps/Arena01.Arena01 up for play (max tick rate 0) at 2016.11.07-16.21.43
[2016.11.07-22.21.43:337][720]LogWorld: Bringing up level for play took: 0.005621
[2016.11.07-22.21.43:337][720]LogWorld: Sending NotifyLoadedWorld for LP: LocalPlayer_0 PC: LobbyPC_C_0
[2016.11.07-22.21.43:337][720]LogNet:Verbose: NotifyLoadedWorld Begin
[2016.11.07-22.21.43:337][720]LogNet:VeryVerbose: GetFunctionCallspace RemoteRole Remote ServerNotifyLoadedWorld
[2016.11.07-22.21.43:338][720]LogNetTraffic:       Sent RPC: LobbyPC_C_0::ServerNotifyLoadedWorld [32.4 bytes]
[2016.11.07-22.21.43:338][720]LogNetTraffic:VeryVerbose: Sending: FOutBunch: Channel[2] ChSequence: 12 NumBits: 259 PacketId: 0 bOpen: 0 bClose: 0 bDormant: 0 bReliable: 1 bPartial: 0//0//0 bHasPackageMapExports: 0 
[2016.11.07-22.21.43:338][720]LogNetTraffic:Verbose: UNetConnection::SendRawBunch. ChIndex: 2. Bits: 259. PacketId: 272
[2016.11.07-22.21.43:338][720]LogNet:Verbose: NotifyLoadedWorld End
[2016.11.07-22.21.43:338][720]LogWorld: ----SeamlessTravel finished in 0.78 seconds ------
[2016.11.07-22.21.43:770][723]LogScript:Warning: Accessed None trying to read property HUDWB
	GameplayPC_C /Game/Maps/Arena01.Arena01:PersistentLevel.GameplayPC_C_0
	Function /Game/Blueprints/Gameplay/GameplayPC.GameplayPC_C:ExecuteUbergraph_GameplayPC:04E1
[2016.11.07-22.21.43:770][723]LogScript:Warning: Script call stack:
	Function /Game/Blueprints/Gameplay/GameplayPC.GameplayPC_C:ReceiveTick
	Function /Game/Blueprints/Gameplay/GameplayPC.GameplayPC_C:ExecuteUbergraph_GameplayPC

[2016.11.07-22.21.43:770][723]LogScript:Warning: Attempted to assign to None
	GameplayPC_C /Game/Maps/Arena01.Arena01:PersistentLevel.GameplayPC_C_0
	Function /Game/Blueprints/Gameplay/GameplayPC.GameplayPC_C:ExecuteUbergraph_GameplayPC:04F6
[2016.11.07-22.21.43:770][723]LogScript:Warning: Script call stack:
	Function /Game/Blueprints/Gameplay/GameplayPC.GameplayPC_C:ReceiveTick
	Function /Game/Blueprints/Gameplay/GameplayPC.GameplayPC_C:ExecuteUbergraph_GameplayPC

[2016.11.07-22.21.44:324][729]LogOnline:Warning: NULL: No game present to join for session (Game)
[2016.11.07-22.22.28:700][768]LogWindowsTextInputMethodSystem:Display: IME system now deactivated.
[2016.11.07-22.22.28:703][768]LogEngine: All Windows Closed
[2016.11.07-22.22.28:703][768]LogWindows: FPlatformMisc::RequestExit(0)
[2016.11.07-22.22.28:703][769]LogMoviePlayer: Shutting down movie player
[2016.11.07-22.22.29:210][769]LogNet: World NetDriver shutdown IpNetDriver_0 [GameNetDriver]
[2016.11.07-22.22.29:210][769]LogNet: DestroyNamedNetDriver IpNetDriver_0 [GameNetDriver]
[2016.11.07-22.22.29:210][769]LogNet: UNetConnection::Close: [UNetConnection] RemoteAddr: 192.168.1.68:7777, Name: IpConnection_0, Driver: GameNetDriver IpNetDriver_0, IsServer: NO, PC: GameplayPC_C_0, Owner: GameplayPC_C_0, Channels: 10, Time: 2016.11.07-22.22.29
[2016.11.07-22.22.29:210][769]LogNet: UChannel::Close: Sending CloseBunch. ChIndex == 0. Name: [UChannel] ChIndex: 0, Closing: 0 [UNetConnection] RemoteAddr: 192.168.1.68:7777, Name: IpConnection_0, Driver: GameNetDriver IpNetDriver_0, IsServer: NO, PC: GameplayPC_C_0, Owner: GameplayPC_C_0
[2016.11.07-22.22.29:210][769]LogExit: GameNetDriver IpNetDriver_0 shut down
[2016.11.07-22.22.29:213][769]LogExit: Preparing to exit.
[2016.11.07-22.22.29:592][769]LogExit: Game engine shut down
[2016.11.07-22.22.29:740][769]LogObj: Freed 0b from 0 cluster array pools.
[2016.11.07-22.22.29:740][769]LogExit: Object subsystem successfully closed.
[2016.11.07-22.22.29:754][769]LogD3D11RHI: Shutdown
[2016.11.07-22.22.29:754][769]LogD3D11RHI: CleanupD3DDevice
[2016.11.07-22.22.30:046][769]LogD3D11RHI: ~FD3D11DynamicRHI
[2016.11.07-22.22.30:056][769]LogModuleManager: Shutting down and abandoning module SequenceRecorderSections (114)
[2016.11.07-22.22.30:056][769]LogModuleManager: Shutting down and abandoning module SequenceRecorder (113)
[2016.11.07-22.22.30:056][769]LogModuleManager: Shutting down and abandoning module AutomationController (112)
[2016.11.07-22.22.30:056][769]LogModuleManager: Shutting down and abandoning module AutomationWorker (111)
[2016.11.07-22.22.30:056][769]LogModuleManager: Shutting down and abandoning module CharacterAI (110)
[2016.11.07-22.22.30:056][769]LogModuleManager: Shutting down and abandoning module SessionServices (109)
[2016.11.07-22.22.30:056][769]LogModuleManager: Shutting down and abandoning module GameplayDebugger (108)
[2016.11.07-22.22.30:056][769]LogModuleManager: Shutting down and abandoning module AITestSuite (107)
[2016.11.07-22.22.30:056][769]LogModuleManager: Shutting down and abandoning module AIModule (106)
[2016.11.07-22.22.30:056][769]LogModuleManager: Shutting down and abandoning module MovieSceneCapture (105)
[2016.11.07-22.22.30:056][769]LogModuleManager: Shutting down and abandoning module StreamingPauseRendering (104)
[2016.11.07-22.22.30:056][769]LogModuleManager: Shutting down and abandoning module PortalServices (103)
[2016.11.07-22.22.30:056][769]LogModuleManager: Shutting down and abandoning module PortalRpc (102)
[2016.11.07-22.22.30:056][769]LogModuleManager: Shutting down and abandoning module MessagingRpc (101)
[2016.11.07-22.22.30:056][769]LogModuleManager: Shutting down and abandoning module ProfilerService (100)
[2016.11.07-22.22.30:208][769]LogModuleManager: Shutting down and abandoning module TaskGraph (99)
[2016.11.07-22.22.30:208][769]LogModuleManager: Shutting down and abandoning module SlateRemote (98)
[2016.11.07-22.22.30:208][769]LogModuleManager: Shutting down and abandoning module SteamVRController (97)
[2016.11.07-22.22.30:208][769]LogModuleManager: Shutting down and abandoning module SteamVR (96)
[2016.11.07-22.22.30:208][769]LogModuleManager: Shutting down and abandoning module ProceduralMeshComponent (95)
[2016.11.07-22.22.30:209][769]LogModuleManager: Shutting down and abandoning module OculusLibrary (94)
[2016.11.07-22.22.30:209][769]LogModuleManager: Shutting down and abandoning module OculusInput (93)
[2016.11.07-22.22.30:209][769]LogModuleManager: Shutting down and abandoning module CustomMeshComponent (92)
[2016.11.07-22.22.30:209][769]LogModuleManager: Shutting down and abandoning module CableComponent (91)
[2016.11.07-22.22.30:209][769]LogModuleManager: Shutting down and abandoning module ArchVisCharacter (90)
[2016.11.07-22.22.30:209][769]LogModuleManager: Shutting down and abandoning module HTML5Networking (89)
[2016.11.07-22.22.30:209][769]LogModuleManager: Shutting down and abandoning module DesktopPlatform (88)
[2016.11.07-22.22.30:209][769]LogModuleManager: Shutting down and abandoning module DirectoryWatcher (87)
[2016.11.07-22.22.30:209][769]LogModuleManager: Shutting down and abandoning module HotReload (86)
[2016.11.07-22.22.30:209][769]LogModuleManager: Shutting down and abandoning module VisualStudioSourceCodeAccess (85)
[2016.11.07-22.22.30:209][769]LogModuleManager: Shutting down and abandoning module UObjectPlugin (84)
[2016.11.07-22.22.30:209][769]LogModuleManager: Shutting down and abandoning module SubversionSourceControl (83)
[2016.11.07-22.22.30:209][769]LogModuleManager: Shutting down and abandoning module SourceControl (82)
[2016.11.07-22.22.30:209][769]LogModuleManager: Shutting down and abandoning module PerforceSourceControl (81)
[2016.11.07-22.22.30:209][769]LogModuleManager: Shutting down and abandoning module UdpMessaging (80)
[2016.11.07-22.22.30:310][769]LogModuleManager: Shutting down and abandoning module LightPropagationVolumeRuntime (79)
[2016.11.07-22.22.30:310][769]LogModuleManager: Shutting down and abandoning module Paper2D (78)
[2016.11.07-22.22.30:310][769]LogModuleManager: Shutting down and abandoning module WindowsMoviePlayer (77)
[2016.11.07-22.22.30:310][769]LogModuleManager: Shutting down and abandoning module Media (76)
[2016.11.07-22.22.30:310][769]LogModuleManager: Shutting down and abandoning module WmfMedia (75)
[2016.11.07-22.22.30:310][769]LogModuleManager: Shutting down and abandoning module MediaAssets (74)
[2016.11.07-22.22.30:310][769]LogModuleManager: Shutting down and abandoning module GameLiveStreaming (73)
[2016.11.07-22.22.30:310][769]LogModuleManager: Shutting down and abandoning module GameplayTagsEditor (72)
[2016.11.07-22.22.30:310][769]LogModuleManager: Shutting down and abandoning module OnlineBlueprintSupport (71)
[2016.11.07-22.22.30:310][769]LogModuleManager: Shutting down and abandoning module VREditor (70)
[2016.11.07-22.22.30:310][769]LogModuleManager: Shutting down and abandoning module GameplayTasksEditor (69)
[2016.11.07-22.22.30:310][769]LogModuleManager: Shutting down and abandoning module PropertyEditor (68)
[2016.11.07-22.22.30:310][769]LogModuleManager: Shutting down and abandoning module BehaviorTreeEditor (67)
[2016.11.07-22.22.30:310][769]LogModuleManager: Shutting down and abandoning module FunctionalTesting (66)
[2016.11.07-22.22.30:310][769]LogModuleManager: Shutting down and abandoning module CollisionAnalyzer (65)
[2016.11.07-22.22.30:310][769]LogModuleManager: Shutting down and abandoning module Sequencer (64)
[2016.11.07-22.22.30:310][769]LogModuleManager: Shutting down and abandoning module WorkspaceMenuStructure (63)
[2016.11.07-22.22.30:310][769]LogModuleManager: Shutting down and abandoning module MessageLog (62)
[2016.11.07-22.22.30:310][769]LogModuleManager: Shutting down and abandoning module AssetTools (61)
[2016.11.07-22.22.30:310][769]LogModuleManager: Shutting down and abandoning module UMGEditor (60)
[2016.11.07-22.22.30:310][769]LogModuleManager: Shutting down and abandoning module UMG (59)
[2016.11.07-22.22.30:310][769]LogModuleManager: Shutting down and abandoning module SlateReflector (58)
[2016.11.07-22.22.30:311][769]LogModuleManager: Shutting down and abandoning module Slate (57)
[2016.11.07-22.22.30:311][769]LogModuleManager: Shutting down and abandoning module EditorStyle (56)
[2016.11.07-22.22.30:313][769]LogModuleManager: Shutting down and abandoning module Messaging (55)
[2016.11.07-22.22.30:313][769]LogModuleManager: Shutting down and abandoning module SourceCodeAccess (54)
[2016.11.07-22.22.30:314][769]LogModuleManager: Shutting down and abandoning module HeadMountedDisplay (53)
[2016.11.07-22.22.30:314][769]LogModuleManager: Shutting down and abandoning module XAudio2 (52)
[2016.11.07-22.22.30:314][769]LogModuleManager: Shutting down and abandoning module Networking (51)
[2016.11.07-22.22.30:314][769]LogModuleManager: Shutting down and abandoning module Core (50)
[2016.11.07-22.22.30:314][769]LogModuleManager: Shutting down and abandoning module KismetCompiler (49)
[2016.11.07-22.22.30:314][769]LogModuleManager: Shutting down and abandoning module PhysXFormats (48)
[2016.11.07-22.22.30:314][769]LogModuleManager: Shutting down and abandoning module MeshUtilities (47)
[2016.11.07-22.22.30:314][769]LogModuleManager: Shutting down and abandoning module AssetRegistry (46)
[2016.11.07-22.22.30:314][769]LogModuleManager: Shutting down and abandoning module DerivedDataCache (45)
[2016.11.07-22.22.30:587][769]LogDerivedDataCache: Shutdown
[2016.11.07-22.22.30:588][769]LogModuleManager: Shutting down and abandoning module VulkanShaderFormat (44)
[2016.11.07-22.22.30:588][769]LogModuleManager: Shutting down and abandoning module ShaderFormatOpenGL (43)
[2016.11.07-22.22.30:588][769]LogModuleManager: Shutting down and abandoning module ShaderFormatD3D (42)
[2016.11.07-22.22.30:588][769]LogModuleManager: Shutting down and abandoning module MetalShaderFormat (41)
[2016.11.07-22.22.30:588][769]LogModuleManager: Shutting down and abandoning module TextureFormatUncompressed (40)
[2016.11.07-22.22.30:588][769]LogModuleManager: Shutting down and abandoning module TextureFormatPVR (39)
[2016.11.07-22.22.30:588][769]LogModuleManager: Shutting down and abandoning module TextureFormatIntelISPCTexComp (38)
[2016.11.07-22.22.30:588][769]LogModuleManager: Shutting down and abandoning module TextureFormatDXT (37)
[2016.11.07-22.22.30:588][769]LogModuleManager: Shutting down and abandoning module ImageWrapper (36)
[2016.11.07-22.22.30:588][769]LogModuleManager: Shutting down and abandoning module TextureFormatASTC (35)
[2016.11.07-22.22.30:588][769]LogModuleManager: Shutting down and abandoning module TextureFormatAndroid (34)
[2016.11.07-22.22.30:588][769]LogModuleManager: Shutting down and abandoning module AudioFormatOpus (33)
[2016.11.07-22.22.30:588][769]LogModuleManager: Shutting down and abandoning module AudioFormatOgg (32)
[2016.11.07-22.22.30:588][769]LogModuleManager: Shutting down and abandoning module AudioFormatADPCM (31)
[2016.11.07-22.22.30:588][769]LogModuleManager: Shutting down and abandoning module WindowsTargetPlatform (30)
[2016.11.07-22.22.30:588][769]LogModuleManager: Shutting down and abandoning module WindowsServerTargetPlatform (29)
[2016.11.07-22.22.30:588][769]LogModuleManager: Shutting down and abandoning module WindowsNoEditorTargetPlatform (28)
[2016.11.07-22.22.30:588][769]LogModuleManager: Shutting down and abandoning module WindowsClientTargetPlatform (27)
[2016.11.07-22.22.30:588][769]LogModuleManager: Shutting down and abandoning module TargetPlatform (26)
[2016.11.07-22.22.30:588][769]LogModuleManager: Shutting down and abandoning module InputCore (25)
[2016.11.07-22.22.30:588][769]LogModuleManager: Shutting down and abandoning module Settings (24)
[2016.11.07-22.22.30:588][769]LogModuleManager: Shutting down and abandoning module Voice (22)
[2016.11.07-22.22.30:588][769]LogModuleManager: Shutting down and abandoning module OnlineSubsystem (19)
[2016.11.07-22.22.30:588][769]LogOnline:Display: NULL: FOnlineSubsystemNull::Shutdown()
[2016.11.07-22.22.30:588][769]LogOnline:Display: Unloading online subsystem: NULL
[2016.11.07-22.22.30:588][769]LogModuleManager: Shutting down and abandoning module HTTP (18)
[2016.11.07-22.22.30:588][769]LogModuleManager: Shutting down and abandoning module XMPP (17)
[2016.11.07-22.22.30:588][769]LogModuleManager: Shutting down and abandoning module OculusRift (16)
[2016.11.07-22.22.30:588][769]LogModuleManager: Shutting down and abandoning module ExampleDeviceProfileSelector (15)
[2016.11.07-22.22.30:589][769]LogModuleManager: Shutting down and abandoning module TextureCompressor (14)
[2016.11.07-22.22.30:589][769]LogModuleManager: Shutting down and abandoning module ShaderCore (13)
[2016.11.07-22.22.30:589][769]LogModuleManager: Shutting down and abandoning module Landscape (12)
[2016.11.07-22.22.30:589][769]LogModuleManager: Shutting down and abandoning module SlateRHIRenderer (11)
[2016.11.07-22.22.30:589][769]LogModuleManager: Shutting down and abandoning module OpenGLDrv (10)
[2016.11.07-22.22.30:589][769]LogModuleManager: Shutting down and abandoning module D3D11RHI (9)
[2016.11.07-22.22.30:589][769]LogModuleManager: Shutting down and abandoning module AnimGraphRuntime (8)
[2016.11.07-22.22.30:589][769]LogModuleManager: Shutting down and abandoning module Renderer (7)
[2016.11.07-22.22.30:589][769]LogModuleManager: Shutting down and abandoning module Engine (6)
[2016.11.07-22.22.30:589][769]LogModuleManager: Shutting down and abandoning module CoreUObject (5)
[2016.11.07-22.22.30:589][769]LogModuleManager: Shutting down and abandoning module NetworkFile (4)
[2016.11.07-22.22.30:589][769]LogModuleManager: Shutting down and abandoning module StreamingFile (3)
[2016.11.07-22.22.30:589][769]LogModuleManager: Shutting down and abandoning module SandboxFile (2)
[2016.11.07-22.22.30:589][769]LogModuleManager: Shutting down and abandoning module PakFile (1)
[2016.11.07-22.22.30:590][769]LogExit: Exiting.
[2016.11.07-22.22.30:593][769]Log file closed, 11/07/16 16:22:30
