Log file open, 11/06/16 16:22:43
LogInit:Display: Running engine for game: OnlineProject
LogPlatformFile: Not using cached read wrapper
LogInit:Display: RandInit(1422247844) SRandInit(1422247845).
LogTaskGraph: Started task graph with 4 named threads and 5 total threads with 1 sets of task threads.
LogStats: Stats thread started at 0.256334
LogInit: Version: 4.12.5-3039270+++UE4+Release-4.12
LogInit: API Version: 2992821
LogInit: Net Version: 3039270
LogDevObjectVersion: Number of dev versions registered: 13
LogDevObjectVersion:   Dev-Blueprints (B0D832E4-1F89-4F0D-ACCF-7EB736FD4AA2): 3
LogDevObjectVersion:   Dev-Build (E1C64328-A22C-4D53-A36C-8E866417BD8C): 0
LogDevObjectVersion:   Dev-Core (375EC13C-06E4-48FB-B500-84F0262A717E): 1
LogDevObjectVersion:   Dev-Editor (E4B068ED-F494-42E9-A231-DA0B2E46BB41): 2
LogDevObjectVersion:   Dev-Framework (CFFC743F-43B0-4480-9391-14DF171D2073): 6
LogDevObjectVersion:   Dev-Mobile (B02B49B5-BB20-44E9-A304-32B752E40360): 0
LogDevObjectVersion:   Dev-Networking (A4E4105C-59A1-49B5-A7C5-40C4547EDFEE): 0
LogDevObjectVersion:   Dev-Online (39C831C9-5AE6-47DC-9A44-9C173E1C8E7C): 0
LogDevObjectVersion:   Dev-Physics (78F01B33-EBEA-4F98-B9B4-84EACCB95AA2): 0
LogDevObjectVersion:   Dev-Platform (6631380F-2D4D-43E0-8009-CF276956A95A): 0
LogDevObjectVersion:   Dev-Rendering (12F88B9F-8875-4AFC-A67C-D90C383ABD29): 2
LogDevObjectVersion:   Dev-Sequencer (7B5AE74C-D270-4C10-A958-57980B212A5A): 0
LogDevObjectVersion:   Dev-VR (D7296918-1DD6-4BDD-9DE2-64A83CC13884): 0
LogInit: Compiled (64-bit): Jul  6 2016 09:09:46
LogInit: Compiled with Visual C++: 19.00.23026.00
LogInit: Build Configuration: Development
LogInit: Branch Name: ++UE4+Release-4.12
LogInit: Command line:  
LogInit: Base directory: C:/Program Files (x86)/Epic Games/4.12/Engine/Binaries/Win64/
LogInit: Installed Engine Build: 1
LogInit: Using libcurl 7.41.0
LogInit:  - built for x86_64-pc-win32
LogInit:  - supports SSL with WinSSL
LogInit:  - other features:
LogInit:      CURL_VERSION_SSL
LogInit:      CURL_VERSION_IPV6
LogInit:      CURL_VERSION_ASYNCHDNS
LogInit:      CURL_VERSION_LARGEFILE
LogInit:      CURL_VERSION_IDN
LogInit:  CurlRequestOptions (configurable via config and command line):
LogInit:  - bVerifyPeer = true  - Libcurl will verify peer certificate
LogInit:  - bUseHttpProxy = false  - Libcurl will NOT use HTTP proxy
LogInit:  - bDontReuseConnections = false  - Libcurl will reuse connections
LogInit:  - CertBundlePath = nullptr  - Libcurl will use whatever was configured at build time.
LogInit: WinSock: version 1.1 (2.2), MaxSocks=32767, MaxUdp=65467
LogVoice:Warning: Failed to initialize voice interface
LogInit: Presizing for max 8388607 objects, including 0 objects not considered by GC, pre-allocating 0 bytes for permanent pool.
LogInit: Object subsystem initialized
[2016.11.06-22.22.43:983][  0]LogInit: Selected Device Profile: [Windows]
[2016.11.06-22.22.43:983][  0]LogInit: Applying CVar settings loaded from the selected device profile: [Windows]
[2016.11.06-22.22.44:092][  0]LogInit: Computer: METAL_REAR
[2016.11.06-22.22.44:092][  0]LogInit: User: Kevin
[2016.11.06-22.22.44:092][  0]LogInit: CPU Page size=65536, Cores=2
[2016.11.06-22.22.44:092][  0]LogInit: High frequency timer resolution =2.143476 MHz
[2016.11.06-22.22.44:092][  0]LogMemory: Memory total: Physical=7.9GB (8GB approx)
[2016.11.06-22.22.44:092][  0]LogMemory: Platform Memory Stats for Windows
[2016.11.06-22.22.44:092][  0]LogMemory: Process Physical Memory: 191.55 MB used, 191.55 MB peak
[2016.11.06-22.22.44:092][  0]LogMemory: Process Virtual Memory: 195.16 MB used, 195.16 MB peak
[2016.11.06-22.22.44:092][  0]LogMemory: Physical Memory: 4158.32 MB used, 8105.84 MB total
[2016.11.06-22.22.44:092][  0]LogMemory: Virtual Memory: 554.43 MB used, 134217728.00 MB total
[2016.11.06-22.22.45:537][  0]LogD3D11RHI: D3D11 adapters:
[2016.11.06-22.22.45:544][  0]LogD3D11RHI:    0. 'Intel(R) HD Graphics 5500' (Feature Level 11_0)
[2016.11.06-22.22.45:544][  0]LogD3D11RHI:       128/0/4052 MB DedicatedVideo/DedicatedSystem/SharedSystem, Outputs:1, VendorId:0x8086
[2016.11.06-22.22.46:083][  0]LogD3D11RHI:    1. 'AMD Radeon R9 M275' (Feature Level 11_0)
[2016.11.06-22.22.46:083][  0]LogD3D11RHI:       2026/0/4052 MB DedicatedVideo/DedicatedSystem/SharedSystem, Outputs:0, VendorId:0x1002
[2016.11.06-22.22.46:085][  0]LogD3D11RHI:    2. 'Microsoft Basic Render Driver' (Feature Level 11_0)
[2016.11.06-22.22.46:085][  0]LogD3D11RHI:       0/0/4052 MB DedicatedVideo/DedicatedSystem/SharedSystem, Outputs:0, VendorId:0x1414
[2016.11.06-22.22.46:085][  0]LogD3D11RHI: Chosen D3D11 Adapter: 1
[2016.11.06-22.22.46:092][  0]LogD3D11RHI: Creating new Direct3DDevice
[2016.11.06-22.22.46:093][  0]LogD3D11RHI:     GPU DeviceId: 0x6820 (for the marketing name, search the web for "GPU Device Id")
[2016.11.06-22.22.46:093][  0]LogWindows: EnumDisplayDevices:
[2016.11.06-22.22.46:093][  0]LogWindows:    0. 'Intel(R) HD Graphics 5500' (P:1 D:1)
[2016.11.06-22.22.46:093][  0]LogWindows:    1. 'Intel(R) HD Graphics 5500' (P:0 D:0)
[2016.11.06-22.22.46:093][  0]LogWindows:    2. 'Intel(R) HD Graphics 5500' (P:0 D:0)
[2016.11.06-22.22.46:093][  0]LogWindows: DebugString: PrimaryIsNotTheChoosenAdapter PrimaryIsNotTheChoosenAdapter PrimaryIsNotTheChoosenAdapter FoundDriverCount:0 
[2016.11.06-22.22.46:093][  0]LogD3D11RHI:     Adapter Name: AMD Radeon R9 M275
[2016.11.06-22.22.46:093][  0]LogD3D11RHI:   Driver Version: Unknown (internal:Unknown, unified:Unknown)
[2016.11.06-22.22.46:093][  0]LogD3D11RHI:      Driver Date: Unknown
[2016.11.06-22.22.46:093][  0]LogRHI: Texture pool is 1361 MB (70% of 1945 MB)
[2016.11.06-22.22.46:103][  0]LogD3D11RHI: Async texture creation disabled: no driver support
[2016.11.06-22.22.46:121][  0]LogD3D11RHI: GPU Timing Frequency: 27.000000 (Debug: 2 1)
[2016.11.06-22.22.46:122][  0]LogShaderCompilers: Guid format shader working directory is -21 characters bigger than the processId version (../../../../../../Users/Kevin/Desktop/Online_V3/OnlineProject_Kevin/Intermediate/Shaders/WorkingDirectory/8660/).
[2016.11.06-22.22.46:123][  0]LogShaderCompilers: Cleaned the shader compiler working directory 'C:/Users/Kevin/AppData/Local/Temp/UnrealShaderWorkingDir/E24747CD4BE732B9ECDBF2BADEFDB641/'.
[2016.11.06-22.22.46:123][  0]LogShaderCompilers:Display: Using Local Shader Compiler.
[2016.11.06-22.22.50:531][  0]LogTemp:Display: Loaded TP AllDesktopTargetPlatform
[2016.11.06-22.22.50:542][  0]LogTemp:Display: Loaded TP WindowsClientTargetPlatform
[2016.11.06-22.22.50:555][  0]LogTemp:Display: Loaded TP WindowsNoEditorTargetPlatform
[2016.11.06-22.22.50:568][  0]LogTemp:Display: Loaded TP WindowsServerTargetPlatform
[2016.11.06-22.22.50:580][  0]LogTemp:Display: Loaded TP WindowsTargetPlatform
[2016.11.06-22.22.50:651][  0]LogTemp:Display: Loaded TP AndroidTargetPlatform
[2016.11.06-22.22.50:672][  0]LogTemp:Display: Loaded TP Android_ASTCTargetPlatform
[2016.11.06-22.22.50:681][  0]LogTemp:Display: Loaded TP Android_ATCTargetPlatform
[2016.11.06-22.22.50:690][  0]LogTemp:Display: Loaded TP Android_DXTTargetPlatform
[2016.11.06-22.22.50:701][  0]LogTemp:Display: Loaded TP Android_ETC1TargetPlatform
[2016.11.06-22.22.50:710][  0]LogTemp:Display: Loaded TP Android_ETC2TargetPlatform
[2016.11.06-22.22.50:744][  0]LogTemp:Display: Loaded TP Android_MultiTargetPlatform
[2016.11.06-22.22.50:744][  0]LogTemp:Display: Loaded TP Android_PVRTCTargetPlatform
[2016.11.06-22.22.50:745][  0]LogTemp:Display: Loaded TP HTML5TargetPlatform
[2016.11.06-22.22.50:938][  0]LogTemp:Display: Loaded TP IOSTargetPlatform
[2016.11.06-22.22.50:946][  0]LogTemp:Display: Loaded TP TVOSTargetPlatform
[2016.11.06-22.22.50:960][  0]LogTemp:Display: Loaded TP LinuxNoEditorTargetPlatform
[2016.11.06-22.22.50:982][  0]LogTemp:Display: Loaded TP LinuxServerTargetPlatform
[2016.11.06-22.22.51:098][  0]LogTemp:Display: Loaded TP LinuxTargetPlatform
[2016.11.06-22.22.51:098][  0]LogTargetPlatformManager:Display: Building Assets For Windows
[2016.11.06-22.22.52:515][  0]LogDerivedDataCache:Display: Max Cache Size: 512 MB
[2016.11.06-22.22.53:277][  0]LogDerivedDataCache: Loaded boot cache 0.76s 48MB C:/Users/Kevin/AppData/Local/UnrealEngine/4.12/DerivedDataCache/Boot.ddc.
[2016.11.06-22.22.53:277][  0]LogDerivedDataCache:Display: Loaded Boot cache: C:/Users/Kevin/AppData/Local/UnrealEngine/4.12/DerivedDataCache/Boot.ddc
[2016.11.06-22.22.53:277][  0]LogDerivedDataCache: FDerivedDataBackendGraph:  Pak pak cache file ../../../../../../Users/Kevin/Desktop/Online_V3/OnlineProject_Kevin/DerivedDataCache/DDC.ddp not found, will not use a pak cache.
[2016.11.06-22.22.53:277][  0]LogDerivedDataCache: Unable to find inner node Pak for hierarchical cache Hierarchy.
[2016.11.06-22.22.53:278][  0]LogDerivedDataCache: FDerivedDataBackendGraph:  CompressedPak pak cache file ../../../../../../Users/Kevin/Desktop/Online_V3/OnlineProject_Kevin/DerivedDataCache/Compressed.ddp not found, will not use a pak cache.
[2016.11.06-22.22.53:278][  0]LogDerivedDataCache: Unable to find inner node CompressedPak for hierarchical cache Hierarchy.
[2016.11.06-22.22.53:383][  0]LogDerivedDataCache:Display: Pak cache opened for reading ../../../Engine/DerivedDataCache/Compressed.ddp.
[2016.11.06-22.22.53:401][  0]LogDerivedDataCache: Using Local data cache path C:/Users/Kevin/AppData/Local/UnrealEngine/Common/DerivedDataCache: Writable
[2016.11.06-22.23.06:868][  0]LogInit: Selected Device Profile: [Windows]
[2016.11.06-22.23.06:949][  0]LogContentStreaming: Texture pool size is 0.00 MB
[2016.11.06-22.23.09:592][  0]LogMeshUtilities: No automatic mesh reduction module available
[2016.11.06-22.23.09:592][  0]LogMeshUtilities: No automatic mesh merging module available
[2016.11.06-22.23.09:592][  0]LogMeshUtilities: No distributed automatic mesh merging module available
[2016.11.06-22.23.15:444][  0]LogAssetRegistry: FAssetRegistry took 0.0220 seconds to start up
[2016.11.06-22.23.15:771][  0]LogPackageLocalizationCache: Processed 3 localized package path(s) for 1 prioritized culture(s) in 0.191673 seconds
[2016.11.06-22.23.15:851][  0]LogUObjectArray: 28739 objects as part of root set at end of initial load.
[2016.11.06-22.23.15:851][  0]LogUObjectAllocator: 5855632 out of 0 bytes used by permanent object pool.
[2016.11.06-22.23.15:851][  0]LogUObjectArray: CloseDisregardForGC: 0/0 objects in disregard for GC pool
[2016.11.06-22.23.23:027][  0]LogSlate: SlateFontCache - WITH_FREETYPE: 1, WITH_HARFBUZZ: 1
[2016.11.06-22.23.23:027][  0]LogSlate: SlateFontCache - WITH_FREETYPE: 1, WITH_HARFBUZZ: 1
[2016.11.06-22.23.35:219][  0]LogUdpMessaging: Initializing bridge on interface 0.0.0.0:0 to multicast group 230.0.0.1:6666.
[2016.11.06-22.23.37:996][  0]SourceControl: Info Source control is disabled
[2016.11.06-22.23.38:780][  0]SourceControl: Info Source control is disabled
[2016.11.06-22.23.38:905][  0]SourceControl: Info Source control is disabled
[2016.11.06-22.23.38:990][  0]SourceControl: Info Source control is disabled
[2016.11.06-22.23.41:187][  0]LogEngine: Initializing Engine...
[2016.11.06-22.23.41:329][  0]LogHMD: SteamVR failed to initialize.  Err: 110
[2016.11.06-22.23.41:330][  0]LogHMD: SteamVR failed to initialize.  Err: 110
[2016.11.06-22.23.42:747][  0]LogAIModule: Creating AISystem for world NewWorld
[2016.11.06-22.23.42:847][  0]LogInit: XAudio2 using 'Altavoces (Realtek High Definition Audio)' : 2 channels at 48 kHz using 32 bits per sample (channel mask 0x3)
[2016.11.06-22.23.42:899][  0]LogInit: FAudioDevice initialized.
[2016.11.06-22.23.42:959][  0]LogDerivedDataCache: Saved boot cache 0.06s 48MB C:/Users/Kevin/AppData/Local/UnrealEngine/4.12/DerivedDataCache/Boot.ddc.
[2016.11.06-22.23.42:984][  0]LogInit: Texture streaming: Enabled
[2016.11.06-22.23.43:490][  0]LogInit: Transaction tracking system initialized
[2016.11.06-22.23.44:269][  0]BlueprintLog: New page: Editor Load
[2016.11.06-22.23.50:278][  0]LocalizationService: Info Localization service is disabled
[2016.11.06-22.23.51:231][  0]LogConsoleResponse:Display: 
[2016.11.06-22.23.56:763][  0]LogFileCache: Scanning file cache for directory 'C:/Users/Kevin/Desktop/Online_V3/OnlineProject_Kevin/Content/' took 0.05s
[2016.11.06-22.23.56:764][  0]LogCook:Display: Max memory allowance for cook 8192mb
[2016.11.06-22.23.56:764][  0]LogCook:Display: Mobile HDR setting 1
[2016.11.06-22.24.00:365][  0]SourceControl: Info Source control is disabled
[2016.11.06-22.24.00:447][  0]Cmd: MAP LOAD FILE="../../../../../../Users/Kevin/Desktop/Online_V3/OnlineProject_Kevin/Content/Maps/MainMenu.umap" TEMPLATE=0 SHOWPROGRESS=1 FEATURELEVEL=3
[2016.11.06-22.24.00:489][  0]LightingResults: New page: Lighting Build
[2016.11.06-22.24.00:711][  0]MapCheck: New page: Map Check
[2016.11.06-22.24.00:711][  0]LightingResults: New page: Lighting Build
[2016.11.06-22.24.04:184][  0]LogAIModule: Creating AISystem for world MainMenu
[2016.11.06-22.24.04:385][  0]LogEditorServer: Finished looking for orphan Actors (0.000 secs)
[2016.11.06-22.24.04:594][  0]Cmd: MAP CHECKDEP NOCLEARLOG
[2016.11.06-22.24.04:682][  0]MapCheck: Info Map check complete: 0 Error(s), 0 Warning(s), took 87.077ms to complete.
[2016.11.06-22.24.04:682][  0]LogFileHelpers: Loading map 'MainMenu' took 4.238
[2016.11.06-22.24.08:098][  0]LogCollectionManager: Loaded 1 collections in 0.102287 seconds
[2016.11.06-22.24.08:482][  0]LogFileCache: Scanning file cache for directory 'C:/Users/Kevin/Desktop/Online_V3/OnlineProject_Kevin/Saved/Collections/' took 0.01s
[2016.11.06-22.24.08:482][  0]LogFileCache: Scanning file cache for directory 'C:/Users/Kevin/Desktop/Online_V3/OnlineProject_Kevin/Content/Developers/Kevin/Collections/' took 0.01s
[2016.11.06-22.24.08:482][  0]LogFileCache: Scanning file cache for directory 'C:/Users/Kevin/Desktop/Online_V3/OnlineProject_Kevin/Content/Collections/' took 0.01s
[2016.11.06-22.24.08:482][  0]LogCollectionManager: Rebuilt the GUID cache for 1 collections in 0.000007 seconds
[2016.11.06-22.24.08:483][  0]LogCollectionManager: Rebuilt the hierarchy cache for 1 collections in 0.000002 seconds
[2016.11.06-22.24.08:536][  0]LogContentBrowser: Native class hierarchy populated in 0.0503 seconds. Added 2047 classes and 369 folders.
[2016.11.06-22.24.08:726][  0]LogStats: UGameplayTagsManager::ConstructGameplayTagTree: Construct from data asset -  0.000 s
[2016.11.06-22.24.08:727][  0]LogStats: UGameplayTagsManager::ConstructGameplayTagTree: GameplayTagTreeChangedEvent.Broadcast -  0.001 s
[2016.11.06-22.24.08:730][  0]LogContentBrowser: Native class hierarchy updated for 'GameplayTags' in 0.0011 seconds. Added 12 classes and 0 folders.
[2016.11.06-22.24.08:801][  0]LogContentBrowser: Native class hierarchy updated for 'WidgetCarousel' in 0.0006 seconds. Added 0 classes and 0 folders.
[2016.11.06-22.24.13:323][  0]LogContentBrowser: Native class hierarchy updated for 'AddContentDialog' in 0.0005 seconds. Added 0 classes and 0 folders.
[2016.11.06-22.24.13:403][  0]LogContentBrowser: Native class hierarchy updated for 'SceneOutliner' in 0.0005 seconds. Added 1 classes and 2 folders.
[2016.11.06-22.24.14:035][  0]LogCrashTracker: Crashtracker disabled due to settings.
[2016.11.06-22.24.14:158][  0]LogUObjectGlobals:Warning: Failed to find object 'Class None.'
[2016.11.06-22.24.14:257][  0]LogContentBrowser: Native class hierarchy updated for 'HierarchicalLODOutliner' in 0.0005 seconds. Added 1 classes and 2 folders.
[2016.11.06-22.24.14:257][  0]LogLoad: Full Startup: 94.96 seconds (BP compile: 0.86 seconds)
[2016.11.06-22.24.14:257][  0]LogExternalProfiler: Found external profiler: VSPerf
[2016.11.06-22.24.14:257][  0]LogExternalProfiler: Using external profiler: VSPerf
[2016.11.06-22.24.14:616][  0]LogOcInput: OculusInput pre-init called
[2016.11.06-22.24.14:761][  0]LogContentStreaming: Texture pool size now 400 MB
[2016.11.06-22.24.16:229][  0]LogRenderer: Reallocating scene render targets to support 744x340 (Frame:2).
[2016.11.06-22.24.17:749][  4]LogAssetRegistry: Asset discovery search completed in 62.3273 seconds
[2016.11.06-22.24.17:749][  4]LogCollectionManager: Rebuilt the object cache for 1 collections in 0.000017 seconds (found 0 objects)
[2016.11.06-22.24.17:749][  4]LogCollectionManager: Fixed up redirectors for 1 collections in 0.000045 seconds (updated 0 objects)
[2016.11.06-22.31.13:460][555]LogContentBrowser: Native class hierarchy updated for 'BlueprintGraph' in 0.0010 seconds. Added 111 classes and 0 folders.
[2016.11.06-22.32.19:600][469]LogScript:Warning: Accessed None trying to read property HUDWB
	GameplayPC_C /Engine/Transient.World_5:PersistentLevel.GameplayPC_C_0
	Function /Game/Blueprints/Gameplay/GameplayPC.GameplayPC_C:ExecuteUbergraph_GameplayPC:0504
[2016.11.06-22.32.19:600][469]LogScript:Warning: Attempted to assign to None
	GameplayPC_C /Engine/Transient.World_5:PersistentLevel.GameplayPC_C_0
	Function /Game/Blueprints/Gameplay/GameplayPC.GameplayPC_C:ExecuteUbergraph_GameplayPC:0519
[2016.11.06-22.32.19:734][470]LogScript:Warning: Accessed None trying to read property HUDWB
	GameplayPC_C /Engine/Transient.World_5:PersistentLevel.GameplayPC_C_0
	Function /Game/Blueprints/Gameplay/GameplayPC.GameplayPC_C:ExecuteUbergraph_GameplayPC:0504
[2016.11.06-22.32.19:734][470]LogScript:Warning: Attempted to assign to None
	GameplayPC_C /Engine/Transient.World_5:PersistentLevel.GameplayPC_C_0
	Function /Game/Blueprints/Gameplay/GameplayPC.GameplayPC_C:ExecuteUbergraph_GameplayPC:0519
[2016.11.06-22.32.19:765][471]LogScript:Warning: Accessed None trying to read property HUDWB
	GameplayPC_C /Engine/Transient.World_5:PersistentLevel.GameplayPC_C_0
	Function /Game/Blueprints/Gameplay/GameplayPC.GameplayPC_C:ExecuteUbergraph_GameplayPC:0504
[2016.11.06-22.32.19:766][471]LogScript:Warning: Attempted to assign to None
	GameplayPC_C /Engine/Transient.World_5:PersistentLevel.GameplayPC_C_0
	Function /Game/Blueprints/Gameplay/GameplayPC.GameplayPC_C:ExecuteUbergraph_GameplayPC:0519
[2016.11.06-22.32.19:805][472]LogScript:Warning: Accessed None trying to read property HUDWB
	GameplayPC_C /Engine/Transient.World_5:PersistentLevel.GameplayPC_C_0
	Function /Game/Blueprints/Gameplay/GameplayPC.GameplayPC_C:ExecuteUbergraph_GameplayPC:0504
[2016.11.06-22.32.19:805][472]LogScript:Warning: Attempted to assign to None
	GameplayPC_C /Engine/Transient.World_5:PersistentLevel.GameplayPC_C_0
	Function /Game/Blueprints/Gameplay/GameplayPC.GameplayPC_C:ExecuteUbergraph_GameplayPC:0519
[2016.11.06-22.32.19:823][473]LogScript:Warning: Accessed None trying to read property HUDWB
	GameplayPC_C /Engine/Transient.World_5:PersistentLevel.GameplayPC_C_0
	Function /Game/Blueprints/Gameplay/GameplayPC.GameplayPC_C:ExecuteUbergraph_GameplayPC:0504
[2016.11.06-22.32.19:823][473]LogScript:Warning: Attempted to assign to None
	GameplayPC_C /Engine/Transient.World_5:PersistentLevel.GameplayPC_C_0
	Function /Game/Blueprints/Gameplay/GameplayPC.GameplayPC_C:ExecuteUbergraph_GameplayPC:0519
[2016.11.06-22.32.19:841][474]LogScript:Warning: Accessed None trying to read property HUDWB
	GameplayPC_C /Engine/Transient.World_5:PersistentLevel.GameplayPC_C_0
	Function /Game/Blueprints/Gameplay/GameplayPC.GameplayPC_C:ExecuteUbergraph_GameplayPC:0504
[2016.11.06-22.32.19:841][474]LogScript:Warning: Attempted to assign to None
	GameplayPC_C /Engine/Transient.World_5:PersistentLevel.GameplayPC_C_0
	Function /Game/Blueprints/Gameplay/GameplayPC.GameplayPC_C:ExecuteUbergraph_GameplayPC:0519
[2016.11.06-22.32.19:858][475]LogScript:Warning: Accessed None trying to read property HUDWB
	GameplayPC_C /Engine/Transient.World_5:PersistentLevel.GameplayPC_C_0
	Function /Game/Blueprints/Gameplay/GameplayPC.GameplayPC_C:ExecuteUbergraph_GameplayPC:0504
[2016.11.06-22.32.19:858][475]LogScript:Warning: Attempted to assign to None
	GameplayPC_C /Engine/Transient.World_5:PersistentLevel.GameplayPC_C_0
	Function /Game/Blueprints/Gameplay/GameplayPC.GameplayPC_C:ExecuteUbergraph_GameplayPC:0519
[2016.11.06-22.32.19:875][476]LogScript:Warning: Accessed None trying to read property HUDWB
	GameplayPC_C /Engine/Transient.World_5:PersistentLevel.GameplayPC_C_0
	Function /Game/Blueprints/Gameplay/GameplayPC.GameplayPC_C:ExecuteUbergraph_GameplayPC:0504
[2016.11.06-22.32.19:875][476]LogScript:Warning: Attempted to assign to None
	GameplayPC_C /Engine/Transient.World_5:PersistentLevel.GameplayPC_C_0
	Function /Game/Blueprints/Gameplay/GameplayPC.GameplayPC_C:ExecuteUbergraph_GameplayPC:0519
[2016.11.06-22.32.19:894][477]LogScript:Warning: Accessed None trying to read property HUDWB
	GameplayPC_C /Engine/Transient.World_5:PersistentLevel.GameplayPC_C_0
	Function /Game/Blueprints/Gameplay/GameplayPC.GameplayPC_C:ExecuteUbergraph_GameplayPC:0504
[2016.11.06-23.27.33:329][916]LogWindowsTextInputMethodSystem:Display: IME system now deactivated.
[2016.11.06-23.27.33:329][916]LogWindowsTextInputMethodSystem:Display: IME system now deactivated.
[2016.11.07-02.02.48:027][928]LogActorComponent: UnregisterComponent: (/Engine/Transient.EditorFloorComp) Not registered. Aborting.
[2016.11.07-02.02.48:153][928]LogActorComponent: UnregisterComponent: (/Engine/Transient.EditorFloorComp) Not registered. Aborting.
[2016.11.07-02.02.48:280][928]LogActorComponent: UnregisterComponent: (/Engine/Transient.EditorFloorComp) Not registered. Aborting.
[2016.11.07-02.02.48:394][928]LogWindowsTextInputMethodSystem:Display: IME system now deactivated.
[2016.11.07-02.02.48:850][929]Cmd: QUIT_EDITOR
[2016.11.07-02.02.49:169][929]LogExit: Preparing to exit.
[2016.11.07-02.02.52:512][929]LogExit: Editor shut down
[2016.11.07-02.02.52:513][929]LogExit: Transaction tracking system shut down
[2016.11.07-02.02.56:541][929]LogObj: Freed 0b from 0 cluster array pools.
[2016.11.07-02.02.56:543][929]LogExit: Object subsystem successfully closed.
[2016.11.07-02.02.57:994][929]LogD3D11RHI: Shutdown
[2016.11.07-02.02.57:994][929]LogD3D11RHI: CleanupD3DDevice
[2016.11.07-02.02.58:317][929]LogD3D11RHI: ~FD3D11DynamicRHI
[2016.11.07-02.02.59:151][929]LogModuleManager: Shutting down and abandoning module BlueprintGraph (216)
[2016.11.07-02.02.59:151][929]LogModuleManager: Shutting down and abandoning module HierarchicalLODOutliner (215)
[2016.11.07-02.02.59:175][929]LogModuleManager: Shutting down and abandoning module CrashTracker (214)
[2016.11.07-02.02.59:175][929]LogModuleManager: Shutting down and abandoning module SceneOutliner (213)
[2016.11.07-02.02.59:175][929]LogModuleManager: Shutting down and abandoning module WidgetCarousel (212)
[2016.11.07-02.02.59:175][929]LogModuleManager: Shutting down and abandoning module AddContentDialog (211)
[2016.11.07-02.02.59:256][929]LogModuleManager: Shutting down and abandoning module GameplayTags (210)
[2016.11.07-02.02.59:256][929]LogModuleManager: Shutting down and abandoning module EditorWidgets (209)
[2016.11.07-02.02.59:256][929]LogModuleManager: Shutting down and abandoning module CollectionManager (208)
[2016.11.07-02.02.59:256][929]LogModuleManager: Shutting down and abandoning module StatsViewer (207)
[2016.11.07-02.02.59:271][929]LogModuleManager: Shutting down and abandoning module FoliageEdit (206)
[2016.11.07-02.02.59:271][929]LogModuleManager: Shutting down and abandoning module LandscapeEditor (205)
[2016.11.07-02.02.59:427][929]LogModuleManager: Shutting down and abandoning module SceneDepthPickerMode (204)
[2016.11.07-02.02.59:427][929]LogModuleManager: Shutting down and abandoning module ActorPickerMode (203)
[2016.11.07-02.02.59:427][929]LogModuleManager: Shutting down and abandoning module GeometryMode (202)
[2016.11.07-02.02.59:427][929]LogModuleManager: Shutting down and abandoning module TextureAlignMode (201)
[2016.11.07-02.02.59:427][929]LogModuleManager: Shutting down and abandoning module BspMode (200)
[2016.11.07-02.02.59:438][929]LogModuleManager: Shutting down and abandoning module HardwareSurvey (199)
[2016.11.07-02.02.59:439][929]LogModuleManager: Shutting down and abandoning module SequenceRecorderSections (198)
[2016.11.07-02.02.59:439][929]LogModuleManager: Shutting down and abandoning module SequenceRecorder (197)
[2016.11.07-02.02.59:474][929]LogModuleManager: Shutting down and abandoning module AutomationWorker (196)
[2016.11.07-02.02.59:474][929]LogModuleManager: Shutting down and abandoning module MatineeToLevelSequence (195)
[2016.11.07-02.02.59:474][929]LogModuleManager: Shutting down and abandoning module PlacementMode (194)
[2016.11.07-02.02.59:519][929]LogModuleManager: Shutting down and abandoning module LevelSequenceEditor (193)
[2016.11.07-02.02.59:519][929]LogModuleManager: Shutting down and abandoning module CharacterAI (192)
[2016.11.07-02.02.59:519][929]LogModuleManager: Shutting down and abandoning module SmartSnapping (191)
[2016.11.07-02.02.59:519][929]LogModuleManager: Shutting down and abandoning module SessionServices (190)
[2016.11.07-02.02.59:519][929]LogModuleManager: Shutting down and abandoning module ViewportSnapping (189)
[2016.11.07-02.02.59:519][929]LogModuleManager: Shutting down and abandoning module LogVisualizer (188)
[2016.11.07-02.02.59:536][929]LogModuleManager: Shutting down and abandoning module GameProjectGeneration (187)
[2016.11.07-02.02.59:561][929]LogModuleManager: Shutting down and abandoning module IntroTutorials (186)
[2016.11.07-02.02.59:572][929]LogModuleManager: Shutting down and abandoning module EditorLiveStreaming (185)
[2016.11.07-02.02.59:573][929]LogModuleManager: Shutting down and abandoning module IOSPlatformEditor (184)
[2016.11.07-02.02.59:573][929]LogModuleManager: Shutting down and abandoning module HTML5PlatformEditor (183)
[2016.11.07-02.02.59:573][929]LogModuleManager: Shutting down and abandoning module AndroidDeviceDetection (182)
[2016.11.07-02.03.00:137][929]LogModuleManager: Shutting down and abandoning module AndroidPlatformEditor (181)
[2016.11.07-02.03.00:137][929]LogModuleManager: Shutting down and abandoning module IOSRuntimeSettings (180)
[2016.11.07-02.03.00:138][929]LogModuleManager: Shutting down and abandoning module AndroidRuntimeSettings (179)
[2016.11.07-02.03.00:138][929]LogModuleManager: Shutting down and abandoning module MergeActors (178)
[2016.11.07-02.03.00:167][929]LogModuleManager: Shutting down and abandoning module SizeMap (177)
[2016.11.07-02.03.00:167][929]LogModuleManager: Shutting down and abandoning module TreeMap (176)
[2016.11.07-02.03.00:194][929]LogModuleManager: Shutting down and abandoning module ReferenceViewer (175)
[2016.11.07-02.03.00:194][929]LogModuleManager: Shutting down and abandoning module LocalizationService (174)
[2016.11.07-02.03.00:220][929]LogModuleManager: Shutting down and abandoning module LocalizationDashboard (173)
[2016.11.07-02.03.00:233][929]LogModuleManager: Shutting down and abandoning module HardwareTargeting (172)
[2016.11.07-02.03.00:233][929]LogModuleManager: Shutting down and abandoning module DeviceProfileEditor (171)
[2016.11.07-02.03.00:287][929]LogModuleManager: Shutting down and abandoning module UndoHistory (170)
[2016.11.07-02.03.00:379][929]LogModuleManager: Shutting down and abandoning module UserFeedback (169)
[2016.11.07-02.03.00:380][929]LogModuleManager: Shutting down and abandoning module XmlParser (168)
[2016.11.07-02.03.00:380][929]LogModuleManager: Shutting down and abandoning module Blutility (167)
[2016.11.07-02.03.00:380][929]LogModuleManager: Shutting down and abandoning module ProjectTargetPlatformEditor (166)
[2016.11.07-02.03.00:380][929]LogModuleManager: Shutting down and abandoning module ProjectSettingsViewer (165)
[2016.11.07-02.03.00:380][929]LogModuleManager: Shutting down and abandoning module InputBindingEditor (164)
[2016.11.07-02.03.00:411][929]LogModuleManager: Shutting down and abandoning module EditorSettingsViewer (163)
[2016.11.07-02.03.00:411][929]LogModuleManager: Shutting down and abandoning module SettingsEditor (162)
[2016.11.07-02.03.00:434][929]LogModuleManager: Shutting down and abandoning module ProjectLauncher (161)
[2016.11.07-02.03.00:470][929]LogModuleManager: Shutting down and abandoning module SessionFrontend (160)
[2016.11.07-02.03.00:496][929]LogModuleManager: Shutting down and abandoning module ProfilerClient (159)
[2016.11.07-02.03.00:635][929]LogModuleManager: Shutting down and abandoning module TargetDeviceServices (158)
[2016.11.07-02.03.00:635][929]LogModuleManager: Shutting down and abandoning module DeviceManager (157)
[2016.11.07-02.03.00:701][929]LogModuleManager: Shutting down and abandoning module AutomationController (156)
[2016.11.07-02.03.00:701][929]LogModuleManager: Shutting down and abandoning module AutomationWindow (155)
[2016.11.07-02.03.00:765][929]LogModuleManager: Shutting down and abandoning module Layers (154)
[2016.11.07-02.03.00:875][929]LogModuleManager: Shutting down and abandoning module ComponentVisualizers (153)
[2016.11.07-02.03.00:875][929]LogModuleManager: Shutting down and abandoning module DetailCustomizations (152)
[2016.11.07-02.03.00:875][929]LogModuleManager: Shutting down and abandoning module PackagesDialog (151)
[2016.11.07-02.03.00:903][929]LogModuleManager: Shutting down and abandoning module Persona (150)
[2016.11.07-02.03.01:083][929]LogModuleManager: Shutting down and abandoning module Kismet (149)
[2016.11.07-02.03.01:083][929]LogModuleManager: Shutting down and abandoning module GraphEditor (148)
[2016.11.07-02.03.01:083][929]LogModuleManager: Shutting down and abandoning module ClassViewer (147)
[2016.11.07-02.03.01:190][929]LogModuleManager: Shutting down and abandoning module Toolbox (146)
[2016.11.07-02.03.01:215][929]LogModuleManager: Shutting down and abandoning module ModuleUI (145)
[2016.11.07-02.03.01:318][929]LogModuleManager: Shutting down and abandoning module MovieSceneTools (144)
[2016.11.07-02.03.01:324][929]LogModuleManager: Shutting down and abandoning module OutputLog (143)
[2016.11.07-02.03.01:335][929]LogModuleManager: Shutting down and abandoning module GammaUI (142)
[2016.11.07-02.03.01:374][929]LogModuleManager: Shutting down and abandoning module Documentation (141)
[2016.11.07-02.03.01:374][929]LogModuleManager: Shutting down and abandoning module StreamingPauseRendering (140)
[2016.11.07-02.03.01:374][929]LogModuleManager: Shutting down and abandoning module AnalyticsET (139)
[2016.11.07-02.03.01:374][929]LogModuleManager: Shutting down and abandoning module Analytics (138)
[2016.11.07-02.03.01:374][929]LogModuleManager: Shutting down and abandoning module PortalServices (137)
[2016.11.07-02.03.01:374][929]LogModuleManager: Shutting down and abandoning module PortalRpc (136)
[2016.11.07-02.03.01:374][929]LogModuleManager: Shutting down and abandoning module MessagingRpc (135)
[2016.11.07-02.03.01:374][929]LogModuleManager: Shutting down and abandoning module GameplayDebugger (134)
[2016.11.07-02.03.01:406][929]LogModuleManager: Shutting down and abandoning module AITestSuite (133)
[2016.11.07-02.03.01:406][929]LogModuleManager: Shutting down and abandoning module AIModule (132)
[2016.11.07-02.03.01:406][929]LogModuleManager: Shutting down and abandoning module ProfilerService (131)
[2016.11.07-02.03.01:486][929]LogModuleManager: Shutting down and abandoning module TaskGraph (130)
[2016.11.07-02.03.01:519][929]LogModuleManager: Shutting down and abandoning module SlateRemote (129)
[2016.11.07-02.03.01:519][929]LogModuleManager: Shutting down and abandoning module SteamVRController (128)
[2016.11.07-02.03.01:519][929]LogModuleManager: Shutting down and abandoning module SteamVR (127)
[2016.11.07-02.03.01:519][929]LogModuleManager: Shutting down and abandoning module ProceduralMeshComponent (126)
[2016.11.07-02.03.01:519][929]LogModuleManager: Shutting down and abandoning module OculusLibrary (125)
[2016.11.07-02.03.01:519][929]LogModuleManager: Shutting down and abandoning module OculusInput (124)
[2016.11.07-02.03.01:519][929]LogModuleManager: Shutting down and abandoning module CustomMeshComponent (123)
[2016.11.07-02.03.01:519][929]LogModuleManager: Shutting down and abandoning module CableComponent (122)
[2016.11.07-02.03.01:519][929]LogModuleManager: Shutting down and abandoning module ArchVisCharacter (121)
[2016.11.07-02.03.01:519][929]LogModuleManager: Shutting down and abandoning module MediaPlayerEditor (120)
[2016.11.07-02.03.01:915][929]LogModuleManager: Shutting down and abandoning module HTML5Networking (119)
[2016.11.07-02.03.01:915][929]LogModuleManager: Shutting down and abandoning module SuperSearch (118)
[2016.11.07-02.03.01:915][929]LogModuleManager: Shutting down and abandoning module SuperSearchEditor (117)
[2016.11.07-02.03.01:915][929]LogModuleManager: Shutting down and abandoning module SpeedTreeImporter (116)
[2016.11.07-02.03.01:915][929]LogModuleManager: Shutting down and abandoning module PluginBrowser (115)
[2016.11.07-02.03.01:915][929]LogModuleManager: Shutting down and abandoning module EpicSurvey (114)
[2016.11.07-02.03.01:915][929]LogModuleManager: Shutting down and abandoning module DesktopPlatform (113)
[2016.11.07-02.03.01:915][929]LogModuleManager: Shutting down and abandoning module VisualStudioSourceCodeAccess (112)
[2016.11.07-02.03.01:915][929]LogModuleManager: Shutting down and abandoning module UObjectPlugin (111)
[2016.11.07-02.03.01:915][929]LogModuleManager: Shutting down and abandoning module SubversionSourceControl (110)
[2016.11.07-02.03.01:915][929]LogModuleManager: Shutting down and abandoning module PerforceSourceControl (109)
[2016.11.07-02.03.01:915][929]LogModuleManager: Shutting down and abandoning module SourceControl (108)
[2016.11.07-02.03.01:937][929]LogModuleManager: Shutting down and abandoning module GitSourceControl (107)
[2016.11.07-02.03.01:937][929]LogModuleManager: Shutting down and abandoning module LightPropagationVolumeEditor (106)
[2016.11.07-02.03.01:937][929]LogModuleManager: Shutting down and abandoning module PaperTiledImporter (105)
[2016.11.07-02.03.01:937][929]LogModuleManager: Shutting down and abandoning module PaperSpriteSheetImporter (104)
[2016.11.07-02.03.01:937][929]LogModuleManager: Shutting down and abandoning module MeshPaint (103)
[2016.11.07-02.03.01:937][929]LogModuleManager: Shutting down and abandoning module PixelInspectorModule (102)
[2016.11.07-02.03.01:937][929]LogModuleManager: Shutting down and abandoning module HotReload (101)
[2016.11.07-02.03.01:937][929]LogModuleManager: Shutting down and abandoning module MainFrame (100)
[2016.11.07-02.03.01:937][929]LogModuleManager: Shutting down and abandoning module LevelEditor (99)
[2016.11.07-02.03.01:939][929]LogModuleManager: Shutting down and abandoning module ContentBrowser (98)
[2016.11.07-02.03.01:941][929]LogModuleManager: Shutting down and abandoning module Paper2DEditor (97)
[2016.11.07-02.03.01:957][929]LogModuleManager: Shutting down and abandoning module UdpMessaging (96)
[2016.11.07-02.03.02:057][929]LogModuleManager: Shutting down and abandoning module LightPropagationVolumeRuntime (95)
[2016.11.07-02.03.02:057][929]LogModuleManager: Shutting down and abandoning module Paper2D (94)
[2016.11.07-02.03.02:057][929]LogModuleManager: Shutting down and abandoning module WindowsMoviePlayer (93)
[2016.11.07-02.03.02:057][929]LogModuleManager: Shutting down and abandoning module Media (92)
[2016.11.07-02.03.02:057][929]LogModuleManager: Shutting down and abandoning module WmfMedia (91)
[2016.11.07-02.03.02:105][929]LogModuleManager: Shutting down and abandoning module MediaAssets (90)
[2016.11.07-02.03.02:105][929]LogModuleManager: Shutting down and abandoning module GameLiveStreaming (89)
[2016.11.07-02.03.02:106][929]LogModuleManager: Shutting down and abandoning module GameplayTagsEditor (88)
[2016.11.07-02.03.02:106][929]LogModuleManager: Shutting down and abandoning module OnlineBlueprintSupport (87)
[2016.11.07-02.03.02:106][929]LogModuleManager: Shutting down and abandoning module VREditor (86)
[2016.11.07-02.03.02:131][929]LogModuleManager: Shutting down and abandoning module GameplayTasksEditor (85)
[2016.11.07-02.03.02:131][929]LogModuleManager: Shutting down and abandoning module PropertyEditor (84)
[2016.11.07-02.03.02:131][929]LogModuleManager: Shutting down and abandoning module BehaviorTreeEditor (83)
[2016.11.07-02.03.02:229][929]LogModuleManager: Shutting down and abandoning module FunctionalTesting (82)
[2016.11.07-02.03.02:264][929]LogModuleManager: Shutting down and abandoning module CollisionAnalyzer (81)
[2016.11.07-02.03.02:286][929]LogModuleManager: Shutting down and abandoning module Sequencer (80)
[2016.11.07-02.03.02:404][929]LogModuleManager: Shutting down and abandoning module WorkspaceMenuStructure (79)
[2016.11.07-02.03.02:404][929]LogModuleManager: Shutting down and abandoning module MessageLog (78)
[2016.11.07-02.03.02:404][929]LogModuleManager: Shutting down and abandoning module AssetTools (77)
[2016.11.07-02.03.02:475][929]LogModuleManager: Shutting down and abandoning module UMGEditor (76)
[2016.11.07-02.03.02:549][929]LogModuleManager: Shutting down and abandoning module UMG (75)
[2016.11.07-02.03.02:550][929]LogModuleManager: Shutting down and abandoning module SlateReflector (74)
[2016.11.07-02.03.02:559][929]LogModuleManager: Shutting down and abandoning module Slate (73)
[2016.11.07-02.03.02:559][929]LogModuleManager: Shutting down and abandoning module EditorStyle (72)
[2016.11.07-02.03.02:563][929]LogModuleManager: Shutting down and abandoning module SourceCodeAccess (71)
[2016.11.07-02.03.02:563][929]LogModuleManager: Shutting down and abandoning module HeadMountedDisplay (70)
[2016.11.07-02.03.02:564][929]LogModuleManager: Shutting down and abandoning module XAudio2 (69)
[2016.11.07-02.03.02:564][929]LogModuleManager: Shutting down and abandoning module Networking (68)
[2016.11.07-02.03.02:564][929]LogModuleManager: Shutting down and abandoning module Core (67)
[2016.11.07-02.03.02:564][929]LogModuleManager: Shutting down and abandoning module DirectoryWatcher (66)
[2016.11.07-02.03.02:572][929]LogModuleManager: Shutting down and abandoning module AssetRegistry (65)
[2016.11.07-02.03.02:941][929]LogModuleManager: Shutting down and abandoning module KismetCompiler (64)
[2016.11.07-02.03.02:941][929]LogModuleManager: Shutting down and abandoning module PhysXFormats (63)
[2016.11.07-02.03.02:941][929]LogModuleManager: Shutting down and abandoning module MeshUtilities (62)
[2016.11.07-02.03.03:147][929]LogModuleManager: Shutting down and abandoning module DerivedDataCache (61)
[2016.11.07-02.03.03:245][929]LogDerivedDataCache: Shutdown
[2016.11.07-02.03.03:245][929]LogModuleManager: Shutting down and abandoning module VulkanShaderFormat (60)
[2016.11.07-02.03.03:319][929]LogModuleManager: Shutting down and abandoning module ShaderFormatOpenGL (59)
[2016.11.07-02.03.03:362][929]LogModuleManager: Shutting down and abandoning module ShaderFormatD3D (58)
[2016.11.07-02.03.03:362][929]LogModuleManager: Shutting down and abandoning module MetalShaderFormat (57)
[2016.11.07-02.03.03:470][929]LogModuleManager: Shutting down and abandoning module TextureFormatUncompressed (56)
[2016.11.07-02.03.03:470][929]LogModuleManager: Shutting down and abandoning module TextureFormatPVR (55)
[2016.11.07-02.03.03:470][929]LogModuleManager: Shutting down and abandoning module TextureFormatIntelISPCTexComp (54)
[2016.11.07-02.03.03:520][929]LogModuleManager: Shutting down and abandoning module TextureFormatDXT (53)
[2016.11.07-02.03.03:520][929]LogModuleManager: Shutting down and abandoning module ImageWrapper (52)
[2016.11.07-02.03.03:520][929]LogModuleManager: Shutting down and abandoning module TextureFormatASTC (51)
[2016.11.07-02.03.03:520][929]LogModuleManager: Shutting down and abandoning module TextureFormatAndroid (50)
[2016.11.07-02.03.03:520][929]LogModuleManager: Shutting down and abandoning module AudioFormatOpus (49)
[2016.11.07-02.03.03:520][929]LogModuleManager: Shutting down and abandoning module AudioFormatOgg (48)
[2016.11.07-02.03.03:520][929]LogModuleManager: Shutting down and abandoning module AudioFormatADPCM (47)
[2016.11.07-02.03.03:520][929]LogModuleManager: Shutting down and abandoning module LinuxTargetPlatform (46)
[2016.11.07-02.03.03:520][929]LogModuleManager: Shutting down and abandoning module LinuxServerTargetPlatform (45)
[2016.11.07-02.03.03:520][929]LogModuleManager: Shutting down and abandoning module LinuxNoEditorTargetPlatform (44)
[2016.11.07-02.03.03:520][929]LogModuleManager: Shutting down and abandoning module TVOSTargetPlatform (43)
[2016.11.07-02.03.03:520][929]LogModuleManager: Shutting down and abandoning module Messaging (42)
[2016.11.07-02.03.03:520][929]LogModuleManager: Shutting down and abandoning module IOSTargetPlatform (41)
[2016.11.07-02.03.03:520][929]LogModuleManager: Shutting down and abandoning module HTML5TargetPlatform (40)
[2016.11.07-02.03.03:520][929]LogModuleManager: Shutting down and abandoning module Android_PVRTCTargetPlatform (39)
[2016.11.07-02.03.03:520][929]LogModuleManager: Shutting down and abandoning module Android_MultiTargetPlatform (38)
[2016.11.07-02.03.03:520][929]LogModuleManager: Shutting down and abandoning module Android_ETC2TargetPlatform (37)
[2016.11.07-02.03.03:520][929]LogModuleManager: Shutting down and abandoning module Android_ETC1TargetPlatform (36)
[2016.11.07-02.03.03:520][929]LogModuleManager: Shutting down and abandoning module Android_DXTTargetPlatform (35)
[2016.11.07-02.03.03:520][929]LogModuleManager: Shutting down and abandoning module Android_ATCTargetPlatform (34)
[2016.11.07-02.03.03:520][929]LogModuleManager: Shutting down and abandoning module Android_ASTCTargetPlatform (33)
[2016.11.07-02.03.03:520][929]LogModuleManager: Shutting down and abandoning module AndroidTargetPlatform (32)
[2016.11.07-02.03.03:520][929]LogModuleManager: Shutting down and abandoning module WindowsTargetPlatform (31)
[2016.11.07-02.03.03:520][929]LogModuleManager: Shutting down and abandoning module WindowsServerTargetPlatform (30)
[2016.11.07-02.03.03:520][929]LogModuleManager: Shutting down and abandoning module WindowsNoEditorTargetPlatform (29)
[2016.11.07-02.03.03:520][929]LogModuleManager: Shutting down and abandoning module WindowsClientTargetPlatform (28)
[2016.11.07-02.03.03:520][929]LogModuleManager: Shutting down and abandoning module AllDesktopTargetPlatform (27)
[2016.11.07-02.03.03:520][929]LogModuleManager: Shutting down and abandoning module TargetPlatform (26)
[2016.11.07-02.03.03:520][929]LogModuleManager: Shutting down and abandoning module InputCore (25)
[2016.11.07-02.03.03:520][929]LogModuleManager: Shutting down and abandoning module Settings (24)
[2016.11.07-02.03.03:520][929]LogModuleManager: Shutting down and abandoning module Voice (22)
[2016.11.07-02.03.03:563][929]LogModuleManager: Shutting down and abandoning module OnlineSubsystem (19)
[2016.11.07-02.03.03:564][929]LogOnline:Display: NULL: FOnlineSubsystemNull::Shutdown()
[2016.11.07-02.03.03:649][929]LogOnline:Display: Unloading online subsystem: NULL
[2016.11.07-02.03.03:650][929]LogModuleManager: Shutting down and abandoning module HTTP (18)
[2016.11.07-02.03.08:161][929]LogModuleManager: Shutting down and abandoning module XMPP (17)
[2016.11.07-02.03.08:215][929]LogModuleManager: Shutting down and abandoning module OculusRift (16)
[2016.11.07-02.03.08:262][929]LogModuleManager: Shutting down and abandoning module ExampleDeviceProfileSelector (15)
[2016.11.07-02.03.08:262][929]LogModuleManager: Shutting down and abandoning module TextureCompressor (14)
[2016.11.07-02.03.08:322][929]LogModuleManager: Shutting down and abandoning module ShaderCore (13)
[2016.11.07-02.03.08:322][929]LogModuleManager: Shutting down and abandoning module Landscape (12)
[2016.11.07-02.03.08:322][929]LogModuleManager: Shutting down and abandoning module SlateRHIRenderer (11)
[2016.11.07-02.03.08:358][929]LogModuleManager: Shutting down and abandoning module OpenGLDrv (10)
[2016.11.07-02.03.08:380][929]LogModuleManager: Shutting down and abandoning module D3D11RHI (9)
[2016.11.07-02.03.08:380][929]LogModuleManager: Shutting down and abandoning module AnimGraphRuntime (8)
[2016.11.07-02.03.08:380][929]LogModuleManager: Shutting down and abandoning module Renderer (7)
[2016.11.07-02.03.08:380][929]LogModuleManager: Shutting down and abandoning module Engine (6)
[2016.11.07-02.03.08:380][929]LogModuleManager: Shutting down and abandoning module CoreUObject (5)
[2016.11.07-02.03.08:380][929]LogModuleManager: Shutting down and abandoning module NetworkFile (4)
[2016.11.07-02.03.08:424][929]LogModuleManager: Shutting down and abandoning module StreamingFile (3)
[2016.11.07-02.03.08:424][929]LogModuleManager: Shutting down and abandoning module SandboxFile (2)
[2016.11.07-02.03.08:424][929]LogModuleManager: Shutting down and abandoning module PakFile (1)
[2016.11.07-02.03.08:425][929]LogExit: Exiting.
[2016.11.07-02.03.08:429][929]Log file closed, 11/06/16 20:03:08
