"C:/Users/Kevin/Desktop/OnlineProject/OnlineProject.uproject" 1
"../../../Engine/Plugins/2D/Paper2D/Paper2D.uplugin" 2
"../../../Engine/Plugins/Blendables/LightPropagationVolume/LightPropagationVolume.uplugin" 3
"../../../Engine/Plugins/Developer/BlankPlugin/BlankPlugin.uplugin" 4
"../../../Engine/Plugins/Developer/CodeLiteSourceCodeAccess/CodeLiteSourceCodeAccess.uplugin" 5
"../../../Engine/Plugins/Developer/GitSourceControl/GitSourceControl.uplugin" 6
"../../../Engine/Plugins/Developer/KDevelopSourceCodeAccess/KDevelopSourceCodeAccess.uplugin" 7
"../../../Engine/Plugins/Developer/NullSourceCodeAccess/NullSourceCodeAccess.uplugin" 8
"../../../Engine/Plugins/Developer/OneSkyLocalizationService/OneSkyLocalizationService.uplugin" 9
"../../../Engine/Plugins/Developer/PerforceSourceControl/PerforceSourceControl.uplugin" 10
"../../../Engine/Plugins/Developer/SubversionSourceControl/SubversionSourceControl.uplugin" 11
"../../../Engine/Plugins/Developer/UObjectPlugin/UObjectPlugin.uplugin" 12
"../../../Engine/Plugins/Developer/VisualStudioSourceCodeAccess/VisualStudioSourceCodeAccess.uplugin" 13
"../../../Engine/Plugins/Developer/XCodeSourceCodeAccess/XCodeSourceCodeAccess.uplugin" 14
"../../../Engine/Plugins/Editor/EpicSurvey/EpicSurvey.uplugin" 15
"../../../Engine/Plugins/Editor/MacGraphicsSwitching/MacGraphicsSwitching.uplugin" 16
"../../../Engine/Plugins/Editor/PluginBrowser/PluginBrowser.uplugin" 17
"../../../Engine/Plugins/Editor/SpeedTreeImporter/SpeedTreeImporter.uplugin" 18
"../../../Engine/Plugins/Editor/SuperSearchEditor/SuperSearchEditor.uplugin" 19
"../../../Engine/Plugins/Experimental/BlueprintStats/BlueprintStats.uplugin" 20
"../../../Engine/Plugins/Experimental/CharacterAI/CharacterAI.uplugin" 21
"../../../Engine/Plugins/Experimental/CodeEditor/CodeEditor.uplugin" 22
"../../../Engine/Plugins/Experimental/CodeView/CodeView.uplugin" 23
"../../../Engine/Plugins/Experimental/HTML5Networking/HTML5Networking.uplugin" 24
"../../../Engine/Plugins/Experimental/LiveEditor/LiveEditor.uplugin" 25
"../../../Engine/Plugins/Experimental/OSVR/OSVR.uplugin" 26
"../../../Engine/Plugins/Experimental/Phya/Phya.uplugin" 27
"../../../Engine/Plugins/Experimental/SignificanceManager/SignificanceManager.uplugin" 28
"../../../Engine/Plugins/Experimental/SimpleHMD/SimpleHMD.uplugin" 29
"../../../Engine/Plugins/Experimental/StereoPanorama/StereoPanorama.uplugin" 30
"../../../Engine/Plugins/Experimental/StructBox/StructBox.uplugin" 31
"../../../Engine/Plugins/Marketplace/Substance/Substance.uplugin" 32
"../../../Engine/Plugins/Media/AndroidMedia/AndroidMedia.uplugin" 33
"../../../Engine/Plugins/Media/AvfMedia/AvfMedia.uplugin" 34
"../../../Engine/Plugins/Media/MediaPlayerEditor/MediaPlayerEditor.uplugin" 35
"../../../Engine/Plugins/Media/WmfMedia/WmfMedia.uplugin" 36
"../../../Engine/Plugins/Messaging/MessagingDebugger/MessagingDebugger.uplugin" 37
"../../../Engine/Plugins/Messaging/UdpMessaging/UdpMessaging.uplugin" 38
"../../../Engine/Plugins/MovieScene/LevelSequenceEditor/LevelSequenceEditor.uplugin" 39
"../../../Engine/Plugins/MovieScene/MatineeToLevelSequence/MatineeToLevelSequence.uplugin" 40
"../../../Engine/Plugins/NetcodeUnitTest/NetcodeUnitTest/NetcodeUnitTest.uplugin" 41
"../../../Engine/Plugins/NetcodeUnitTest/NUTUnrealEngine4/NUTUnrealEngine4.uplugin" 42
"../../../Engine/Plugins/Runtime/Advertising/IOSTapJoy/IOSTapJoy.uplugin" 43
"../../../Engine/Plugins/Runtime/Analytics/AnalyticsBlueprintLibrary/AnalyticsBlueprintLibrary.uplugin" 44
"../../../Engine/Plugins/Runtime/Analytics/AnalyticsMulticast/AnalyticsMulticast.uplugin" 45
"../../../Engine/Plugins/Runtime/Analytics/Apsalar/Apsalar.uplugin" 46
"../../../Engine/Plugins/Runtime/Analytics/FileLogging/FileLogging.uplugin" 47
"../../../Engine/Plugins/Runtime/Analytics/Flurry/Flurry.uplugin" 48
"../../../Engine/Plugins/Runtime/AndroidDeviceProfileSelector/AndroidDeviceProfileSelector.uplugin" 49
"../../../Engine/Plugins/Runtime/AndroidMoviePlayer/AndroidMoviePlayer.uplugin" 50
"../../../Engine/Plugins/Runtime/AppleMoviePlayer/AppleMoviePlayer.uplugin" 51
"../../../Engine/Plugins/Runtime/ArchVisCharacter/ArchVisCharacter.uplugin" 52
"../../../Engine/Plugins/Runtime/CableComponent/CableComponent.uplugin" 53
"../../../Engine/Plugins/Runtime/CustomMeshComponent/CustomMeshComponent.uplugin" 54
"../../../Engine/Plugins/Runtime/ExampleDeviceProfileSelector/ExampleDeviceProfileSelector.uplugin" 55
"../../../Engine/Plugins/Runtime/GearVR/GearVR.uplugin" 56
"../../../Engine/Plugins/Runtime/GoogleVR/GoogleVRController/GoogleVRController.uplugin" 57
"../../../Engine/Plugins/Runtime/GoogleVR/GoogleVRHMD/GoogleVRHMD.uplugin" 58
"../../../Engine/Plugins/Runtime/IOSDeviceProfileSelector/IOSDeviceProfileSelector.uplugin" 59
"../../../Engine/Plugins/Runtime/LeapMotion/LeapMotion.uplugin" 60
"../../../Engine/Plugins/Runtime/LinuxDeviceProfileSelector/LinuxDeviceProfileSelector.uplugin" 61
"../../../Engine/Plugins/Runtime/LiveEditorListenServer/LiveEditorListenServer.uplugin" 62
"../../../Engine/Plugins/Runtime/OculusAudio/OculusAudio.uplugin" 63
"../../../Engine/Plugins/Runtime/OculusInput/OculusInput.uplugin" 64
"../../../Engine/Plugins/Runtime/OculusLibrary/OculusLibrary.uplugin" 65
"../../../Engine/Plugins/Runtime/OculusRift/OculusRift.uplugin" 66
"../../../Engine/Plugins/Runtime/PacketHandlers/CompressionComponents/Oodle/Oodle.uplugin" 67
"../../../Engine/Plugins/Runtime/ProceduralMeshComponent/ProceduralMeshComponent.uplugin" 68
"../../../Engine/Plugins/Runtime/SoundMod/SoundMod.uplugin" 69
"../../../Engine/Plugins/Runtime/SoundVisualizations/SoundVisualizations.uplugin" 70
"../../../Engine/Plugins/Runtime/Steam/SteamController/SteamController.uplugin" 71
"../../../Engine/Plugins/Runtime/Steam/SteamVR/SteamVR.uplugin" 72
"../../../Engine/Plugins/Runtime/WebBrowserWidget/WebBrowserWidget.uplugin" 73
"../../../Engine/Plugins/Runtime/WindowsDeviceProfileSelector/WindowsDeviceProfileSelector.uplugin" 74
"../../../Engine/Plugins/Runtime/WindowsMoviePlayer/WindowsMoviePlayer.uplugin" 75
"../../../Engine/Plugins/ScriptPlugin/ScriptPlugin.uplugin" 76
"../../../Engine/Plugins/Slate/SlateRemote/SlateRemote.uplugin" 77
"..\..\..\Engine\Content\Internationalization\icudt53l\cnvalias.icu" 78
"..\..\..\Engine\Content\Internationalization\icudt53l\res_index.res" 79
"..\..\..\Engine\Content\Internationalization\icudt53l\en_US_POSIX.res" 80
"..\..\..\Engine\Content\Internationalization\icudt53l\pool.res" 81
"..\..\..\Engine\Content\Internationalization\icudt53l\en_US.res" 82
"..\..\..\Engine\Content\Internationalization\icudt53l\en.res" 83
"..\..\..\Engine\Content\Internationalization\icudt53l\root.res" 84
"..\..\..\Engine\Content\Internationalization\icudt53l\lang\es_MX.res" 85
"..\..\..\Engine\Content\Internationalization\icudt53l\lang\pool.res" 86
"..\..\..\Engine\Content\Internationalization\icudt53l\lang\es_419.res" 87
"..\..\..\Engine\Content\Internationalization\icudt53l\lang\es.res" 88
"..\..\..\Engine\Content\Internationalization\icudt53l\lang\root.res" 89
"..\..\..\Engine\Content\Internationalization\icudt53l\region\es_MX.res" 90
"..\..\..\Engine\Content\Internationalization\icudt53l\region\pool.res" 91
"..\..\..\Engine\Content\Internationalization\icudt53l\region\es.res" 92
"..\..\..\Engine\Content\Internationalization\icudt53l\region\root.res" 93
"..\..\..\Engine\Content\Internationalization\icudt53l\lang\en.res" 94
"..\..\..\Engine\Content\Internationalization\icudt53l\region\en.res" 95
"..\..\..\Engine\Content\Internationalization\icudt53l\es_MX.res" 96
"..\..\..\Engine\Content\Internationalization\icudt53l\es_419.res" 97
"..\..\..\Engine\Content\Internationalization\icudt53l\es.res" 98
"C:/Users/Kevin/AppData/Local/UnrealEngine/4.12/Saved/Config/Windows/Manifest.ini" 99
"../../../Engine/Config/Base.ini" 100
"../../../Engine/Config/BaseEngine.ini" 101
"C:/Users/Kevin/Desktop/OnlineProject/Config/DefaultEngine.ini" 102
"../../../Engine/Config/Windows/WindowsEngine.ini" 103
"C:/Users/Kevin/Desktop/OnlineProject/Saved/Config/Windows/Engine.ini" 104
"../../../../../../Users/Kevin/Desktop/OnlineProject/Intermediate/Config/CoalescedSourceConfigs/Engine.ini" 105
"../../../Engine/Config/BaseGame.ini" 106
"C:/Users/Kevin/Desktop/OnlineProject/Config/DefaultGame.ini" 107
"C:/Users/Kevin/Desktop/OnlineProject/Saved/Config/Windows/Game.ini" 108
"../../../../../../Users/Kevin/Desktop/OnlineProject/Intermediate/Config/CoalescedSourceConfigs/Game.ini" 109
"../../../Engine/Config/BaseInput.ini" 110
"C:/Users/Kevin/Desktop/OnlineProject/Config/DefaultInput.ini" 111
"C:/Users/Kevin/Desktop/OnlineProject/Saved/Config/Windows/Input.ini" 112
"../../../../../../Users/Kevin/Desktop/OnlineProject/Intermediate/Config/CoalescedSourceConfigs/Input.ini" 113
"../../../Engine/Config/BaseEditor.ini" 114
"C:/Users/Kevin/Desktop/OnlineProject/Config/DefaultEditor.ini" 115
"C:/Users/Kevin/Desktop/OnlineProject/Saved/Config/Windows/Editor.ini" 116
"../../../../../../Users/Kevin/Desktop/OnlineProject/Intermediate/Config/CoalescedSourceConfigs/Editor.ini" 117
"../../../../../../Users/Kevin/Desktop/OnlineProject/Saved/Config/Windows/EditorUserSettings.ini" 118
"../../../Engine/Config/BaseEditorPerProjectUserSettings.ini" 119
"C:/Users/Kevin/Desktop/OnlineProject/Config/DefaultEditorPerProjectUserSettings.ini" 120
"C:/Users/Kevin/Desktop/OnlineProject/Saved/Config/Windows/EditorPerProjectUserSettings.ini" 121
"../../../../../../Users/Kevin/Desktop/OnlineProject/Intermediate/Config/CoalescedSourceConfigs/EditorPerProjectUserSettings.ini" 122
"../../../Engine/Config/BaseEditorSettings.ini" 123
"C:/Users/Kevin/AppData/Local/UnrealEngine/4.12/Saved/Config/Windows/EditorSettings.ini" 124
"../../../../../../Users/Kevin/Desktop/OnlineProject/Intermediate/Config/CoalescedSourceConfigs/EditorSettings.ini" 125
"../../../Engine/Config/BaseEditorLayout.ini" 126
"C:/Users/Kevin/AppData/Local/UnrealEngine/4.12/Saved/Config/Windows/EditorLayout.ini" 127
"../../../../../../Users/Kevin/Desktop/OnlineProject/Intermediate/Config/CoalescedSourceConfigs/EditorLayout.ini" 128
"../../../Engine/Config/BaseEditorKeyBindings.ini" 129
"C:/Users/Kevin/AppData/Local/UnrealEngine/4.12/Saved/Config/Windows/EditorKeyBindings.ini" 130
"../../../../../../Users/Kevin/Desktop/OnlineProject/Intermediate/Config/CoalescedSourceConfigs/EditorKeyBindings.ini" 131
"../../../Engine/Config/BaseCompat.ini" 132
"C:/Users/Kevin/Desktop/OnlineProject/Saved/Config/Windows/Compat.ini" 133
"../../../../../../Users/Kevin/Desktop/OnlineProject/Intermediate/Config/CoalescedSourceConfigs/Compat.ini" 134
"../../../Engine/Config/BaseLightmass.ini" 135
"C:/Users/Kevin/Desktop/OnlineProject/Saved/Config/Windows/Lightmass.ini" 136
"../../../../../../Users/Kevin/Desktop/OnlineProject/Intermediate/Config/CoalescedSourceConfigs/Lightmass.ini" 137
"../../../Engine/Config/BaseScalability.ini" 138
"C:/Users/Kevin/Desktop/OnlineProject/Saved/Config/Windows/Scalability.ini" 139
"../../../../../../Users/Kevin/Desktop/OnlineProject/Intermediate/Config/CoalescedSourceConfigs/Scalability.ini" 140
"../../../Engine/Config/BaseHardware.ini" 141
"C:/Users/Kevin/Desktop/OnlineProject/Saved/Config/Windows/Hardware.ini" 142
"../../../../../../Users/Kevin/Desktop/OnlineProject/Intermediate/Config/CoalescedSourceConfigs/Hardware.ini" 143
"C:/Users/Kevin/Desktop/OnlineProject/Saved/Config/Windows/GameUserSettings.ini" 144
"../../../../../../Users/Kevin/Desktop/OnlineProject/Intermediate/Config/CoalescedSourceConfigs/GameUserSettings.ini" 145
